[2026-04-09T21:30:20.149+0000] {taskinstance.py:1956} INFO - Dependencies all met for dep_context=non-requeueable deps ti=<TaskInstance: daily_football_ingestion.ingest_standings manual__2026-04-09T21:30:18.352670+00:00 [queued]>
[2026-04-09T21:30:20.161+0000] {taskinstance.py:1956} INFO - Dependencies all met for dep_context=requeueable deps ti=<TaskInstance: daily_football_ingestion.ingest_standings manual__2026-04-09T21:30:18.352670+00:00 [queued]>
[2026-04-09T21:30:20.162+0000] {taskinstance.py:2170} INFO - Starting attempt 1 of 2
[2026-04-09T21:30:20.181+0000] {taskinstance.py:2191} INFO - Executing <Task(PythonOperator): ingest_standings> on 2026-04-09 21:30:18.352670+00:00
[2026-04-09T21:30:20.193+0000] {standard_task_runner.py:60} INFO - Started process 268 to run task
[2026-04-09T21:30:20.203+0000] {standard_task_runner.py:87} INFO - Running: ['***', 'tasks', 'run', 'daily_football_ingestion', 'ingest_standings', 'manual__2026-04-09T21:30:18.352670+00:00', '--job-id', '7', '--raw', '--subdir', 'DAGS_FOLDER/daily_ingestion.py', '--cfg-path', '/tmp/tmpu7xzkdyi']
[2026-04-09T21:30:20.209+0000] {standard_task_runner.py:88} INFO - Job 7: Subtask ingest_standings
[2026-04-09T21:30:20.318+0000] {task_command.py:423} INFO - Running <TaskInstance: daily_football_ingestion.ingest_standings manual__2026-04-09T21:30:18.352670+00:00 [running]> on host a2250537e0c4
[2026-04-09T21:30:20.467+0000] {taskinstance.py:2480} INFO - Exporting env vars: AIRFLOW_CTX_DAG_OWNER='***' AIRFLOW_CTX_DAG_ID='daily_football_ingestion' AIRFLOW_CTX_TASK_ID='ingest_standings' AIRFLOW_CTX_EXECUTION_DATE='2026-04-09T21:30:18.352670+00:00' AIRFLOW_CTX_TRY_NUMBER='1' AIRFLOW_CTX_DAG_RUN_ID='manual__2026-04-09T21:30:18.352670+00:00'
[2026-04-09T21:30:20.470+0000] {logging_mixin.py:188} INFO - Extracting standings: premier_league...
[2026-04-09T21:30:20.663+0000] {logging_mixin.py:188} INFO -   → 20 teams found
[2026-04-09T21:30:20.664+0000] {logging_mixin.py:188} INFO - Extracting standings: la_liga...
[2026-04-09T21:30:20.860+0000] {logging_mixin.py:188} INFO -   → 20 teams found
[2026-04-09T21:30:20.867+0000] {logging_mixin.py:188} INFO - Extracting standings: liga_portugal...
[2026-04-09T21:30:21.091+0000] {logging_mixin.py:188} INFO -   → 18 teams found
[2026-04-09T21:30:21.092+0000] {logging_mixin.py:188} INFO - 
Total: 58 extracted rows
[2026-04-09T21:30:21.093+0000] {logging_mixin.py:188} INFO - Loading to BigQuery...
[2026-04-09T21:30:25.144+0000] {logging_mixin.py:188} INFO - Loaded 58 rows into football-analytics-492122.raw.standings
[2026-04-09T21:30:25.145+0000] {python.py:201} INFO - Done. Returned value was: None
[2026-04-09T21:30:25.162+0000] {taskinstance.py:1138} INFO - Marking task as SUCCESS. dag_id=daily_football_ingestion, task_id=ingest_standings, execution_date=20260409T213018, start_date=20260409T213020, end_date=20260409T213025
[2026-04-09T21:30:25.224+0000] {local_task_job_runner.py:234} INFO - Task exited with return code 0
[2026-04-09T21:30:25.259+0000] {taskinstance.py:3280} INFO - 0 downstream tasks scheduled from follow-on schedule check
