[2026-04-09T18:49:10.351+0000] {manager.py:469} INFO - Processing files using up to 2 processes at a time 
[2026-04-09T18:49:10.353+0000] {manager.py:470} INFO - Process each file at most once every 30 seconds
[2026-04-09T18:49:10.355+0000] {manager.py:471} INFO - Checking for new files in /opt/airflow/dags every 300 seconds
[2026-04-09T18:49:10.357+0000] {manager.py:738} INFO - Searching for files in /opt/airflow/dags
[2026-04-09T18:49:10.382+0000] {manager.py:741} INFO - There are 0 files in /opt/airflow/dags
[2026-04-09T18:54:10.637+0000] {manager.py:738} INFO - Searching for files in /opt/airflow/dags
[2026-04-09T18:54:10.653+0000] {manager.py:741} INFO - There are 0 files in /opt/airflow/dags
[2026-04-09T18:59:10.677+0000] {manager.py:738} INFO - Searching for files in /opt/airflow/dags
[2026-04-09T18:59:10.696+0000] {manager.py:741} INFO - There are 0 files in /opt/airflow/dags
[2026-04-09T19:04:11.552+0000] {manager.py:738} INFO - Searching for files in /opt/airflow/dags
[2026-04-09T19:04:11.587+0000] {manager.py:741} INFO - There are 0 files in /opt/airflow/dags
[2026-04-09T19:09:12.544+0000] {manager.py:738} INFO - Searching for files in /opt/airflow/dags
[2026-04-09T19:09:12.557+0000] {manager.py:741} INFO - There are 0 files in /opt/airflow/dags
[2026-04-09T19:14:12.881+0000] {manager.py:738} INFO - Searching for files in /opt/airflow/dags
[2026-04-09T19:14:12.904+0000] {manager.py:741} INFO - There are 0 files in /opt/airflow/dags
[2026-04-09T19:19:12.910+0000] {manager.py:738} INFO - Searching for files in /opt/airflow/dags
[2026-04-09T19:19:12.933+0000] {manager.py:741} INFO - There are 0 files in /opt/airflow/dags
[2026-04-09T19:24:13.592+0000] {manager.py:738} INFO - Searching for files in /opt/airflow/dags
[2026-04-09T19:24:13.607+0000] {manager.py:741} INFO - There are 0 files in /opt/airflow/dags
[2026-04-09T19:29:13.873+0000] {manager.py:738} INFO - Searching for files in /opt/airflow/dags
[2026-04-09T19:29:13.880+0000] {manager.py:741} INFO - There are 0 files in /opt/airflow/dags
[2026-04-09T19:34:14.451+0000] {manager.py:738} INFO - Searching for files in /opt/airflow/dags
[2026-04-09T19:34:14.458+0000] {manager.py:741} INFO - There are 0 files in /opt/airflow/dags
[2026-04-09T19:41:06.819+0000] {manager.py:738} INFO - Searching for files in /opt/airflow/dags
[2026-04-09T19:41:06.837+0000] {manager.py:741} INFO - There are 0 files in /opt/airflow/dags
[2026-04-09T19:46:07.541+0000] {manager.py:738} INFO - Searching for files in /opt/airflow/dags
[2026-04-09T19:46:07.553+0000] {manager.py:741} INFO - There are 0 files in /opt/airflow/dags
[2026-04-09T19:51:07.939+0000] {manager.py:738} INFO - Searching for files in /opt/airflow/dags
[2026-04-09T19:51:07.988+0000] {manager.py:741} INFO - There are 0 files in /opt/airflow/dags
[2026-04-09T19:56:08.384+0000] {manager.py:738} INFO - Searching for files in /opt/airflow/dags
[2026-04-09T19:56:08.405+0000] {manager.py:741} INFO - There are 0 files in /opt/airflow/dags
[2026-04-09T20:01:08.794+0000] {manager.py:738} INFO - Searching for files in /opt/airflow/dags
[2026-04-09T20:01:08.800+0000] {manager.py:741} INFO - There are 0 files in /opt/airflow/dags
[2026-04-09T20:06:09.124+0000] {manager.py:738} INFO - Searching for files in /opt/airflow/dags
[2026-04-09T20:06:09.131+0000] {manager.py:741} INFO - There are 0 files in /opt/airflow/dags
[2026-04-09T20:11:09.529+0000] {manager.py:738} INFO - Searching for files in /opt/airflow/dags
[2026-04-09T20:11:09.534+0000] {manager.py:741} INFO - There are 0 files in /opt/airflow/dags
[2026-04-09T20:16:10.056+0000] {manager.py:738} INFO - Searching for files in /opt/airflow/dags
[2026-04-09T20:16:10.063+0000] {manager.py:741} INFO - There are 0 files in /opt/airflow/dags
[2026-04-09T20:21:10.536+0000] {manager.py:738} INFO - Searching for files in /opt/airflow/dags
[2026-04-09T20:21:10.558+0000] {manager.py:741} INFO - There are 0 files in /opt/airflow/dags
[2026-04-09T20:26:10.695+0000] {manager.py:738} INFO - Searching for files in /opt/airflow/dags
[2026-04-09T20:26:10.702+0000] {manager.py:741} INFO - There are 0 files in /opt/airflow/dags
[2026-04-09T20:31:11.148+0000] {manager.py:738} INFO - Searching for files in /opt/airflow/dags
[2026-04-09T20:31:11.169+0000] {manager.py:741} INFO - There are 0 files in /opt/airflow/dags
[2026-04-09T20:36:11.627+0000] {manager.py:738} INFO - Searching for files in /opt/airflow/dags
[2026-04-09T20:36:11.635+0000] {manager.py:741} INFO - There are 0 files in /opt/airflow/dags
[2026-04-09T20:38:25.633+0000] {manager.py:469} INFO - Processing files using up to 2 processes at a time 
[2026-04-09T20:38:25.634+0000] {manager.py:470} INFO - Process each file at most once every 30 seconds
[2026-04-09T20:38:25.634+0000] {manager.py:471} INFO - Checking for new files in /opt/airflow/dags every 300 seconds
[2026-04-09T20:38:25.635+0000] {manager.py:738} INFO - Searching for files in /opt/airflow/dags
[2026-04-09T20:38:25.640+0000] {manager.py:741} INFO - There are 0 files in /opt/airflow/dags
[2026-04-09T20:43:25.794+0000] {manager.py:738} INFO - Searching for files in /opt/airflow/dags
[2026-04-09T20:43:25.801+0000] {manager.py:741} INFO - There are 0 files in /opt/airflow/dags
[2026-04-09T20:48:25.868+0000] {manager.py:738} INFO - Searching for files in /opt/airflow/dags
[2026-04-09T20:48:25.889+0000] {manager.py:741} INFO - There are 1 files in /opt/airflow/dags
[2026-04-09T20:48:29.986+0000] {manager.py:879} INFO - 
================================================================================
DAG File Processing Stats

File Path                             PID    Runtime      # DAGs    # Errors  Last Runtime    Last Run
------------------------------------  -----  ---------  --------  ----------  --------------  -------------------
/opt/airflow/dags/daily_ingestion.py                           1           0  3.23s           2026-04-09T20:48:29
================================================================================
[2026-04-09T20:49:00.250+0000] {manager.py:879} INFO - 
================================================================================
DAG File Processing Stats

File Path                             PID    Runtime      # DAGs    # Errors  Last Runtime    Last Run
------------------------------------  -----  ---------  --------  ----------  --------------  -------------------
/opt/airflow/dags/daily_ingestion.py                           1           0  0.97s           2026-04-09T20:49:00
================================================================================
[2026-04-09T20:49:30.597+0000] {manager.py:879} INFO - 
================================================================================
DAG File Processing Stats

File Path                               PID  Runtime      # DAGs    # Errors  Last Runtime    Last Run
------------------------------------  -----  ---------  --------  ----------  --------------  -------------------
/opt/airflow/dags/daily_ingestion.py    179  0.01s             1           0  0.97s           2026-04-09T20:49:00
================================================================================
[2026-04-09T20:50:00.839+0000] {manager.py:879} INFO - 
================================================================================
DAG File Processing Stats

File Path                             PID    Runtime      # DAGs    # Errors  Last Runtime    Last Run
------------------------------------  -----  ---------  --------  ----------  --------------  -------------------
/opt/airflow/dags/daily_ingestion.py                           1           0  0.97s           2026-04-09T20:49:31
================================================================================
[2026-04-09T20:50:31.186+0000] {manager.py:879} INFO - 
================================================================================
DAG File Processing Stats

File Path                             PID    Runtime      # DAGs    # Errors  Last Runtime    Last Run
------------------------------------  -----  ---------  --------  ----------  --------------  -------------------
/opt/airflow/dags/daily_ingestion.py                           1           0  1.09s           2026-04-09T20:50:02
================================================================================
[2026-04-09T20:51:01.482+0000] {manager.py:879} INFO - 
================================================================================
DAG File Processing Stats

File Path                             PID    Runtime      # DAGs    # Errors  Last Runtime    Last Run
------------------------------------  -----  ---------  --------  ----------  --------------  -------------------
/opt/airflow/dags/daily_ingestion.py                           1           0  1.15s           2026-04-09T20:50:34
================================================================================
[2026-04-09T20:51:32.035+0000] {manager.py:879} INFO - 
================================================================================
DAG File Processing Stats

File Path                             PID    Runtime      # DAGs    # Errors  Last Runtime    Last Run
------------------------------------  -----  ---------  --------  ----------  --------------  -------------------
/opt/airflow/dags/daily_ingestion.py                           1           0  1.25s           2026-04-09T20:51:05
================================================================================
[2026-04-09T20:52:02.415+0000] {manager.py:879} INFO - 
================================================================================
DAG File Processing Stats

File Path                             PID    Runtime      # DAGs    # Errors  Last Runtime    Last Run
------------------------------------  -----  ---------  --------  ----------  --------------  -------------------
/opt/airflow/dags/daily_ingestion.py                           1           0  1.23s           2026-04-09T20:51:37
================================================================================
[2026-04-09T20:52:32.768+0000] {manager.py:879} INFO - 
================================================================================
DAG File Processing Stats

File Path                             PID    Runtime      # DAGs    # Errors  Last Runtime    Last Run
------------------------------------  -----  ---------  --------  ----------  --------------  -------------------
/opt/airflow/dags/daily_ingestion.py                           1           0  1.01s           2026-04-09T20:52:08
================================================================================
[2026-04-09T20:53:02.974+0000] {manager.py:879} INFO - 
================================================================================
DAG File Processing Stats

File Path                             PID    Runtime      # DAGs    # Errors  Last Runtime    Last Run
------------------------------------  -----  ---------  --------  ----------  --------------  -------------------
/opt/airflow/dags/daily_ingestion.py                           1           0  0.93s           2026-04-09T20:52:39
================================================================================
[2026-04-09T20:53:26.264+0000] {manager.py:738} INFO - Searching for files in /opt/airflow/dags
[2026-04-09T20:53:26.337+0000] {manager.py:741} INFO - There are 1 files in /opt/airflow/dags
[2026-04-09T20:53:33.417+0000] {manager.py:879} INFO - 
================================================================================
DAG File Processing Stats

File Path                             PID    Runtime      # DAGs    # Errors  Last Runtime    Last Run
------------------------------------  -----  ---------  --------  ----------  --------------  -------------------
/opt/airflow/dags/daily_ingestion.py                           1           0  1.08s           2026-04-09T20:53:11
================================================================================
[2026-04-09T20:54:03.610+0000] {manager.py:879} INFO - 
================================================================================
DAG File Processing Stats

File Path                             PID    Runtime      # DAGs    # Errors  Last Runtime    Last Run
------------------------------------  -----  ---------  --------  ----------  --------------  -------------------
/opt/airflow/dags/daily_ingestion.py                           1           0  0.90s           2026-04-09T20:53:42
================================================================================
[2026-04-09T20:54:33.905+0000] {manager.py:879} INFO - 
================================================================================
DAG File Processing Stats

File Path                             PID    Runtime      # DAGs    # Errors  Last Runtime    Last Run
------------------------------------  -----  ---------  --------  ----------  --------------  -------------------
/opt/airflow/dags/daily_ingestion.py                           1           0  1.07s           2026-04-09T20:54:13
================================================================================
[2026-04-09T20:55:04.315+0000] {manager.py:879} INFO - 
================================================================================
DAG File Processing Stats

File Path                             PID    Runtime      # DAGs    # Errors  Last Runtime    Last Run
------------------------------------  -----  ---------  --------  ----------  --------------  -------------------
/opt/airflow/dags/daily_ingestion.py                           1           0  1.07s           2026-04-09T20:54:45
================================================================================
[2026-04-09T20:55:34.655+0000] {manager.py:879} INFO - 
================================================================================
DAG File Processing Stats

File Path                             PID    Runtime      # DAGs    # Errors  Last Runtime    Last Run
------------------------------------  -----  ---------  --------  ----------  --------------  -------------------
/opt/airflow/dags/daily_ingestion.py                           1           0  1.02s           2026-04-09T20:55:16
================================================================================
[2026-04-09T20:56:05.042+0000] {manager.py:879} INFO - 
================================================================================
DAG File Processing Stats

File Path                             PID    Runtime      # DAGs    # Errors  Last Runtime    Last Run
------------------------------------  -----  ---------  --------  ----------  --------------  -------------------
/opt/airflow/dags/daily_ingestion.py                           1           0  1.20s           2026-04-09T20:55:48
================================================================================
[2026-04-09T20:56:35.360+0000] {manager.py:879} INFO - 
================================================================================
DAG File Processing Stats

File Path                             PID    Runtime      # DAGs    # Errors  Last Runtime    Last Run
------------------------------------  -----  ---------  --------  ----------  --------------  -------------------
/opt/airflow/dags/daily_ingestion.py                           1           0  0.97s           2026-04-09T20:56:19
================================================================================
[2026-04-09T20:57:05.676+0000] {manager.py:879} INFO - 
================================================================================
DAG File Processing Stats

File Path                             PID    Runtime      # DAGs    # Errors  Last Runtime    Last Run
------------------------------------  -----  ---------  --------  ----------  --------------  -------------------
/opt/airflow/dags/daily_ingestion.py                           1           0  0.96s           2026-04-09T20:56:50
================================================================================
[2026-04-09T20:57:35.947+0000] {manager.py:879} INFO - 
================================================================================
DAG File Processing Stats

File Path                             PID    Runtime      # DAGs    # Errors  Last Runtime    Last Run
------------------------------------  -----  ---------  --------  ----------  --------------  -------------------
/opt/airflow/dags/daily_ingestion.py                           1           0  1.04s           2026-04-09T20:57:21
================================================================================
[2026-04-09T20:58:06.252+0000] {manager.py:879} INFO - 
================================================================================
DAG File Processing Stats

File Path                             PID    Runtime      # DAGs    # Errors  Last Runtime    Last Run
------------------------------------  -----  ---------  --------  ----------  --------------  -------------------
/opt/airflow/dags/daily_ingestion.py                           1           0  1.01s           2026-04-09T20:57:53
================================================================================
[2026-04-09T20:58:26.507+0000] {manager.py:738} INFO - Searching for files in /opt/airflow/dags
[2026-04-09T20:58:26.539+0000] {manager.py:741} INFO - There are 1 files in /opt/airflow/dags
[2026-04-09T20:58:36.665+0000] {manager.py:879} INFO - 
================================================================================
DAG File Processing Stats

File Path                             PID    Runtime      # DAGs    # Errors  Last Runtime    Last Run
------------------------------------  -----  ---------  --------  ----------  --------------  -------------------
/opt/airflow/dags/daily_ingestion.py                           1           0  1.04s           2026-04-09T20:58:24
================================================================================
[2026-04-09T20:59:05.114+0000] {manager.py:451} INFO - Exiting gracefully upon receiving signal 15
[2026-04-09T20:59:45.095+0000] {manager.py:469} INFO - Processing files using up to 2 processes at a time 
[2026-04-09T20:59:45.096+0000] {manager.py:470} INFO - Process each file at most once every 30 seconds
[2026-04-09T20:59:45.097+0000] {manager.py:471} INFO - Checking for new files in /opt/airflow/dags every 300 seconds
[2026-04-09T20:59:45.098+0000] {manager.py:738} INFO - Searching for files in /opt/airflow/dags
[2026-04-09T20:59:45.139+0000] {manager.py:741} INFO - There are 1 files in /opt/airflow/dags
[2026-04-09T20:59:45.287+0000] {manager.py:879} INFO - 
================================================================================
DAG File Processing Stats

File Path                               PID  Runtime      # DAGs    # Errors  Last Runtime    Last Run
------------------------------------  -----  ---------  --------  ----------  --------------  ----------
/opt/airflow/dags/daily_ingestion.py    185  0.06s             0           0
================================================================================
[2026-04-09T21:00:15.292+0000] {manager.py:879} INFO - 
================================================================================
DAG File Processing Stats

File Path                             PID    Runtime      # DAGs    # Errors  Last Runtime    Last Run
------------------------------------  -----  ---------  --------  ----------  --------------  -------------------
/opt/airflow/dags/daily_ingestion.py                           1           0  2.85s           2026-04-09T20:59:48
================================================================================
[2026-04-09T21:00:45.640+0000] {manager.py:879} INFO - 
================================================================================
DAG File Processing Stats

File Path                             PID    Runtime      # DAGs    # Errors  Last Runtime    Last Run
------------------------------------  -----  ---------  --------  ----------  --------------  -------------------
/opt/airflow/dags/daily_ingestion.py                           1           0  1.19s           2026-04-09T21:00:19
================================================================================
[2026-04-09T21:01:15.993+0000] {manager.py:879} INFO - 
================================================================================
DAG File Processing Stats

File Path                             PID    Runtime      # DAGs    # Errors  Last Runtime    Last Run
------------------------------------  -----  ---------  --------  ----------  --------------  -------------------
/opt/airflow/dags/daily_ingestion.py                           1           0  1.01s           2026-04-09T21:00:50
================================================================================
[2026-04-09T21:01:46.391+0000] {manager.py:879} INFO - 
================================================================================
DAG File Processing Stats

File Path                             PID    Runtime      # DAGs    # Errors  Last Runtime    Last Run
------------------------------------  -----  ---------  --------  ----------  --------------  -------------------
/opt/airflow/dags/daily_ingestion.py                           1           0  0.99s           2026-04-09T21:01:22
================================================================================
[2026-04-09T21:02:16.644+0000] {manager.py:879} INFO - 
================================================================================
DAG File Processing Stats

File Path                             PID    Runtime      # DAGs    # Errors  Last Runtime    Last Run
------------------------------------  -----  ---------  --------  ----------  --------------  -------------------
/opt/airflow/dags/daily_ingestion.py                           1           0  0.95s           2026-04-09T21:01:53
================================================================================
[2026-04-09T21:02:46.956+0000] {manager.py:879} INFO - 
================================================================================
DAG File Processing Stats

File Path                             PID    Runtime      # DAGs    # Errors  Last Runtime    Last Run
------------------------------------  -----  ---------  --------  ----------  --------------  -------------------
/opt/airflow/dags/daily_ingestion.py                           1           0  0.96s           2026-04-09T21:02:24
================================================================================
[2026-04-09T21:03:17.312+0000] {manager.py:879} INFO - 
================================================================================
DAG File Processing Stats

File Path                             PID    Runtime      # DAGs    # Errors  Last Runtime    Last Run
------------------------------------  -----  ---------  --------  ----------  --------------  -------------------
/opt/airflow/dags/daily_ingestion.py                           1           0  0.94s           2026-04-09T21:02:56
================================================================================
[2026-04-09T21:03:47.622+0000] {manager.py:879} INFO - 
================================================================================
DAG File Processing Stats

File Path                             PID    Runtime      # DAGs    # Errors  Last Runtime    Last Run
------------------------------------  -----  ---------  --------  ----------  --------------  -------------------
/opt/airflow/dags/daily_ingestion.py                           1           0  1.11s           2026-04-09T21:03:27
================================================================================
[2026-04-09T21:04:17.890+0000] {manager.py:879} INFO - 
================================================================================
DAG File Processing Stats

File Path                             PID    Runtime      # DAGs    # Errors  Last Runtime    Last Run
------------------------------------  -----  ---------  --------  ----------  --------------  -------------------
/opt/airflow/dags/daily_ingestion.py                           1           0  1.00s           2026-04-09T21:03:58
================================================================================
[2026-04-09T21:04:45.191+0000] {manager.py:738} INFO - Searching for files in /opt/airflow/dags
[2026-04-09T21:04:45.230+0000] {manager.py:741} INFO - There are 1 files in /opt/airflow/dags
[2026-04-09T21:04:48.281+0000] {manager.py:879} INFO - 
================================================================================
DAG File Processing Stats

File Path                             PID    Runtime      # DAGs    # Errors  Last Runtime    Last Run
------------------------------------  -----  ---------  --------  ----------  --------------  -------------------
/opt/airflow/dags/daily_ingestion.py                           1           0  1.05s           2026-04-09T21:04:30
================================================================================
[2026-04-09T21:05:18.567+0000] {manager.py:879} INFO - 
================================================================================
DAG File Processing Stats

File Path                             PID    Runtime      # DAGs    # Errors  Last Runtime    Last Run
------------------------------------  -----  ---------  --------  ----------  --------------  -------------------
/opt/airflow/dags/daily_ingestion.py                           1           0  1.01s           2026-04-09T21:05:01
================================================================================
[2026-04-09T21:05:48.884+0000] {manager.py:879} INFO - 
================================================================================
DAG File Processing Stats

File Path                             PID    Runtime      # DAGs    # Errors  Last Runtime    Last Run
------------------------------------  -----  ---------  --------  ----------  --------------  -------------------
/opt/airflow/dags/daily_ingestion.py                           1           0  1.18s           2026-04-09T21:05:32
================================================================================
[2026-04-09T21:06:19.328+0000] {manager.py:879} INFO - 
================================================================================
DAG File Processing Stats

File Path                             PID    Runtime      # DAGs    # Errors  Last Runtime    Last Run
------------------------------------  -----  ---------  --------  ----------  --------------  -------------------
/opt/airflow/dags/daily_ingestion.py                           1           0  1.13s           2026-04-09T21:06:04
================================================================================
[2026-04-09T21:06:49.708+0000] {manager.py:879} INFO - 
================================================================================
DAG File Processing Stats

File Path                             PID    Runtime      # DAGs    # Errors  Last Runtime    Last Run
------------------------------------  -----  ---------  --------  ----------  --------------  -------------------
/opt/airflow/dags/daily_ingestion.py                           1           0  1.04s           2026-04-09T21:06:35
================================================================================
[2026-04-09T21:07:19.996+0000] {manager.py:879} INFO - 
================================================================================
DAG File Processing Stats

File Path                             PID    Runtime      # DAGs    # Errors  Last Runtime    Last Run
------------------------------------  -----  ---------  --------  ----------  --------------  -------------------
/opt/airflow/dags/daily_ingestion.py                           1           0  1.21s           2026-04-09T21:07:07
================================================================================
[2026-04-09T21:07:50.450+0000] {manager.py:879} INFO - 
================================================================================
DAG File Processing Stats

File Path                             PID    Runtime      # DAGs    # Errors  Last Runtime    Last Run
------------------------------------  -----  ---------  --------  ----------  --------------  -------------------
/opt/airflow/dags/daily_ingestion.py                           1           0  1.51s           2026-04-09T21:07:38
================================================================================
[2026-04-09T21:08:20.719+0000] {manager.py:879} INFO - 
================================================================================
DAG File Processing Stats

File Path                             PID    Runtime      # DAGs    # Errors  Last Runtime    Last Run
------------------------------------  -----  ---------  --------  ----------  --------------  -------------------
/opt/airflow/dags/daily_ingestion.py                           1           0  1.90s           2026-04-09T21:08:10
================================================================================
[2026-04-09T21:08:51.254+0000] {manager.py:879} INFO - 
================================================================================
DAG File Processing Stats

File Path                             PID    Runtime      # DAGs    # Errors  Last Runtime    Last Run
------------------------------------  -----  ---------  --------  ----------  --------------  -------------------
/opt/airflow/dags/daily_ingestion.py                           1           0  1.43s           2026-04-09T21:08:42
================================================================================
[2026-04-09T21:09:21.577+0000] {manager.py:879} INFO - 
================================================================================
DAG File Processing Stats

File Path                             PID    Runtime      # DAGs    # Errors  Last Runtime    Last Run
------------------------------------  -----  ---------  --------  ----------  --------------  -------------------
/opt/airflow/dags/daily_ingestion.py                           1           0  1.12s           2026-04-09T21:09:13
================================================================================
[2026-04-09T21:09:45.849+0000] {manager.py:738} INFO - Searching for files in /opt/airflow/dags
[2026-04-09T21:09:45.896+0000] {manager.py:741} INFO - There are 1 files in /opt/airflow/dags
[2026-04-09T21:09:51.986+0000] {manager.py:879} INFO - 
================================================================================
DAG File Processing Stats

File Path                             PID    Runtime      # DAGs    # Errors  Last Runtime    Last Run
------------------------------------  -----  ---------  --------  ----------  --------------  -------------------
/opt/airflow/dags/daily_ingestion.py                           1           0  1.18s           2026-04-09T21:09:44
================================================================================
[2026-04-09T21:10:22.285+0000] {manager.py:879} INFO - 
================================================================================
DAG File Processing Stats

File Path                             PID    Runtime      # DAGs    # Errors  Last Runtime    Last Run
------------------------------------  -----  ---------  --------  ----------  --------------  -------------------
/opt/airflow/dags/daily_ingestion.py                           1           0  2.05s           2026-04-09T21:10:17
================================================================================
[2026-04-09T21:10:52.650+0000] {manager.py:879} INFO - 
================================================================================
DAG File Processing Stats

File Path                             PID    Runtime      # DAGs    # Errors  Last Runtime    Last Run
------------------------------------  -----  ---------  --------  ----------  --------------  -------------------
/opt/airflow/dags/daily_ingestion.py                           1           0  1.35s           2026-04-09T21:10:48
================================================================================
[2026-04-09T21:11:23.302+0000] {manager.py:879} INFO - 
================================================================================
DAG File Processing Stats

File Path                             PID    Runtime      # DAGs    # Errors  Last Runtime    Last Run
------------------------------------  -----  ---------  --------  ----------  --------------  -------------------
/opt/airflow/dags/daily_ingestion.py                           1           0  1.17s           2026-04-09T21:11:20
================================================================================
[2026-04-09T21:11:53.614+0000] {manager.py:879} INFO - 
================================================================================
DAG File Processing Stats

File Path                             PID    Runtime      # DAGs    # Errors  Last Runtime    Last Run
------------------------------------  -----  ---------  --------  ----------  --------------  -------------------
/opt/airflow/dags/daily_ingestion.py                           1           0  1.11s           2026-04-09T21:11:51
================================================================================
[2026-04-09T21:12:23.992+0000] {manager.py:879} INFO - 
================================================================================
DAG File Processing Stats

File Path                             PID    Runtime      # DAGs    # Errors  Last Runtime    Last Run
------------------------------------  -----  ---------  --------  ----------  --------------  -------------------
/opt/airflow/dags/daily_ingestion.py                           1           0  1.14s           2026-04-09T21:12:23
================================================================================
[2026-04-09T21:12:54.304+0000] {manager.py:879} INFO - 
================================================================================
DAG File Processing Stats

File Path                               PID  Runtime      # DAGs    # Errors  Last Runtime    Last Run
------------------------------------  -----  ---------  --------  ----------  --------------  -------------------
/opt/airflow/dags/daily_ingestion.py    371  1.02s             1           0  1.14s           2026-04-09T21:12:23
================================================================================
[2026-04-09T21:13:24.738+0000] {manager.py:879} INFO - 
================================================================================
DAG File Processing Stats

File Path                               PID  Runtime      # DAGs    # Errors  Last Runtime    Last Run
------------------------------------  -----  ---------  --------  ----------  --------------  -------------------
/opt/airflow/dags/daily_ingestion.py    377  0.01s             1           0  1.18s           2026-04-09T21:12:54
================================================================================
[2026-04-09T21:13:55.041+0000] {manager.py:879} INFO - 
================================================================================
DAG File Processing Stats

File Path                             PID    Runtime      # DAGs    # Errors  Last Runtime    Last Run
------------------------------------  -----  ---------  --------  ----------  --------------  -------------------
/opt/airflow/dags/daily_ingestion.py                           1           0  1.11s           2026-04-09T21:13:25
================================================================================
[2026-04-09T21:14:25.389+0000] {manager.py:879} INFO - 
================================================================================
DAG File Processing Stats

File Path                             PID    Runtime      # DAGs    # Errors  Last Runtime    Last Run
------------------------------------  -----  ---------  --------  ----------  --------------  -------------------
/opt/airflow/dags/daily_ingestion.py                           1           0  1.13s           2026-04-09T21:13:57
================================================================================
[2026-04-09T21:14:46.641+0000] {manager.py:738} INFO - Searching for files in /opt/airflow/dags
[2026-04-09T21:14:46.690+0000] {manager.py:741} INFO - There are 1 files in /opt/airflow/dags
[2026-04-09T21:14:55.808+0000] {manager.py:879} INFO - 
================================================================================
DAG File Processing Stats

File Path                             PID    Runtime      # DAGs    # Errors  Last Runtime    Last Run
------------------------------------  -----  ---------  --------  ----------  --------------  -------------------
/opt/airflow/dags/daily_ingestion.py                           1           0  1.27s           2026-04-09T21:14:28
================================================================================
[2026-04-09T21:15:26.237+0000] {manager.py:879} INFO - 
================================================================================
DAG File Processing Stats

File Path                             PID    Runtime      # DAGs    # Errors  Last Runtime    Last Run
------------------------------------  -----  ---------  --------  ----------  --------------  -------------------
/opt/airflow/dags/daily_ingestion.py                           1           0  1.19s           2026-04-09T21:15:00
================================================================================
[2026-04-09T21:15:56.587+0000] {manager.py:879} INFO - 
================================================================================
DAG File Processing Stats

File Path                             PID    Runtime      # DAGs    # Errors  Last Runtime    Last Run
------------------------------------  -----  ---------  --------  ----------  --------------  -------------------
/opt/airflow/dags/daily_ingestion.py                           1           0  1.21s           2026-04-09T21:15:31
================================================================================
[2026-04-09T21:16:26.971+0000] {manager.py:879} INFO - 
================================================================================
DAG File Processing Stats

File Path                             PID    Runtime      # DAGs    # Errors  Last Runtime    Last Run
------------------------------------  -----  ---------  --------  ----------  --------------  -------------------
/opt/airflow/dags/daily_ingestion.py                           1           0  1.23s           2026-04-09T21:16:02
================================================================================
[2026-04-09T21:16:57.371+0000] {manager.py:879} INFO - 
================================================================================
DAG File Processing Stats

File Path                             PID    Runtime      # DAGs    # Errors  Last Runtime    Last Run
------------------------------------  -----  ---------  --------  ----------  --------------  -------------------
/opt/airflow/dags/daily_ingestion.py                           1           0  1.14s           2026-04-09T21:16:34
================================================================================
[2026-04-09T21:17:27.666+0000] {manager.py:879} INFO - 
================================================================================
DAG File Processing Stats

File Path                             PID    Runtime      # DAGs    # Errors  Last Runtime    Last Run
------------------------------------  -----  ---------  --------  ----------  --------------  -------------------
/opt/airflow/dags/daily_ingestion.py                           1           0  1.25s           2026-04-09T21:17:05
================================================================================
[2026-04-09T21:17:58.207+0000] {manager.py:879} INFO - 
================================================================================
DAG File Processing Stats

File Path                             PID    Runtime      # DAGs    # Errors  Last Runtime    Last Run
------------------------------------  -----  ---------  --------  ----------  --------------  -------------------
/opt/airflow/dags/daily_ingestion.py                           1           0  1.28s           2026-04-09T21:17:37
================================================================================
[2026-04-09T21:18:28.721+0000] {manager.py:879} INFO - 
================================================================================
DAG File Processing Stats

File Path                             PID    Runtime      # DAGs    # Errors  Last Runtime    Last Run
------------------------------------  -----  ---------  --------  ----------  --------------  -------------------
/opt/airflow/dags/daily_ingestion.py                           1           0  1.40s           2026-04-09T21:18:08
================================================================================
[2026-04-09T21:18:58.998+0000] {manager.py:879} INFO - 
================================================================================
DAG File Processing Stats

File Path                             PID    Runtime      # DAGs    # Errors  Last Runtime    Last Run
------------------------------------  -----  ---------  --------  ----------  --------------  -------------------
/opt/airflow/dags/daily_ingestion.py                           1           0  0.98s           2026-04-09T21:18:40
================================================================================
[2026-04-09T21:19:29.302+0000] {manager.py:879} INFO - 
================================================================================
DAG File Processing Stats

File Path                             PID    Runtime      # DAGs    # Errors  Last Runtime    Last Run
------------------------------------  -----  ---------  --------  ----------  --------------  -------------------
/opt/airflow/dags/daily_ingestion.py                           1           0  1.09s           2026-04-09T21:19:11
================================================================================
[2026-04-09T21:19:47.421+0000] {manager.py:738} INFO - Searching for files in /opt/airflow/dags
[2026-04-09T21:19:47.463+0000] {manager.py:741} INFO - There are 1 files in /opt/airflow/dags
[2026-04-09T21:19:59.606+0000] {manager.py:879} INFO - 
================================================================================
DAG File Processing Stats

File Path                             PID    Runtime      # DAGs    # Errors  Last Runtime    Last Run
------------------------------------  -----  ---------  --------  ----------  --------------  -------------------
/opt/airflow/dags/daily_ingestion.py                           1           0  0.95s           2026-04-09T21:19:42
================================================================================
[2026-04-09T21:20:29.887+0000] {manager.py:879} INFO - 
================================================================================
DAG File Processing Stats

File Path                             PID    Runtime      # DAGs    # Errors  Last Runtime    Last Run
------------------------------------  -----  ---------  --------  ----------  --------------  -------------------
/opt/airflow/dags/daily_ingestion.py                           1           0  0.95s           2026-04-09T21:20:13
================================================================================
[2026-04-09T21:21:00.161+0000] {manager.py:879} INFO - 
================================================================================
DAG File Processing Stats

File Path                             PID    Runtime      # DAGs    # Errors  Last Runtime    Last Run
------------------------------------  -----  ---------  --------  ----------  --------------  -------------------
/opt/airflow/dags/daily_ingestion.py                           1           0  1.00s           2026-04-09T21:20:45
================================================================================
[2026-04-09T21:21:30.544+0000] {manager.py:879} INFO - 
================================================================================
DAG File Processing Stats

File Path                             PID    Runtime      # DAGs    # Errors  Last Runtime    Last Run
------------------------------------  -----  ---------  --------  ----------  --------------  -------------------
/opt/airflow/dags/daily_ingestion.py                           1           0  1.00s           2026-04-09T21:21:16
================================================================================
[2026-04-09T21:22:00.822+0000] {manager.py:879} INFO - 
================================================================================
DAG File Processing Stats

File Path                             PID    Runtime      # DAGs    # Errors  Last Runtime    Last Run
------------------------------------  -----  ---------  --------  ----------  --------------  -------------------
/opt/airflow/dags/daily_ingestion.py                           1           0  1.07s           2026-04-09T21:21:47
================================================================================
[2026-04-09T21:22:31.168+0000] {manager.py:879} INFO - 
================================================================================
DAG File Processing Stats

File Path                             PID    Runtime      # DAGs    # Errors  Last Runtime    Last Run
------------------------------------  -----  ---------  --------  ----------  --------------  -------------------
/opt/airflow/dags/daily_ingestion.py                           1           0  1.60s           2026-04-09T21:22:19
================================================================================
[2026-04-09T21:23:02.079+0000] {manager.py:879} INFO - 
================================================================================
DAG File Processing Stats

File Path                             PID    Runtime      # DAGs    # Errors  Last Runtime    Last Run
------------------------------------  -----  ---------  --------  ----------  --------------  -------------------
/opt/airflow/dags/daily_ingestion.py                           1           0  1.02s           2026-04-09T21:22:50
================================================================================
[2026-04-09T21:23:32.404+0000] {manager.py:879} INFO - 
================================================================================
DAG File Processing Stats

File Path                             PID    Runtime      # DAGs    # Errors  Last Runtime    Last Run
------------------------------------  -----  ---------  --------  ----------  --------------  -------------------
/opt/airflow/dags/daily_ingestion.py                           1           0  1.18s           2026-04-09T21:23:22
================================================================================
[2026-04-09T21:24:02.830+0000] {manager.py:879} INFO - 
================================================================================
DAG File Processing Stats

File Path                             PID    Runtime      # DAGs    # Errors  Last Runtime    Last Run
------------------------------------  -----  ---------  --------  ----------  --------------  -------------------
/opt/airflow/dags/daily_ingestion.py                           1           0  1.14s           2026-04-09T21:23:53
================================================================================
[2026-04-09T21:24:33.246+0000] {manager.py:879} INFO - 
================================================================================
DAG File Processing Stats

File Path                             PID    Runtime      # DAGs    # Errors  Last Runtime    Last Run
------------------------------------  -----  ---------  --------  ----------  --------------  -------------------
/opt/airflow/dags/daily_ingestion.py                           1           0  1.05s           2026-04-09T21:24:25
================================================================================
[2026-04-09T21:24:48.402+0000] {manager.py:738} INFO - Searching for files in /opt/airflow/dags
[2026-04-09T21:24:48.443+0000] {manager.py:741} INFO - There are 1 files in /opt/airflow/dags
[2026-04-09T21:25:03.619+0000] {manager.py:879} INFO - 
================================================================================
DAG File Processing Stats

File Path                             PID    Runtime      # DAGs    # Errors  Last Runtime    Last Run
------------------------------------  -----  ---------  --------  ----------  --------------  -------------------
/opt/airflow/dags/daily_ingestion.py                           1           0  1.01s           2026-04-09T21:24:56
================================================================================
[2026-04-09T21:25:34.026+0000] {manager.py:879} INFO - 
================================================================================
DAG File Processing Stats

File Path                             PID    Runtime      # DAGs    # Errors  Last Runtime    Last Run
------------------------------------  -----  ---------  --------  ----------  --------------  -------------------
/opt/airflow/dags/daily_ingestion.py                           1           0  1.10s           2026-04-09T21:25:28
================================================================================
[2026-04-09T21:26:04.365+0000] {manager.py:879} INFO - 
================================================================================
DAG File Processing Stats

File Path                             PID    Runtime      # DAGs    # Errors  Last Runtime    Last Run
------------------------------------  -----  ---------  --------  ----------  --------------  -------------------
/opt/airflow/dags/daily_ingestion.py                           1           0  1.26s           2026-04-09T21:25:59
================================================================================
[2026-04-09T21:26:34.038+0000] {manager.py:451} INFO - Exiting gracefully upon receiving signal 15
[2026-04-09T21:27:33.550+0000] {manager.py:469} INFO - Processing files using up to 2 processes at a time 
[2026-04-09T21:27:33.551+0000] {manager.py:470} INFO - Process each file at most once every 30 seconds
[2026-04-09T21:27:33.552+0000] {manager.py:471} INFO - Checking for new files in /opt/airflow/dags every 300 seconds
[2026-04-09T21:27:33.553+0000] {manager.py:738} INFO - Searching for files in /opt/airflow/dags
[2026-04-09T21:27:33.579+0000] {manager.py:741} INFO - There are 1 files in /opt/airflow/dags
[2026-04-09T21:27:33.719+0000] {manager.py:879} INFO - 
================================================================================
DAG File Processing Stats

File Path                               PID  Runtime      # DAGs    # Errors  Last Runtime    Last Run
------------------------------------  -----  ---------  --------  ----------  --------------  ----------
/opt/airflow/dags/daily_ingestion.py    211  0.06s             0           0
================================================================================
[2026-04-09T21:28:03.884+0000] {manager.py:879} INFO - 
================================================================================
DAG File Processing Stats

File Path                             PID    Runtime      # DAGs    # Errors  Last Runtime    Last Run
------------------------------------  -----  ---------  --------  ----------  --------------  -------------------
/opt/airflow/dags/daily_ingestion.py                           1           0  3.05s           2026-04-09T21:27:36
================================================================================
[2026-04-09T21:28:34.262+0000] {manager.py:879} INFO - 
================================================================================
DAG File Processing Stats

File Path                             PID    Runtime      # DAGs    # Errors  Last Runtime    Last Run
------------------------------------  -----  ---------  --------  ----------  --------------  -------------------
/opt/airflow/dags/daily_ingestion.py                           1           0  1.27s           2026-04-09T21:28:08
================================================================================
[2026-04-09T21:29:04.574+0000] {manager.py:879} INFO - 
================================================================================
DAG File Processing Stats

File Path                             PID    Runtime      # DAGs    # Errors  Last Runtime    Last Run
------------------------------------  -----  ---------  --------  ----------  --------------  -------------------
/opt/airflow/dags/daily_ingestion.py                           1           0  1.01s           2026-04-09T21:28:39
================================================================================
[2026-04-09T21:29:35.100+0000] {manager.py:879} INFO - 
================================================================================
DAG File Processing Stats

File Path                             PID    Runtime      # DAGs    # Errors  Last Runtime    Last Run
------------------------------------  -----  ---------  --------  ----------  --------------  -------------------
/opt/airflow/dags/daily_ingestion.py                           1           0  1.45s           2026-04-09T21:29:11
================================================================================
[2026-04-09T21:30:05.492+0000] {manager.py:879} INFO - 
================================================================================
DAG File Processing Stats

File Path                             PID    Runtime      # DAGs    # Errors  Last Runtime    Last Run
------------------------------------  -----  ---------  --------  ----------  --------------  -------------------
/opt/airflow/dags/daily_ingestion.py                           1           0  1.27s           2026-04-09T21:29:57
================================================================================
[2026-04-09T21:30:35.765+0000] {manager.py:879} INFO - 
================================================================================
DAG File Processing Stats

File Path                             PID    Runtime      # DAGs    # Errors  Last Runtime    Last Run
------------------------------------  -----  ---------  --------  ----------  --------------  -------------------
/opt/airflow/dags/daily_ingestion.py                           1           0  0.97s           2026-04-09T21:30:28
================================================================================
[2026-04-09T21:31:06.078+0000] {manager.py:879} INFO - 
================================================================================
DAG File Processing Stats

File Path                             PID    Runtime      # DAGs    # Errors  Last Runtime    Last Run
------------------------------------  -----  ---------  --------  ----------  --------------  -------------------
/opt/airflow/dags/daily_ingestion.py                           1           0  1.01s           2026-04-09T21:31:00
================================================================================
[2026-04-09T21:31:36.635+0000] {manager.py:879} INFO - 
================================================================================
DAG File Processing Stats

File Path                             PID    Runtime      # DAGs    # Errors  Last Runtime    Last Run
------------------------------------  -----  ---------  --------  ----------  --------------  -------------------
/opt/airflow/dags/daily_ingestion.py                           1           0  1.54s           2026-04-09T21:31:31
================================================================================
[2026-04-09T21:32:07.272+0000] {manager.py:879} INFO - 
================================================================================
DAG File Processing Stats

File Path                             PID    Runtime      # DAGs    # Errors  Last Runtime    Last Run
------------------------------------  -----  ---------  --------  ----------  --------------  -------------------
/opt/airflow/dags/daily_ingestion.py                           1           0  1.31s           2026-04-09T21:32:03
================================================================================
[2026-04-09T21:32:33.822+0000] {manager.py:738} INFO - Searching for files in /opt/airflow/dags
[2026-04-09T21:32:33.863+0000] {manager.py:741} INFO - There are 1 files in /opt/airflow/dags
[2026-04-09T21:32:37.585+0000] {manager.py:879} INFO - 
================================================================================
DAG File Processing Stats

File Path                             PID    Runtime      # DAGs    # Errors  Last Runtime    Last Run
------------------------------------  -----  ---------  --------  ----------  --------------  -------------------
/opt/airflow/dags/daily_ingestion.py                           1           0  0.89s           2026-04-09T21:32:34
================================================================================
[2026-04-09T21:32:41.543+0000] {manager.py:451} INFO - Exiting gracefully upon receiving signal 15
[2026-04-09T21:33:43.320+0000] {manager.py:469} INFO - Processing files using up to 2 processes at a time 
[2026-04-09T21:33:43.320+0000] {manager.py:470} INFO - Process each file at most once every 30 seconds
[2026-04-09T21:33:43.321+0000] {manager.py:471} INFO - Checking for new files in /opt/airflow/dags every 300 seconds
[2026-04-09T21:33:43.322+0000] {manager.py:738} INFO - Searching for files in /opt/airflow/dags
[2026-04-09T21:33:43.347+0000] {manager.py:741} INFO - There are 1 files in /opt/airflow/dags
[2026-04-09T21:33:43.477+0000] {manager.py:879} INFO - 
================================================================================
DAG File Processing Stats

File Path                               PID  Runtime      # DAGs    # Errors  Last Runtime    Last Run
------------------------------------  -----  ---------  --------  ----------  --------------  ----------
/opt/airflow/dags/daily_ingestion.py    217  0.05s             0           0
================================================================================
[2026-04-09T21:34:13.788+0000] {manager.py:879} INFO - 
================================================================================
DAG File Processing Stats

File Path                             PID    Runtime      # DAGs    # Errors  Last Runtime    Last Run
------------------------------------  -----  ---------  --------  ----------  --------------  -------------------
/opt/airflow/dags/daily_ingestion.py                           1           0  3.22s           2026-04-09T21:33:46
================================================================================
[2026-04-09T21:34:44.077+0000] {manager.py:879} INFO - 
================================================================================
DAG File Processing Stats

File Path                             PID    Runtime      # DAGs    # Errors  Last Runtime    Last Run
------------------------------------  -----  ---------  --------  ----------  --------------  -------------------
/opt/airflow/dags/daily_ingestion.py                           1           0  1.37s           2026-04-09T21:34:18
================================================================================
[2026-04-09T21:35:14.503+0000] {manager.py:879} INFO - 
================================================================================
DAG File Processing Stats

File Path                             PID    Runtime      # DAGs    # Errors  Last Runtime    Last Run
------------------------------------  -----  ---------  --------  ----------  --------------  -------------------
/opt/airflow/dags/daily_ingestion.py                           1           0  1.00s           2026-04-09T21:34:49
================================================================================
[2026-04-09T21:35:44.943+0000] {manager.py:879} INFO - 
================================================================================
DAG File Processing Stats

File Path                             PID    Runtime      # DAGs    # Errors  Last Runtime    Last Run
------------------------------------  -----  ---------  --------  ----------  --------------  -------------------
/opt/airflow/dags/daily_ingestion.py                           1           0  1.00s           2026-04-09T21:35:20
================================================================================
[2026-04-09T21:36:15.303+0000] {manager.py:879} INFO - 
================================================================================
DAG File Processing Stats

File Path                             PID    Runtime      # DAGs    # Errors  Last Runtime    Last Run
------------------------------------  -----  ---------  --------  ----------  --------------  -------------------
/opt/airflow/dags/daily_ingestion.py                           1           0  1.27s           2026-04-09T21:35:52
================================================================================
[2026-04-09T21:36:45.926+0000] {manager.py:879} INFO - 
================================================================================
DAG File Processing Stats

File Path                             PID    Runtime      # DAGs    # Errors  Last Runtime    Last Run
------------------------------------  -----  ---------  --------  ----------  --------------  -------------------
/opt/airflow/dags/daily_ingestion.py                           1           0  1.44s           2026-04-09T21:36:23
================================================================================
[2026-04-09T21:37:16.386+0000] {manager.py:879} INFO - 
================================================================================
DAG File Processing Stats

File Path                             PID    Runtime      # DAGs    # Errors  Last Runtime    Last Run
------------------------------------  -----  ---------  --------  ----------  --------------  -------------------
/opt/airflow/dags/daily_ingestion.py                           1           0  1.46s           2026-04-09T21:36:55
================================================================================
[2026-04-09T21:37:46.646+0000] {manager.py:879} INFO - 
================================================================================
DAG File Processing Stats

File Path                             PID    Runtime      # DAGs    # Errors  Last Runtime    Last Run
------------------------------------  -----  ---------  --------  ----------  --------------  -------------------
/opt/airflow/dags/daily_ingestion.py                           1           0  0.97s           2026-04-09T21:37:26
================================================================================
[2026-04-09T21:38:16.920+0000] {manager.py:879} INFO - 
================================================================================
DAG File Processing Stats

File Path                             PID    Runtime      # DAGs    # Errors  Last Runtime    Last Run
------------------------------------  -----  ---------  --------  ----------  --------------  -------------------
/opt/airflow/dags/daily_ingestion.py                           1           0  0.96s           2026-04-09T21:37:57
================================================================================
[2026-04-09T21:38:44.223+0000] {manager.py:738} INFO - Searching for files in /opt/airflow/dags
[2026-04-09T21:38:44.252+0000] {manager.py:741} INFO - There are 1 files in /opt/airflow/dags
[2026-04-09T21:38:47.293+0000] {manager.py:879} INFO - 
================================================================================
DAG File Processing Stats

File Path                             PID    Runtime      # DAGs    # Errors  Last Runtime    Last Run
------------------------------------  -----  ---------  --------  ----------  --------------  -------------------
/opt/airflow/dags/daily_ingestion.py                           1           0  1.07s           2026-04-09T21:38:29
================================================================================
[2026-04-09T21:39:17.571+0000] {manager.py:879} INFO - 
================================================================================
DAG File Processing Stats

File Path                             PID    Runtime      # DAGs    # Errors  Last Runtime    Last Run
------------------------------------  -----  ---------  --------  ----------  --------------  -------------------
/opt/airflow/dags/daily_ingestion.py                           1           0  1.03s           2026-04-09T21:39:00
================================================================================
[2026-04-09T21:39:47.792+0000] {manager.py:879} INFO - 
================================================================================
DAG File Processing Stats

File Path                             PID    Runtime      # DAGs    # Errors  Last Runtime    Last Run
------------------------------------  -----  ---------  --------  ----------  --------------  -------------------
/opt/airflow/dags/daily_ingestion.py                           1           0  0.89s           2026-04-09T21:39:31
================================================================================
[2026-04-09T21:40:18.171+0000] {manager.py:879} INFO - 
================================================================================
DAG File Processing Stats

File Path                             PID    Runtime      # DAGs    # Errors  Last Runtime    Last Run
------------------------------------  -----  ---------  --------  ----------  --------------  -------------------
/opt/airflow/dags/daily_ingestion.py                           1           0  1.20s           2026-04-09T21:40:03
================================================================================
[2026-04-09T21:40:27.675+0000] {manager.py:451} INFO - Exiting gracefully upon receiving signal 15
