[2026-04-09T21:04:16.218+0000] {taskinstance.py:1956} INFO - Dependencies all met for dep_context=non-requeueable deps ti=<TaskInstance: daily_football_ingestion.ingest_fixtures manual__2026-04-09T21:04:14.195541+00:00 [queued]>
[2026-04-09T21:04:16.233+0000] {taskinstance.py:1956} INFO - Dependencies all met for dep_context=requeueable deps ti=<TaskInstance: daily_football_ingestion.ingest_fixtures manual__2026-04-09T21:04:14.195541+00:00 [queued]>
[2026-04-09T21:04:16.234+0000] {taskinstance.py:2170} INFO - Starting attempt 1 of 2
[2026-04-09T21:04:16.257+0000] {taskinstance.py:2191} INFO - Executing <Task(PythonOperator): ingest_fixtures> on 2026-04-09 21:04:14.195541+00:00
[2026-04-09T21:04:16.268+0000] {standard_task_runner.py:60} INFO - Started process 254 to run task
[2026-04-09T21:04:16.276+0000] {standard_task_runner.py:87} INFO - Running: ['***', 'tasks', 'run', 'daily_football_ingestion', 'ingest_fixtures', 'manual__2026-04-09T21:04:14.195541+00:00', '--job-id', '6', '--raw', '--subdir', 'DAGS_FOLDER/daily_ingestion.py', '--cfg-path', '/tmp/tmpfqvn03n8']
[2026-04-09T21:04:16.283+0000] {standard_task_runner.py:88} INFO - Job 6: Subtask ingest_fixtures
[2026-04-09T21:04:16.397+0000] {task_command.py:423} INFO - Running <TaskInstance: daily_football_ingestion.ingest_fixtures manual__2026-04-09T21:04:14.195541+00:00 [running]> on host f9c54a541299
[2026-04-09T21:04:16.512+0000] {taskinstance.py:2480} INFO - Exporting env vars: AIRFLOW_CTX_DAG_OWNER='***' AIRFLOW_CTX_DAG_ID='daily_football_ingestion' AIRFLOW_CTX_TASK_ID='ingest_fixtures' AIRFLOW_CTX_EXECUTION_DATE='2026-04-09T21:04:14.195541+00:00' AIRFLOW_CTX_TRY_NUMBER='1' AIRFLOW_CTX_DAG_RUN_ID='manual__2026-04-09T21:04:14.195541+00:00'
[2026-04-09T21:04:16.514+0000] {logging_mixin.py:188} INFO - Extracting fixtures: premier_league...
[2026-04-09T21:04:17.161+0000] {logging_mixin.py:188} INFO -   → 380 fixtures found
[2026-04-09T21:04:17.162+0000] {logging_mixin.py:188} INFO - Extracting fixtures: la_liga...
[2026-04-09T21:04:17.314+0000] {logging_mixin.py:188} INFO -   → 0 fixtures found
[2026-04-09T21:04:17.315+0000] {logging_mixin.py:188} INFO - Extracting fixtures: champions_league...
[2026-04-09T21:04:17.459+0000] {logging_mixin.py:188} INFO -   → 0 fixtures found
[2026-04-09T21:04:17.460+0000] {logging_mixin.py:188} INFO - Extracting fixtures: liga_portugal...
[2026-04-09T21:04:17.600+0000] {logging_mixin.py:188} INFO -   → 0 fixtures found
[2026-04-09T21:04:17.602+0000] {logging_mixin.py:188} INFO - 
Total: 380 extracted fixtures
[2026-04-09T21:04:17.603+0000] {logging_mixin.py:188} INFO - Loading to BigQuery...
[2026-04-09T21:04:17.606+0000] {taskinstance.py:2698} ERROR - Task failed with exception
Traceback (most recent call last):
  File "/home/airflow/.local/lib/python3.8/site-packages/airflow/models/taskinstance.py", line 433, in _execute_task
    result = execute_callable(context=context, **execute_callable_kwargs)
  File "/home/airflow/.local/lib/python3.8/site-packages/airflow/operators/python.py", line 199, in execute
    return_value = self.execute_callable()
  File "/home/airflow/.local/lib/python3.8/site-packages/airflow/operators/python.py", line 216, in execute_callable
    return self.python_callable(*self.op_args, **self.op_kwargs)
  File "/opt/airflow/ingestion/football_data_org_api/fixtures.py", line 78, in main
    load_json_to_bigquery(all_fixtures, "raw", "fixtures", SCHEMA)
  File "/opt/airflow/ingestion/utils/bigquery_client.py", line 13, in load_json_to_bigquery
    client = get_client()
  File "/opt/airflow/ingestion/utils/bigquery_client.py", line 10, in get_client
    return bigquery.Client(project="football-analytics-492122")
  File "/home/airflow/.local/lib/python3.8/site-packages/google/cloud/bigquery/client.py", line 237, in __init__
    super(Client, self).__init__(
  File "/home/airflow/.local/lib/python3.8/site-packages/google/cloud/client/__init__.py", line 321, in __init__
    Client.__init__(
  File "/home/airflow/.local/lib/python3.8/site-packages/google/cloud/client/__init__.py", line 178, in __init__
    credentials, _ = google.auth.default(scopes=scopes)
  File "/home/airflow/.local/lib/python3.8/site-packages/google/auth/_default.py", line 657, in default
    credentials, project_id = checker()
  File "/home/airflow/.local/lib/python3.8/site-packages/google/auth/_default.py", line 650, in <lambda>
    lambda: _get_explicit_environ_credentials(quota_project_id=quota_project_id),
  File "/home/airflow/.local/lib/python3.8/site-packages/google/auth/_default.py", line 270, in _get_explicit_environ_credentials
    credentials, project_id = load_credentials_from_file(
  File "/home/airflow/.local/lib/python3.8/site-packages/google/auth/_default.py", line 114, in load_credentials_from_file
    raise exceptions.DefaultCredentialsError(
google.auth.exceptions.DefaultCredentialsError: File C:\Users\João\Desktop\Data-Portfolio\football-analytics\credentials.json was not found.
[2026-04-09T21:04:17.652+0000] {taskinstance.py:1138} INFO - Marking task as UP_FOR_RETRY. dag_id=daily_football_ingestion, task_id=ingest_fixtures, execution_date=20260409T210414, start_date=20260409T210416, end_date=20260409T210417
[2026-04-09T21:04:17.682+0000] {standard_task_runner.py:107} ERROR - Failed to execute job 6 for task ingest_fixtures (File C:\Users\João\Desktop\Data-Portfolio\football-analytics\credentials.json was not found.; 254)
[2026-04-09T21:04:17.739+0000] {local_task_job_runner.py:234} INFO - Task exited with return code 1
[2026-04-09T21:04:17.792+0000] {taskinstance.py:3280} INFO - 0 downstream tasks scheduled from follow-on schedule check
