[2026-04-09T21:23:47.731+0000] {taskinstance.py:1956} INFO - Dependencies all met for dep_context=non-requeueable deps ti=<TaskInstance: daily_football_ingestion.dbt_run manual__2026-04-09T21:23:33.661359+00:00 [queued]>
[2026-04-09T21:23:47.741+0000] {taskinstance.py:1956} INFO - Dependencies all met for dep_context=requeueable deps ti=<TaskInstance: daily_football_ingestion.dbt_run manual__2026-04-09T21:23:33.661359+00:00 [queued]>
[2026-04-09T21:23:47.742+0000] {taskinstance.py:2170} INFO - Starting attempt 1 of 2
[2026-04-09T21:23:47.758+0000] {taskinstance.py:2191} INFO - Executing <Task(BashOperator): dbt_run> on 2026-04-09 21:23:33.661359+00:00
[2026-04-09T21:23:47.765+0000] {standard_task_runner.py:60} INFO - Started process 508 to run task
[2026-04-09T21:23:47.770+0000] {standard_task_runner.py:87} INFO - Running: ['***', 'tasks', 'run', 'daily_football_ingestion', 'dbt_run', 'manual__2026-04-09T21:23:33.661359+00:00', '--job-id', '17', '--raw', '--subdir', 'DAGS_FOLDER/daily_ingestion.py', '--cfg-path', '/tmp/tmp_kl_1zkr']
[2026-04-09T21:23:47.775+0000] {standard_task_runner.py:88} INFO - Job 17: Subtask dbt_run
[2026-04-09T21:23:47.877+0000] {task_command.py:423} INFO - Running <TaskInstance: daily_football_ingestion.dbt_run manual__2026-04-09T21:23:33.661359+00:00 [running]> on host f9c54a541299
[2026-04-09T21:23:47.974+0000] {taskinstance.py:2480} INFO - Exporting env vars: AIRFLOW_CTX_DAG_OWNER='***' AIRFLOW_CTX_DAG_ID='daily_football_ingestion' AIRFLOW_CTX_TASK_ID='dbt_run' AIRFLOW_CTX_EXECUTION_DATE='2026-04-09T21:23:33.661359+00:00' AIRFLOW_CTX_TRY_NUMBER='1' AIRFLOW_CTX_DAG_RUN_ID='manual__2026-04-09T21:23:33.661359+00:00'
[2026-04-09T21:23:47.976+0000] {subprocess.py:63} INFO - Tmp dir root location: /tmp
[2026-04-09T21:23:47.978+0000] {subprocess.py:75} INFO - Running command: ['/usr/bin/bash', '-c', 'cd /opt/***/dbt && dbt run --profiles-dir /opt/***/dbt']
[2026-04-09T21:23:47.993+0000] {subprocess.py:86} INFO - Output:
[2026-04-09T21:23:47.998+0000] {subprocess.py:93} INFO - /usr/bin/bash: line 1: dbt: command not found
[2026-04-09T21:23:47.999+0000] {subprocess.py:97} INFO - Command exited with return code 127
[2026-04-09T21:23:48.013+0000] {taskinstance.py:2698} ERROR - Task failed with exception
Traceback (most recent call last):
  File "/home/airflow/.local/lib/python3.8/site-packages/airflow/models/taskinstance.py", line 433, in _execute_task
    result = execute_callable(context=context, **execute_callable_kwargs)
  File "/home/airflow/.local/lib/python3.8/site-packages/airflow/operators/bash.py", line 212, in execute
    raise AirflowException(
airflow.exceptions.AirflowException: Bash command failed. The command returned a non-zero exit code 127.
[2026-04-09T21:23:48.016+0000] {taskinstance.py:1138} INFO - Marking task as UP_FOR_RETRY. dag_id=daily_football_ingestion, task_id=dbt_run, execution_date=20260409T212333, start_date=20260409T212347, end_date=20260409T212348
[2026-04-09T21:23:48.035+0000] {standard_task_runner.py:107} ERROR - Failed to execute job 17 for task dbt_run (Bash command failed. The command returned a non-zero exit code 127.; 508)
[2026-04-09T21:23:48.064+0000] {local_task_job_runner.py:234} INFO - Task exited with return code 1
[2026-04-09T21:23:48.096+0000] {taskinstance.py:3280} INFO - 0 downstream tasks scheduled from follow-on schedule check
