[2026-04-09T21:45:07.445+0000] {taskinstance.py:1956} INFO - Dependencies all met for dep_context=non-requeueable deps ti=<TaskInstance: daily_football_ingestion.ingest_top_scorers manual__2026-04-09T21:45:05.027172+00:00 [queued]>
[2026-04-09T21:45:07.457+0000] {taskinstance.py:1956} INFO - Dependencies all met for dep_context=requeueable deps ti=<TaskInstance: daily_football_ingestion.ingest_top_scorers manual__2026-04-09T21:45:05.027172+00:00 [queued]>
[2026-04-09T21:45:07.458+0000] {taskinstance.py:2170} INFO - Starting attempt 1 of 2
[2026-04-09T21:45:07.484+0000] {taskinstance.py:2191} INFO - Executing <Task(PythonOperator): ingest_top_scorers> on 2026-04-09 21:45:05.027172+00:00
[2026-04-09T21:45:07.495+0000] {standard_task_runner.py:60} INFO - Started process 285 to run task
[2026-04-09T21:45:07.502+0000] {standard_task_runner.py:87} INFO - Running: ['***', 'tasks', 'run', 'daily_football_ingestion', 'ingest_top_scorers', 'manual__2026-04-09T21:45:05.027172+00:00', '--job-id', '6', '--raw', '--subdir', 'DAGS_FOLDER/daily_ingestion.py', '--cfg-path', '/tmp/tmpxbqe5n_5']
[2026-04-09T21:45:07.507+0000] {standard_task_runner.py:88} INFO - Job 6: Subtask ingest_top_scorers
[2026-04-09T21:45:07.606+0000] {task_command.py:423} INFO - Running <TaskInstance: daily_football_ingestion.ingest_top_scorers manual__2026-04-09T21:45:05.027172+00:00 [running]> on host dfe90bf0f232
[2026-04-09T21:45:07.727+0000] {taskinstance.py:2480} INFO - Exporting env vars: AIRFLOW_CTX_DAG_OWNER='***' AIRFLOW_CTX_DAG_ID='daily_football_ingestion' AIRFLOW_CTX_TASK_ID='ingest_top_scorers' AIRFLOW_CTX_EXECUTION_DATE='2026-04-09T21:45:05.027172+00:00' AIRFLOW_CTX_TRY_NUMBER='1' AIRFLOW_CTX_DAG_RUN_ID='manual__2026-04-09T21:45:05.027172+00:00'
[2026-04-09T21:45:07.730+0000] {logging_mixin.py:188} INFO - Extracting top scorers: premier_league...
[2026-04-09T21:45:12.829+0000] {logging_mixin.py:188} INFO -   -> 10 scorers found
[2026-04-09T21:45:12.832+0000] {logging_mixin.py:188} INFO - Extracting top scorers: la_liga...
[2026-04-09T21:45:15.921+0000] {logging_mixin.py:188} INFO -   -> 10 scorers found
[2026-04-09T21:45:15.924+0000] {logging_mixin.py:188} INFO - Extracting top scorers: liga_portugal...
[2026-04-09T21:45:17.938+0000] {logging_mixin.py:188} INFO -   -> 10 scorers found
[2026-04-09T21:45:17.940+0000] {logging_mixin.py:188} INFO - Extracting top scorers: champions_league...
[2026-04-09T21:45:19.455+0000] {logging_mixin.py:188} INFO -   -> 10 scorers found
[2026-04-09T21:45:19.464+0000] {logging_mixin.py:188} INFO - 
Total: 40 rows extracted
[2026-04-09T21:45:19.473+0000] {logging_mixin.py:188} INFO - Loading to BigQuery...
[2026-04-09T21:45:23.155+0000] {logging_mixin.py:188} INFO - Loaded 40 rows into football-analytics-492122.raw.top_scorers
[2026-04-09T21:45:23.158+0000] {python.py:201} INFO - Done. Returned value was: None
[2026-04-09T21:45:23.198+0000] {taskinstance.py:1138} INFO - Marking task as SUCCESS. dag_id=daily_football_ingestion, task_id=ingest_top_scorers, execution_date=20260409T214505, start_date=20260409T214507, end_date=20260409T214523
[2026-04-09T21:45:23.288+0000] {local_task_job_runner.py:234} INFO - Task exited with return code 0
[2026-04-09T21:45:23.368+0000] {taskinstance.py:3280} INFO - 1 downstream tasks scheduled from follow-on schedule check
