[2026-04-09T21:28:18.545+0000] {taskinstance.py:1956} INFO - Dependencies all met for dep_context=non-requeueable deps ti=<TaskInstance: daily_football_ingestion.dbt_run scheduled__2026-04-08T07:00:00+00:00 [queued]>
[2026-04-09T21:28:18.561+0000] {taskinstance.py:1956} INFO - Dependencies all met for dep_context=requeueable deps ti=<TaskInstance: daily_football_ingestion.dbt_run scheduled__2026-04-08T07:00:00+00:00 [queued]>
[2026-04-09T21:28:18.562+0000] {taskinstance.py:2170} INFO - Starting attempt 1 of 2
[2026-04-09T21:28:18.588+0000] {taskinstance.py:2191} INFO - Executing <Task(BashOperator): dbt_run> on 2026-04-08 07:00:00+00:00
[2026-04-09T21:28:18.597+0000] {standard_task_runner.py:60} INFO - Started process 234 to run task
[2026-04-09T21:28:18.603+0000] {standard_task_runner.py:87} INFO - Running: ['***', 'tasks', 'run', 'daily_football_ingestion', 'dbt_run', 'scheduled__2026-04-08T07:00:00+00:00', '--job-id', '5', '--raw', '--subdir', 'DAGS_FOLDER/daily_ingestion.py', '--cfg-path', '/tmp/tmp9ic6ahz5']
[2026-04-09T21:28:18.609+0000] {standard_task_runner.py:88} INFO - Job 5: Subtask dbt_run
[2026-04-09T21:28:18.713+0000] {task_command.py:423} INFO - Running <TaskInstance: daily_football_ingestion.dbt_run scheduled__2026-04-08T07:00:00+00:00 [running]> on host a2250537e0c4
[2026-04-09T21:28:18.823+0000] {taskinstance.py:2480} INFO - Exporting env vars: AIRFLOW_CTX_DAG_OWNER='***' AIRFLOW_CTX_DAG_ID='daily_football_ingestion' AIRFLOW_CTX_TASK_ID='dbt_run' AIRFLOW_CTX_EXECUTION_DATE='2026-04-08T07:00:00+00:00' AIRFLOW_CTX_TRY_NUMBER='1' AIRFLOW_CTX_DAG_RUN_ID='scheduled__2026-04-08T07:00:00+00:00'
[2026-04-09T21:28:18.825+0000] {subprocess.py:63} INFO - Tmp dir root location: /tmp
[2026-04-09T21:28:18.826+0000] {subprocess.py:75} INFO - Running command: ['/usr/bin/bash', '-c', 'cd /opt/***/dbt && dbt run --profiles-dir /opt/***/dbt']
[2026-04-09T21:28:18.841+0000] {subprocess.py:86} INFO - Output:
[2026-04-09T21:28:20.849+0000] {subprocess.py:93} INFO - [0m21:28:20  Running with dbt=1.8.7
[2026-04-09T21:28:20.853+0000] {subprocess.py:93} INFO - [0m21:28:20  Encountered an error:
[2026-04-09T21:28:20.854+0000] {subprocess.py:93} INFO - Runtime Error
[2026-04-09T21:28:20.854+0000] {subprocess.py:93} INFO -   No dbt_project.yml found at expected path /opt/***/dbt/dbt_project.yml
[2026-04-09T21:28:20.855+0000] {subprocess.py:93} INFO -   Verify that each entry within packages.yml (and their transitive dependencies) contains a file named dbt_project.yml
[2026-04-09T21:28:20.856+0000] {subprocess.py:93} INFO - 
[2026-04-09T21:28:21.675+0000] {subprocess.py:97} INFO - Command exited with return code 2
[2026-04-09T21:28:21.690+0000] {taskinstance.py:2698} ERROR - Task failed with exception
Traceback (most recent call last):
  File "/home/airflow/.local/lib/python3.8/site-packages/airflow/models/taskinstance.py", line 433, in _execute_task
    result = execute_callable(context=context, **execute_callable_kwargs)
  File "/home/airflow/.local/lib/python3.8/site-packages/airflow/operators/bash.py", line 212, in execute
    raise AirflowException(
airflow.exceptions.AirflowException: Bash command failed. The command returned a non-zero exit code 2.
[2026-04-09T21:28:21.694+0000] {taskinstance.py:1138} INFO - Marking task as UP_FOR_RETRY. dag_id=daily_football_ingestion, task_id=dbt_run, execution_date=20260408T070000, start_date=20260409T212818, end_date=20260409T212821
[2026-04-09T21:28:21.712+0000] {standard_task_runner.py:107} ERROR - Failed to execute job 5 for task dbt_run (Bash command failed. The command returned a non-zero exit code 2.; 234)
[2026-04-09T21:28:21.755+0000] {local_task_job_runner.py:234} INFO - Task exited with return code 1
[2026-04-09T21:28:21.785+0000] {taskinstance.py:3280} INFO - 0 downstream tasks scheduled from follow-on schedule check
[2026-04-09T21:34:42.109+0000] {taskinstance.py:1956} INFO - Dependencies all met for dep_context=non-requeueable deps ti=<TaskInstance: daily_football_ingestion.dbt_run scheduled__2026-04-08T07:00:00+00:00 [queued]>
[2026-04-09T21:34:42.120+0000] {taskinstance.py:1956} INFO - Dependencies all met for dep_context=requeueable deps ti=<TaskInstance: daily_football_ingestion.dbt_run scheduled__2026-04-08T07:00:00+00:00 [queued]>
[2026-04-09T21:34:42.120+0000] {taskinstance.py:2170} INFO - Starting attempt 1 of 2
[2026-04-09T21:34:42.136+0000] {taskinstance.py:2191} INFO - Executing <Task(BashOperator): dbt_run> on 2026-04-08 07:00:00+00:00
[2026-04-09T21:34:42.143+0000] {standard_task_runner.py:60} INFO - Started process 240 to run task
[2026-04-09T21:34:42.147+0000] {standard_task_runner.py:87} INFO - Running: ['***', 'tasks', 'run', 'daily_football_ingestion', 'dbt_run', 'scheduled__2026-04-08T07:00:00+00:00', '--job-id', '5', '--raw', '--subdir', 'DAGS_FOLDER/daily_ingestion.py', '--cfg-path', '/tmp/tmpukaszjd5']
[2026-04-09T21:34:42.152+0000] {standard_task_runner.py:88} INFO - Job 5: Subtask dbt_run
[2026-04-09T21:34:42.241+0000] {task_command.py:423} INFO - Running <TaskInstance: daily_football_ingestion.dbt_run scheduled__2026-04-08T07:00:00+00:00 [running]> on host 65c8b2919894
[2026-04-09T21:34:42.338+0000] {taskinstance.py:2480} INFO - Exporting env vars: AIRFLOW_CTX_DAG_OWNER='***' AIRFLOW_CTX_DAG_ID='daily_football_ingestion' AIRFLOW_CTX_TASK_ID='dbt_run' AIRFLOW_CTX_EXECUTION_DATE='2026-04-08T07:00:00+00:00' AIRFLOW_CTX_TRY_NUMBER='1' AIRFLOW_CTX_DAG_RUN_ID='scheduled__2026-04-08T07:00:00+00:00'
[2026-04-09T21:34:42.341+0000] {subprocess.py:63} INFO - Tmp dir root location: /tmp
[2026-04-09T21:34:42.342+0000] {subprocess.py:75} INFO - Running command: ['/usr/bin/bash', '-c', 'cd /opt/*** && dbt run --profiles-dir /opt/***/dbt']
[2026-04-09T21:34:42.356+0000] {subprocess.py:86} INFO - Output:
[2026-04-09T21:34:44.463+0000] {subprocess.py:93} INFO - [0m21:34:44  Running with dbt=1.8.7
[2026-04-09T21:34:44.473+0000] {subprocess.py:93} INFO - [0m21:34:44  Encountered an error:
[2026-04-09T21:34:44.474+0000] {subprocess.py:93} INFO - Runtime Error
[2026-04-09T21:34:44.475+0000] {subprocess.py:93} INFO -   Could not find profile named 'football_analytics'
[2026-04-09T21:34:45.304+0000] {subprocess.py:97} INFO - Command exited with return code 2
[2026-04-09T21:34:45.319+0000] {taskinstance.py:2698} ERROR - Task failed with exception
Traceback (most recent call last):
  File "/home/airflow/.local/lib/python3.8/site-packages/airflow/models/taskinstance.py", line 433, in _execute_task
    result = execute_callable(context=context, **execute_callable_kwargs)
  File "/home/airflow/.local/lib/python3.8/site-packages/airflow/operators/bash.py", line 212, in execute
    raise AirflowException(
airflow.exceptions.AirflowException: Bash command failed. The command returned a non-zero exit code 2.
[2026-04-09T21:34:45.323+0000] {taskinstance.py:1138} INFO - Marking task as UP_FOR_RETRY. dag_id=daily_football_ingestion, task_id=dbt_run, execution_date=20260408T070000, start_date=20260409T213442, end_date=20260409T213445
[2026-04-09T21:34:45.348+0000] {standard_task_runner.py:107} ERROR - Failed to execute job 5 for task dbt_run (Bash command failed. The command returned a non-zero exit code 2.; 240)
[2026-04-09T21:34:45.378+0000] {local_task_job_runner.py:234} INFO - Task exited with return code 1
[2026-04-09T21:34:45.410+0000] {taskinstance.py:3280} INFO - 0 downstream tasks scheduled from follow-on schedule check
[2026-04-09T21:42:22.765+0000] {taskinstance.py:1956} INFO - Dependencies all met for dep_context=non-requeueable deps ti=<TaskInstance: daily_football_ingestion.dbt_run scheduled__2026-04-08T07:00:00+00:00 [queued]>
[2026-04-09T21:42:22.790+0000] {taskinstance.py:1956} INFO - Dependencies all met for dep_context=requeueable deps ti=<TaskInstance: daily_football_ingestion.dbt_run scheduled__2026-04-08T07:00:00+00:00 [queued]>
[2026-04-09T21:42:22.792+0000] {taskinstance.py:2170} INFO - Starting attempt 1 of 2
[2026-04-09T21:42:22.821+0000] {taskinstance.py:2191} INFO - Executing <Task(BashOperator): dbt_run> on 2026-04-08 07:00:00+00:00
[2026-04-09T21:42:22.832+0000] {standard_task_runner.py:60} INFO - Started process 235 to run task
[2026-04-09T21:42:22.839+0000] {standard_task_runner.py:87} INFO - Running: ['***', 'tasks', 'run', 'daily_football_ingestion', 'dbt_run', 'scheduled__2026-04-08T07:00:00+00:00', '--job-id', '5', '--raw', '--subdir', 'DAGS_FOLDER/daily_ingestion.py', '--cfg-path', '/tmp/tmp71j6vig4']
[2026-04-09T21:42:22.844+0000] {standard_task_runner.py:88} INFO - Job 5: Subtask dbt_run
[2026-04-09T21:42:22.962+0000] {task_command.py:423} INFO - Running <TaskInstance: daily_football_ingestion.dbt_run scheduled__2026-04-08T07:00:00+00:00 [running]> on host dfe90bf0f232
[2026-04-09T21:42:23.079+0000] {taskinstance.py:2480} INFO - Exporting env vars: AIRFLOW_CTX_DAG_OWNER='***' AIRFLOW_CTX_DAG_ID='daily_football_ingestion' AIRFLOW_CTX_TASK_ID='dbt_run' AIRFLOW_CTX_EXECUTION_DATE='2026-04-08T07:00:00+00:00' AIRFLOW_CTX_TRY_NUMBER='1' AIRFLOW_CTX_DAG_RUN_ID='scheduled__2026-04-08T07:00:00+00:00'
[2026-04-09T21:42:23.083+0000] {subprocess.py:63} INFO - Tmp dir root location: /tmp
[2026-04-09T21:42:23.085+0000] {subprocess.py:75} INFO - Running command: ['/usr/bin/bash', '-c', 'cd /opt/*** && dbt run --profiles-dir /opt/***/dbt']
[2026-04-09T21:42:23.101+0000] {subprocess.py:86} INFO - Output:
[2026-04-09T21:42:25.237+0000] {subprocess.py:93} INFO - [0m21:42:25  Running with dbt=1.8.7
[2026-04-09T21:42:26.386+0000] {subprocess.py:93} INFO - [0m21:42:26  [[33mWARNING[0m]: Deprecated functionality
[2026-04-09T21:42:26.387+0000] {subprocess.py:93} INFO - The `target-path` config in `dbt_project.yml` has been deprecated, and will no
[2026-04-09T21:42:26.388+0000] {subprocess.py:93} INFO - longer be supported in a future version of dbt-core. If you wish to write dbt
[2026-04-09T21:42:26.389+0000] {subprocess.py:93} INFO - artifacts to a custom directory, please use the --target-path CLI flag or
[2026-04-09T21:42:26.389+0000] {subprocess.py:93} INFO - DBT_TARGET_PATH env var instead.
[2026-04-09T21:42:26.622+0000] {subprocess.py:93} INFO - [0m21:42:26  Registered adapter: bigquery=1.8.2
[2026-04-09T21:42:27.955+0000] {subprocess.py:93} INFO - [0m21:42:27  Found 9 models, 122 data tests, 3 sources, 480 macros
[2026-04-09T21:42:27.969+0000] {subprocess.py:93} INFO - [0m21:42:27
[2026-04-09T21:42:27.995+0000] {subprocess.py:93} INFO - [0m21:42:27
[2026-04-09T21:42:27.997+0000] {subprocess.py:93} INFO - [0m21:42:27  Finished running  in 0 hours 0 minutes and 0.02 seconds (0.02s).
[2026-04-09T21:42:28.001+0000] {subprocess.py:93} INFO - [0m21:42:28  Encountered an error:
[2026-04-09T21:42:28.001+0000] {subprocess.py:93} INFO - Database Error
[2026-04-09T21:42:28.002+0000] {subprocess.py:93} INFO -   [Errno 2] No such file or directory: 'C:\\Users\\João\\Desktop\\Data-Portfolio\\football-analytics\\credentials.json'
[2026-04-09T21:42:29.020+0000] {subprocess.py:97} INFO - Command exited with return code 2
[2026-04-09T21:42:29.038+0000] {taskinstance.py:2698} ERROR - Task failed with exception
Traceback (most recent call last):
  File "/home/airflow/.local/lib/python3.8/site-packages/airflow/models/taskinstance.py", line 433, in _execute_task
    result = execute_callable(context=context, **execute_callable_kwargs)
  File "/home/airflow/.local/lib/python3.8/site-packages/airflow/operators/bash.py", line 212, in execute
    raise AirflowException(
airflow.exceptions.AirflowException: Bash command failed. The command returned a non-zero exit code 2.
[2026-04-09T21:42:29.042+0000] {taskinstance.py:1138} INFO - Marking task as UP_FOR_RETRY. dag_id=daily_football_ingestion, task_id=dbt_run, execution_date=20260408T070000, start_date=20260409T214222, end_date=20260409T214229
[2026-04-09T21:42:29.061+0000] {standard_task_runner.py:107} ERROR - Failed to execute job 5 for task dbt_run (Bash command failed. The command returned a non-zero exit code 2.; 235)
[2026-04-09T21:42:29.077+0000] {local_task_job_runner.py:234} INFO - Task exited with return code 1
[2026-04-09T21:42:29.101+0000] {taskinstance.py:3280} INFO - 0 downstream tasks scheduled from follow-on schedule check
