[2026-04-09T21:30:20.195+0000] {taskinstance.py:1956} INFO - Dependencies all met for dep_context=non-requeueable deps ti=<TaskInstance: daily_football_ingestion.ingest_top_scorers manual__2026-04-09T21:30:18.352670+00:00 [queued]>
[2026-04-09T21:30:20.211+0000] {taskinstance.py:1956} INFO - Dependencies all met for dep_context=requeueable deps ti=<TaskInstance: daily_football_ingestion.ingest_top_scorers manual__2026-04-09T21:30:18.352670+00:00 [queued]>
[2026-04-09T21:30:20.212+0000] {taskinstance.py:2170} INFO - Starting attempt 1 of 2
[2026-04-09T21:30:20.236+0000] {taskinstance.py:2191} INFO - Executing <Task(PythonOperator): ingest_top_scorers> on 2026-04-09 21:30:18.352670+00:00
[2026-04-09T21:30:20.245+0000] {standard_task_runner.py:60} INFO - Started process 269 to run task
[2026-04-09T21:30:20.255+0000] {standard_task_runner.py:87} INFO - Running: ['***', 'tasks', 'run', 'daily_football_ingestion', 'ingest_top_scorers', 'manual__2026-04-09T21:30:18.352670+00:00', '--job-id', '8', '--raw', '--subdir', 'DAGS_FOLDER/daily_ingestion.py', '--cfg-path', '/tmp/tmpiyhojr08']
[2026-04-09T21:30:20.260+0000] {standard_task_runner.py:88} INFO - Job 8: Subtask ingest_top_scorers
[2026-04-09T21:30:20.380+0000] {task_command.py:423} INFO - Running <TaskInstance: daily_football_ingestion.ingest_top_scorers manual__2026-04-09T21:30:18.352670+00:00 [running]> on host a2250537e0c4
[2026-04-09T21:30:20.525+0000] {taskinstance.py:2480} INFO - Exporting env vars: AIRFLOW_CTX_DAG_OWNER='***' AIRFLOW_CTX_DAG_ID='daily_football_ingestion' AIRFLOW_CTX_TASK_ID='ingest_top_scorers' AIRFLOW_CTX_EXECUTION_DATE='2026-04-09T21:30:18.352670+00:00' AIRFLOW_CTX_TRY_NUMBER='1' AIRFLOW_CTX_DAG_RUN_ID='manual__2026-04-09T21:30:18.352670+00:00'
[2026-04-09T21:30:20.527+0000] {logging_mixin.py:188} INFO - Extracting top scorers: premier_league...
[2026-04-09T21:30:27.874+0000] {logging_mixin.py:188} INFO -   -> 10 scorers found
[2026-04-09T21:30:27.875+0000] {logging_mixin.py:188} INFO - Extracting top scorers: la_liga...
[2026-04-09T21:30:32.552+0000] {logging_mixin.py:188} INFO -   -> 10 scorers found
[2026-04-09T21:30:32.557+0000] {logging_mixin.py:188} INFO - Extracting top scorers: liga_portugal...
[2026-04-09T21:30:35.713+0000] {logging_mixin.py:188} INFO -   -> 10 scorers found
[2026-04-09T21:30:35.715+0000] {logging_mixin.py:188} INFO - Extracting top scorers: champions_league...
[2026-04-09T21:30:39.358+0000] {logging_mixin.py:188} INFO -   -> 10 scorers found
[2026-04-09T21:30:39.359+0000] {logging_mixin.py:188} INFO - 
Total: 40 rows extracted
[2026-04-09T21:30:39.360+0000] {logging_mixin.py:188} INFO - Loading to BigQuery...
[2026-04-09T21:30:43.341+0000] {logging_mixin.py:188} INFO - Loaded 40 rows into football-analytics-492122.raw.top_scorers
[2026-04-09T21:30:43.342+0000] {python.py:201} INFO - Done. Returned value was: None
[2026-04-09T21:30:43.356+0000] {taskinstance.py:1138} INFO - Marking task as SUCCESS. dag_id=daily_football_ingestion, task_id=ingest_top_scorers, execution_date=20260409T213018, start_date=20260409T213020, end_date=20260409T213043
[2026-04-09T21:30:43.444+0000] {local_task_job_runner.py:234} INFO - Task exited with return code 0
[2026-04-09T21:30:43.474+0000] {taskinstance.py:3280} INFO - 1 downstream tasks scheduled from follow-on schedule check
