[2026-04-09T21:09:15.814+0000] {taskinstance.py:1956} INFO - Dependencies all met for dep_context=non-requeueable deps ti=<TaskInstance: daily_football_ingestion.ingest_standings scheduled__2026-04-08T07:00:00+00:00 [queued]>
[2026-04-09T21:09:15.823+0000] {taskinstance.py:1956} INFO - Dependencies all met for dep_context=requeueable deps ti=<TaskInstance: daily_football_ingestion.ingest_standings scheduled__2026-04-08T07:00:00+00:00 [queued]>
[2026-04-09T21:09:15.824+0000] {taskinstance.py:2170} INFO - Starting attempt 2 of 2
[2026-04-09T21:09:15.844+0000] {taskinstance.py:2191} INFO - Executing <Task(PythonOperator): ingest_standings> on 2026-04-08 07:00:00+00:00
[2026-04-09T21:09:15.855+0000] {standard_task_runner.py:60} INFO - Started process 319 to run task
[2026-04-09T21:09:15.865+0000] {standard_task_runner.py:87} INFO - Running: ['***', 'tasks', 'run', 'daily_football_ingestion', 'ingest_standings', 'scheduled__2026-04-08T07:00:00+00:00', '--job-id', '8', '--raw', '--subdir', 'DAGS_FOLDER/daily_ingestion.py', '--cfg-path', '/tmp/tmpnpcmmwuy']
[2026-04-09T21:09:15.869+0000] {standard_task_runner.py:88} INFO - Job 8: Subtask ingest_standings
[2026-04-09T21:09:15.962+0000] {task_command.py:423} INFO - Running <TaskInstance: daily_football_ingestion.ingest_standings scheduled__2026-04-08T07:00:00+00:00 [running]> on host f9c54a541299
[2026-04-09T21:09:16.096+0000] {taskinstance.py:2480} INFO - Exporting env vars: AIRFLOW_CTX_DAG_OWNER='***' AIRFLOW_CTX_DAG_ID='daily_football_ingestion' AIRFLOW_CTX_TASK_ID='ingest_standings' AIRFLOW_CTX_EXECUTION_DATE='2026-04-08T07:00:00+00:00' AIRFLOW_CTX_TRY_NUMBER='2' AIRFLOW_CTX_DAG_RUN_ID='scheduled__2026-04-08T07:00:00+00:00'
[2026-04-09T21:09:16.101+0000] {logging_mixin.py:188} INFO - Extracting standings: premier_league...
[2026-04-09T21:09:16.286+0000] {logging_mixin.py:188} INFO -   → 20 teams found
[2026-04-09T21:09:16.288+0000] {logging_mixin.py:188} INFO - Extracting standings: la_liga...
[2026-04-09T21:09:16.502+0000] {logging_mixin.py:188} INFO -   → 20 teams found
[2026-04-09T21:09:16.505+0000] {logging_mixin.py:188} INFO - Extracting standings: liga_portugal...
[2026-04-09T21:09:16.671+0000] {logging_mixin.py:188} INFO -   → 18 teams found
[2026-04-09T21:09:16.673+0000] {logging_mixin.py:188} INFO - 
Total: 58 extracted rows
[2026-04-09T21:09:16.675+0000] {logging_mixin.py:188} INFO - Loading to BigQuery...
[2026-04-09T21:09:16.679+0000] {taskinstance.py:2698} ERROR - Task failed with exception
Traceback (most recent call last):
  File "/home/airflow/.local/lib/python3.8/site-packages/airflow/models/taskinstance.py", line 433, in _execute_task
    result = execute_callable(context=context, **execute_callable_kwargs)
  File "/home/airflow/.local/lib/python3.8/site-packages/airflow/operators/python.py", line 199, in execute
    return_value = self.execute_callable()
  File "/home/airflow/.local/lib/python3.8/site-packages/airflow/operators/python.py", line 216, in execute_callable
    return self.python_callable(*self.op_args, **self.op_kwargs)
  File "/opt/airflow/ingestion/football_data_org_api/standings.py", line 84, in main
    load_json_to_bigquery(all_standings, "raw", "standings", SCHEMA)
  File "/opt/airflow/ingestion/utils/bigquery_client.py", line 13, in load_json_to_bigquery
    client = get_client()
  File "/opt/airflow/ingestion/utils/bigquery_client.py", line 10, in get_client
    return bigquery.Client(project="football-analytics-492122")
  File "/home/airflow/.local/lib/python3.8/site-packages/google/cloud/bigquery/client.py", line 237, in __init__
    super(Client, self).__init__(
  File "/home/airflow/.local/lib/python3.8/site-packages/google/cloud/client/__init__.py", line 321, in __init__
    Client.__init__(
  File "/home/airflow/.local/lib/python3.8/site-packages/google/cloud/client/__init__.py", line 178, in __init__
    credentials, _ = google.auth.default(scopes=scopes)
  File "/home/airflow/.local/lib/python3.8/site-packages/google/auth/_default.py", line 657, in default
    credentials, project_id = checker()
  File "/home/airflow/.local/lib/python3.8/site-packages/google/auth/_default.py", line 650, in <lambda>
    lambda: _get_explicit_environ_credentials(quota_project_id=quota_project_id),
  File "/home/airflow/.local/lib/python3.8/site-packages/google/auth/_default.py", line 270, in _get_explicit_environ_credentials
    credentials, project_id = load_credentials_from_file(
  File "/home/airflow/.local/lib/python3.8/site-packages/google/auth/_default.py", line 114, in load_credentials_from_file
    raise exceptions.DefaultCredentialsError(
google.auth.exceptions.DefaultCredentialsError: File C:\Users\João\Desktop\Data-Portfolio\football-analytics\credentials.json was not found.
[2026-04-09T21:09:16.747+0000] {taskinstance.py:1138} INFO - Marking task as FAILED. dag_id=daily_football_ingestion, task_id=ingest_standings, execution_date=20260408T070000, start_date=20260409T210915, end_date=20260409T210916
[2026-04-09T21:09:16.768+0000] {standard_task_runner.py:107} ERROR - Failed to execute job 8 for task ingest_standings (File C:\Users\João\Desktop\Data-Portfolio\football-analytics\credentials.json was not found.; 319)
[2026-04-09T21:09:16.806+0000] {local_task_job_runner.py:234} INFO - Task exited with return code 1
[2026-04-09T21:09:16.905+0000] {taskinstance.py:3280} INFO - 0 downstream tasks scheduled from follow-on schedule check
