[2026-04-09T21:23:35.823+0000] {taskinstance.py:1956} INFO - Dependencies all met for dep_context=non-requeueable deps ti=<TaskInstance: daily_football_ingestion.ingest_top_scorers manual__2026-04-09T21:23:33.661359+00:00 [queued]>
[2026-04-09T21:23:35.838+0000] {taskinstance.py:1956} INFO - Dependencies all met for dep_context=requeueable deps ti=<TaskInstance: daily_football_ingestion.ingest_top_scorers manual__2026-04-09T21:23:33.661359+00:00 [queued]>
[2026-04-09T21:23:35.839+0000] {taskinstance.py:2170} INFO - Starting attempt 1 of 2
[2026-04-09T21:23:35.860+0000] {taskinstance.py:2191} INFO - Executing <Task(PythonOperator): ingest_top_scorers> on 2026-04-09 21:23:33.661359+00:00
[2026-04-09T21:23:35.871+0000] {standard_task_runner.py:60} INFO - Started process 505 to run task
[2026-04-09T21:23:35.879+0000] {standard_task_runner.py:87} INFO - Running: ['***', 'tasks', 'run', 'daily_football_ingestion', 'ingest_top_scorers', 'manual__2026-04-09T21:23:33.661359+00:00', '--job-id', '16', '--raw', '--subdir', 'DAGS_FOLDER/daily_ingestion.py', '--cfg-path', '/tmp/tmp9okf39hv']
[2026-04-09T21:23:35.884+0000] {standard_task_runner.py:88} INFO - Job 16: Subtask ingest_top_scorers
[2026-04-09T21:23:35.990+0000] {task_command.py:423} INFO - Running <TaskInstance: daily_football_ingestion.ingest_top_scorers manual__2026-04-09T21:23:33.661359+00:00 [running]> on host f9c54a541299
[2026-04-09T21:23:36.121+0000] {taskinstance.py:2480} INFO - Exporting env vars: AIRFLOW_CTX_DAG_OWNER='***' AIRFLOW_CTX_DAG_ID='daily_football_ingestion' AIRFLOW_CTX_TASK_ID='ingest_top_scorers' AIRFLOW_CTX_EXECUTION_DATE='2026-04-09T21:23:33.661359+00:00' AIRFLOW_CTX_TRY_NUMBER='1' AIRFLOW_CTX_DAG_RUN_ID='manual__2026-04-09T21:23:33.661359+00:00'
[2026-04-09T21:23:36.124+0000] {logging_mixin.py:188} INFO - Extracting top scorers: premier_league...
[2026-04-09T21:23:37.781+0000] {logging_mixin.py:188} INFO -   -> 10 scorers found
[2026-04-09T21:23:37.782+0000] {logging_mixin.py:188} INFO - Extracting top scorers: la_liga...
[2026-04-09T21:23:39.458+0000] {logging_mixin.py:188} INFO -   -> 10 scorers found
[2026-04-09T21:23:39.459+0000] {logging_mixin.py:188} INFO - Extracting top scorers: liga_portugal...
[2026-04-09T21:23:40.323+0000] {logging_mixin.py:188} INFO -   -> 10 scorers found
[2026-04-09T21:23:40.326+0000] {logging_mixin.py:188} INFO - Extracting top scorers: champions_league...
[2026-04-09T21:23:41.140+0000] {logging_mixin.py:188} INFO -   -> 10 scorers found
[2026-04-09T21:23:41.142+0000] {logging_mixin.py:188} INFO - 
Total: 40 rows extracted
[2026-04-09T21:23:41.143+0000] {logging_mixin.py:188} INFO - Loading to BigQuery...
[2026-04-09T21:23:45.770+0000] {logging_mixin.py:188} INFO - Loaded 40 rows into football-analytics-492122.raw.top_scorers
[2026-04-09T21:23:45.771+0000] {python.py:201} INFO - Done. Returned value was: None
[2026-04-09T21:23:45.789+0000] {taskinstance.py:1138} INFO - Marking task as SUCCESS. dag_id=daily_football_ingestion, task_id=ingest_top_scorers, execution_date=20260409T212333, start_date=20260409T212335, end_date=20260409T212345
[2026-04-09T21:23:45.845+0000] {local_task_job_runner.py:234} INFO - Task exited with return code 0
[2026-04-09T21:23:45.873+0000] {taskinstance.py:3280} INFO - 1 downstream tasks scheduled from follow-on schedule check
