[2026-04-09T21:04:12.917+0000] {taskinstance.py:1956} INFO - Dependencies all met for dep_context=non-requeueable deps ti=<TaskInstance: daily_football_ingestion.ingest_top_scorers scheduled__2026-04-08T07:00:00+00:00 [queued]>
[2026-04-09T21:04:12.933+0000] {taskinstance.py:1956} INFO - Dependencies all met for dep_context=requeueable deps ti=<TaskInstance: daily_football_ingestion.ingest_top_scorers scheduled__2026-04-08T07:00:00+00:00 [queued]>
[2026-04-09T21:04:12.934+0000] {taskinstance.py:2170} INFO - Starting attempt 1 of 2
[2026-04-09T21:04:12.957+0000] {taskinstance.py:2191} INFO - Executing <Task(PythonOperator): ingest_top_scorers> on 2026-04-08 07:00:00+00:00
[2026-04-09T21:04:12.966+0000] {standard_task_runner.py:60} INFO - Started process 245 to run task
[2026-04-09T21:04:12.972+0000] {standard_task_runner.py:87} INFO - Running: ['***', 'tasks', 'run', 'daily_football_ingestion', 'ingest_top_scorers', 'scheduled__2026-04-08T07:00:00+00:00', '--job-id', '3', '--raw', '--subdir', 'DAGS_FOLDER/daily_ingestion.py', '--cfg-path', '/tmp/tmptrh3epzv']
[2026-04-09T21:04:12.976+0000] {standard_task_runner.py:88} INFO - Job 3: Subtask ingest_top_scorers
[2026-04-09T21:04:13.085+0000] {task_command.py:423} INFO - Running <TaskInstance: daily_football_ingestion.ingest_top_scorers scheduled__2026-04-08T07:00:00+00:00 [running]> on host f9c54a541299
[2026-04-09T21:04:13.220+0000] {taskinstance.py:2480} INFO - Exporting env vars: AIRFLOW_CTX_DAG_OWNER='***' AIRFLOW_CTX_DAG_ID='daily_football_ingestion' AIRFLOW_CTX_TASK_ID='ingest_top_scorers' AIRFLOW_CTX_EXECUTION_DATE='2026-04-08T07:00:00+00:00' AIRFLOW_CTX_TRY_NUMBER='1' AIRFLOW_CTX_DAG_RUN_ID='scheduled__2026-04-08T07:00:00+00:00'
[2026-04-09T21:04:13.222+0000] {logging_mixin.py:188} INFO - Extracting top scorers: premier_league...
[2026-04-09T21:04:14.592+0000] {logging_mixin.py:188} INFO -   -> 10 scorers found
[2026-04-09T21:04:14.595+0000] {logging_mixin.py:188} INFO - Extracting top scorers: la_liga...
[2026-04-09T21:04:15.943+0000] {logging_mixin.py:188} INFO -   -> 10 scorers found
[2026-04-09T21:04:15.944+0000] {logging_mixin.py:188} INFO - Extracting top scorers: liga_portugal...
[2026-04-09T21:04:17.622+0000] {logging_mixin.py:188} INFO -   -> 10 scorers found
[2026-04-09T21:04:17.624+0000] {logging_mixin.py:188} INFO - Extracting top scorers: champions_league...
[2026-04-09T21:04:17.756+0000] {logging_mixin.py:188} INFO -   -> 0 scorers found
[2026-04-09T21:04:17.757+0000] {logging_mixin.py:188} INFO - 
Total: 30 rows extracted
[2026-04-09T21:04:17.758+0000] {logging_mixin.py:188} INFO - Loading to BigQuery...
[2026-04-09T21:04:17.770+0000] {taskinstance.py:2698} ERROR - Task failed with exception
Traceback (most recent call last):
  File "/home/airflow/.local/lib/python3.8/site-packages/airflow/models/taskinstance.py", line 433, in _execute_task
    result = execute_callable(context=context, **execute_callable_kwargs)
  File "/home/airflow/.local/lib/python3.8/site-packages/airflow/operators/python.py", line 199, in execute
    return_value = self.execute_callable()
  File "/home/airflow/.local/lib/python3.8/site-packages/airflow/operators/python.py", line 216, in execute_callable
    return self.python_callable(*self.op_args, **self.op_kwargs)
  File "/opt/airflow/ingestion/football_data_org_api/top_scorers.py", line 74, in main
    load_json_to_bigquery(all_scorers, "raw", "top_scorers", SCHEMA)
  File "/opt/airflow/ingestion/utils/bigquery_client.py", line 13, in load_json_to_bigquery
    client = get_client()
  File "/opt/airflow/ingestion/utils/bigquery_client.py", line 10, in get_client
    return bigquery.Client(project="football-analytics-492122")
  File "/home/airflow/.local/lib/python3.8/site-packages/google/cloud/bigquery/client.py", line 237, in __init__
    super(Client, self).__init__(
  File "/home/airflow/.local/lib/python3.8/site-packages/google/cloud/client/__init__.py", line 321, in __init__
    Client.__init__(
  File "/home/airflow/.local/lib/python3.8/site-packages/google/cloud/client/__init__.py", line 178, in __init__
    credentials, _ = google.auth.default(scopes=scopes)
  File "/home/airflow/.local/lib/python3.8/site-packages/google/auth/_default.py", line 657, in default
    credentials, project_id = checker()
  File "/home/airflow/.local/lib/python3.8/site-packages/google/auth/_default.py", line 650, in <lambda>
    lambda: _get_explicit_environ_credentials(quota_project_id=quota_project_id),
  File "/home/airflow/.local/lib/python3.8/site-packages/google/auth/_default.py", line 270, in _get_explicit_environ_credentials
    credentials, project_id = load_credentials_from_file(
  File "/home/airflow/.local/lib/python3.8/site-packages/google/auth/_default.py", line 114, in load_credentials_from_file
    raise exceptions.DefaultCredentialsError(
google.auth.exceptions.DefaultCredentialsError: File C:\Users\João\Desktop\Data-Portfolio\football-analytics\credentials.json was not found.
[2026-04-09T21:04:17.801+0000] {taskinstance.py:1138} INFO - Marking task as UP_FOR_RETRY. dag_id=daily_football_ingestion, task_id=ingest_top_scorers, execution_date=20260408T070000, start_date=20260409T210412, end_date=20260409T210417
[2026-04-09T21:04:17.824+0000] {standard_task_runner.py:107} ERROR - Failed to execute job 3 for task ingest_top_scorers (File C:\Users\João\Desktop\Data-Portfolio\football-analytics\credentials.json was not found.; 245)
[2026-04-09T21:04:17.866+0000] {local_task_job_runner.py:234} INFO - Task exited with return code 1
[2026-04-09T21:04:17.899+0000] {taskinstance.py:3280} INFO - 0 downstream tasks scheduled from follow-on schedule check
[2026-04-09T21:28:05.248+0000] {taskinstance.py:1956} INFO - Dependencies all met for dep_context=non-requeueable deps ti=<TaskInstance: daily_football_ingestion.ingest_top_scorers scheduled__2026-04-08T07:00:00+00:00 [queued]>
[2026-04-09T21:28:05.262+0000] {taskinstance.py:1956} INFO - Dependencies all met for dep_context=requeueable deps ti=<TaskInstance: daily_football_ingestion.ingest_top_scorers scheduled__2026-04-08T07:00:00+00:00 [queued]>
[2026-04-09T21:28:05.263+0000] {taskinstance.py:2170} INFO - Starting attempt 1 of 2
[2026-04-09T21:28:05.288+0000] {taskinstance.py:2191} INFO - Executing <Task(PythonOperator): ingest_top_scorers> on 2026-04-08 07:00:00+00:00
[2026-04-09T21:28:05.298+0000] {standard_task_runner.py:60} INFO - Started process 225 to run task
[2026-04-09T21:28:05.305+0000] {standard_task_runner.py:87} INFO - Running: ['***', 'tasks', 'run', 'daily_football_ingestion', 'ingest_top_scorers', 'scheduled__2026-04-08T07:00:00+00:00', '--job-id', '4', '--raw', '--subdir', 'DAGS_FOLDER/daily_ingestion.py', '--cfg-path', '/tmp/tmpl0frotte']
[2026-04-09T21:28:05.311+0000] {standard_task_runner.py:88} INFO - Job 4: Subtask ingest_top_scorers
[2026-04-09T21:28:05.432+0000] {task_command.py:423} INFO - Running <TaskInstance: daily_football_ingestion.ingest_top_scorers scheduled__2026-04-08T07:00:00+00:00 [running]> on host a2250537e0c4
[2026-04-09T21:28:05.561+0000] {taskinstance.py:2480} INFO - Exporting env vars: AIRFLOW_CTX_DAG_OWNER='***' AIRFLOW_CTX_DAG_ID='daily_football_ingestion' AIRFLOW_CTX_TASK_ID='ingest_top_scorers' AIRFLOW_CTX_EXECUTION_DATE='2026-04-08T07:00:00+00:00' AIRFLOW_CTX_TRY_NUMBER='1' AIRFLOW_CTX_DAG_RUN_ID='scheduled__2026-04-08T07:00:00+00:00'
[2026-04-09T21:28:05.565+0000] {logging_mixin.py:188} INFO - Extracting top scorers: premier_league...
[2026-04-09T21:28:08.123+0000] {logging_mixin.py:188} INFO -   -> 10 scorers found
[2026-04-09T21:28:08.125+0000] {logging_mixin.py:188} INFO - Extracting top scorers: la_liga...
[2026-04-09T21:28:10.834+0000] {logging_mixin.py:188} INFO -   -> 10 scorers found
[2026-04-09T21:28:10.835+0000] {logging_mixin.py:188} INFO - Extracting top scorers: liga_portugal...
[2026-04-09T21:28:12.549+0000] {logging_mixin.py:188} INFO -   -> 10 scorers found
[2026-04-09T21:28:12.551+0000] {logging_mixin.py:188} INFO - Extracting top scorers: champions_league...
[2026-04-09T21:28:13.684+0000] {logging_mixin.py:188} INFO -   -> 10 scorers found
[2026-04-09T21:28:13.686+0000] {logging_mixin.py:188} INFO - 
Total: 40 rows extracted
[2026-04-09T21:28:13.686+0000] {logging_mixin.py:188} INFO - Loading to BigQuery...
[2026-04-09T21:28:16.627+0000] {logging_mixin.py:188} INFO - Loaded 40 rows into football-analytics-492122.raw.top_scorers
[2026-04-09T21:28:16.630+0000] {python.py:201} INFO - Done. Returned value was: None
[2026-04-09T21:28:16.665+0000] {taskinstance.py:1138} INFO - Marking task as SUCCESS. dag_id=daily_football_ingestion, task_id=ingest_top_scorers, execution_date=20260408T070000, start_date=20260409T212805, end_date=20260409T212816
[2026-04-09T21:28:16.770+0000] {local_task_job_runner.py:234} INFO - Task exited with return code 0
[2026-04-09T21:28:16.802+0000] {taskinstance.py:3280} INFO - 1 downstream tasks scheduled from follow-on schedule check
[2026-04-09T21:34:29.450+0000] {taskinstance.py:1956} INFO - Dependencies all met for dep_context=non-requeueable deps ti=<TaskInstance: daily_football_ingestion.ingest_top_scorers scheduled__2026-04-08T07:00:00+00:00 [queued]>
[2026-04-09T21:34:29.477+0000] {taskinstance.py:1956} INFO - Dependencies all met for dep_context=requeueable deps ti=<TaskInstance: daily_football_ingestion.ingest_top_scorers scheduled__2026-04-08T07:00:00+00:00 [queued]>
[2026-04-09T21:34:29.480+0000] {taskinstance.py:2170} INFO - Starting attempt 1 of 2
[2026-04-09T21:34:29.512+0000] {taskinstance.py:2191} INFO - Executing <Task(PythonOperator): ingest_top_scorers> on 2026-04-08 07:00:00+00:00
[2026-04-09T21:34:29.534+0000] {standard_task_runner.py:60} INFO - Started process 236 to run task
[2026-04-09T21:34:29.553+0000] {standard_task_runner.py:87} INFO - Running: ['***', 'tasks', 'run', 'daily_football_ingestion', 'ingest_top_scorers', 'scheduled__2026-04-08T07:00:00+00:00', '--job-id', '4', '--raw', '--subdir', 'DAGS_FOLDER/daily_ingestion.py', '--cfg-path', '/tmp/tmpzffr2q72']
[2026-04-09T21:34:29.568+0000] {standard_task_runner.py:88} INFO - Job 4: Subtask ingest_top_scorers
[2026-04-09T21:34:29.862+0000] {task_command.py:423} INFO - Running <TaskInstance: daily_football_ingestion.ingest_top_scorers scheduled__2026-04-08T07:00:00+00:00 [running]> on host 65c8b2919894
[2026-04-09T21:34:30.062+0000] {taskinstance.py:2480} INFO - Exporting env vars: AIRFLOW_CTX_DAG_OWNER='***' AIRFLOW_CTX_DAG_ID='daily_football_ingestion' AIRFLOW_CTX_TASK_ID='ingest_top_scorers' AIRFLOW_CTX_EXECUTION_DATE='2026-04-08T07:00:00+00:00' AIRFLOW_CTX_TRY_NUMBER='1' AIRFLOW_CTX_DAG_RUN_ID='scheduled__2026-04-08T07:00:00+00:00'
[2026-04-09T21:34:30.064+0000] {logging_mixin.py:188} INFO - Extracting top scorers: premier_league...
[2026-04-09T21:34:31.106+0000] {logging_mixin.py:188} INFO -   -> 10 scorers found
[2026-04-09T21:34:31.108+0000] {logging_mixin.py:188} INFO - Extracting top scorers: la_liga...
[2026-04-09T21:34:32.703+0000] {logging_mixin.py:188} INFO -   -> 10 scorers found
[2026-04-09T21:34:32.707+0000] {logging_mixin.py:188} INFO - Extracting top scorers: liga_portugal...
[2026-04-09T21:34:33.832+0000] {logging_mixin.py:188} INFO -   -> 10 scorers found
[2026-04-09T21:34:33.833+0000] {logging_mixin.py:188} INFO - Extracting top scorers: champions_league...
[2026-04-09T21:34:35.196+0000] {logging_mixin.py:188} INFO -   -> 10 scorers found
[2026-04-09T21:34:35.203+0000] {logging_mixin.py:188} INFO - 
Total: 40 rows extracted
[2026-04-09T21:34:35.204+0000] {logging_mixin.py:188} INFO - Loading to BigQuery...
[2026-04-09T21:34:40.343+0000] {logging_mixin.py:188} INFO - Loaded 40 rows into football-analytics-492122.raw.top_scorers
[2026-04-09T21:34:40.346+0000] {python.py:201} INFO - Done. Returned value was: None
[2026-04-09T21:34:40.411+0000] {taskinstance.py:1138} INFO - Marking task as SUCCESS. dag_id=daily_football_ingestion, task_id=ingest_top_scorers, execution_date=20260408T070000, start_date=20260409T213429, end_date=20260409T213440
[2026-04-09T21:34:40.492+0000] {local_task_job_runner.py:234} INFO - Task exited with return code 0
[2026-04-09T21:34:40.526+0000] {taskinstance.py:3280} INFO - 1 downstream tasks scheduled from follow-on schedule check
[2026-04-09T21:42:12.069+0000] {taskinstance.py:1956} INFO - Dependencies all met for dep_context=non-requeueable deps ti=<TaskInstance: daily_football_ingestion.ingest_top_scorers scheduled__2026-04-08T07:00:00+00:00 [queued]>
[2026-04-09T21:42:12.086+0000] {taskinstance.py:1956} INFO - Dependencies all met for dep_context=requeueable deps ti=<TaskInstance: daily_football_ingestion.ingest_top_scorers scheduled__2026-04-08T07:00:00+00:00 [queued]>
[2026-04-09T21:42:12.087+0000] {taskinstance.py:2170} INFO - Starting attempt 1 of 2
[2026-04-09T21:42:12.116+0000] {taskinstance.py:2191} INFO - Executing <Task(PythonOperator): ingest_top_scorers> on 2026-04-08 07:00:00+00:00
[2026-04-09T21:42:12.124+0000] {standard_task_runner.py:60} INFO - Started process 230 to run task
[2026-04-09T21:42:12.132+0000] {standard_task_runner.py:87} INFO - Running: ['***', 'tasks', 'run', 'daily_football_ingestion', 'ingest_top_scorers', 'scheduled__2026-04-08T07:00:00+00:00', '--job-id', '2', '--raw', '--subdir', 'DAGS_FOLDER/daily_ingestion.py', '--cfg-path', '/tmp/tmp54cq8ka_']
[2026-04-09T21:42:12.136+0000] {standard_task_runner.py:88} INFO - Job 2: Subtask ingest_top_scorers
[2026-04-09T21:42:12.273+0000] {task_command.py:423} INFO - Running <TaskInstance: daily_football_ingestion.ingest_top_scorers scheduled__2026-04-08T07:00:00+00:00 [running]> on host dfe90bf0f232
[2026-04-09T21:42:12.448+0000] {taskinstance.py:2480} INFO - Exporting env vars: AIRFLOW_CTX_DAG_OWNER='***' AIRFLOW_CTX_DAG_ID='daily_football_ingestion' AIRFLOW_CTX_TASK_ID='ingest_top_scorers' AIRFLOW_CTX_EXECUTION_DATE='2026-04-08T07:00:00+00:00' AIRFLOW_CTX_TRY_NUMBER='1' AIRFLOW_CTX_DAG_RUN_ID='scheduled__2026-04-08T07:00:00+00:00'
[2026-04-09T21:42:12.451+0000] {logging_mixin.py:188} INFO - Extracting top scorers: premier_league...
[2026-04-09T21:42:14.302+0000] {logging_mixin.py:188} INFO -   -> 10 scorers found
[2026-04-09T21:42:14.304+0000] {logging_mixin.py:188} INFO - Extracting top scorers: la_liga...
[2026-04-09T21:42:15.571+0000] {logging_mixin.py:188} INFO -   -> 10 scorers found
[2026-04-09T21:42:15.572+0000] {logging_mixin.py:188} INFO - Extracting top scorers: liga_portugal...
[2026-04-09T21:42:16.480+0000] {logging_mixin.py:188} INFO -   -> 10 scorers found
[2026-04-09T21:42:16.481+0000] {logging_mixin.py:188} INFO - Extracting top scorers: champions_league...
[2026-04-09T21:42:17.285+0000] {logging_mixin.py:188} INFO -   -> 10 scorers found
[2026-04-09T21:42:17.287+0000] {logging_mixin.py:188} INFO - 
Total: 40 rows extracted
[2026-04-09T21:42:17.287+0000] {logging_mixin.py:188} INFO - Loading to BigQuery...
[2026-04-09T21:42:21.134+0000] {logging_mixin.py:188} INFO - Loaded 40 rows into football-analytics-492122.raw.top_scorers
[2026-04-09T21:42:21.136+0000] {python.py:201} INFO - Done. Returned value was: None
[2026-04-09T21:42:21.166+0000] {taskinstance.py:1138} INFO - Marking task as SUCCESS. dag_id=daily_football_ingestion, task_id=ingest_top_scorers, execution_date=20260408T070000, start_date=20260409T214212, end_date=20260409T214221
[2026-04-09T21:42:21.216+0000] {local_task_job_runner.py:234} INFO - Task exited with return code 0
[2026-04-09T21:42:21.246+0000] {taskinstance.py:3280} INFO - 1 downstream tasks scheduled from follow-on schedule check
