[2026-04-09T21:30:20.141+0000] {taskinstance.py:1956} INFO - Dependencies all met for dep_context=non-requeueable deps ti=<TaskInstance: daily_football_ingestion.ingest_fixtures manual__2026-04-09T21:30:18.352670+00:00 [queued]>
[2026-04-09T21:30:20.154+0000] {taskinstance.py:1956} INFO - Dependencies all met for dep_context=requeueable deps ti=<TaskInstance: daily_football_ingestion.ingest_fixtures manual__2026-04-09T21:30:18.352670+00:00 [queued]>
[2026-04-09T21:30:20.159+0000] {taskinstance.py:2170} INFO - Starting attempt 1 of 2
[2026-04-09T21:30:20.178+0000] {taskinstance.py:2191} INFO - Executing <Task(PythonOperator): ingest_fixtures> on 2026-04-09 21:30:18.352670+00:00
[2026-04-09T21:30:20.190+0000] {standard_task_runner.py:60} INFO - Started process 267 to run task
[2026-04-09T21:30:20.197+0000] {standard_task_runner.py:87} INFO - Running: ['***', 'tasks', 'run', 'daily_football_ingestion', 'ingest_fixtures', 'manual__2026-04-09T21:30:18.352670+00:00', '--job-id', '6', '--raw', '--subdir', 'DAGS_FOLDER/daily_ingestion.py', '--cfg-path', '/tmp/tmpjd52ablk']
[2026-04-09T21:30:20.205+0000] {standard_task_runner.py:88} INFO - Job 6: Subtask ingest_fixtures
[2026-04-09T21:30:20.313+0000] {task_command.py:423} INFO - Running <TaskInstance: daily_football_ingestion.ingest_fixtures manual__2026-04-09T21:30:18.352670+00:00 [running]> on host a2250537e0c4
[2026-04-09T21:30:20.469+0000] {taskinstance.py:2480} INFO - Exporting env vars: AIRFLOW_CTX_DAG_OWNER='***' AIRFLOW_CTX_DAG_ID='daily_football_ingestion' AIRFLOW_CTX_TASK_ID='ingest_fixtures' AIRFLOW_CTX_EXECUTION_DATE='2026-04-09T21:30:18.352670+00:00' AIRFLOW_CTX_TRY_NUMBER='1' AIRFLOW_CTX_DAG_RUN_ID='manual__2026-04-09T21:30:18.352670+00:00'
[2026-04-09T21:30:20.474+0000] {logging_mixin.py:188} INFO - Extracting fixtures: premier_league...
[2026-04-09T21:30:23.921+0000] {logging_mixin.py:188} INFO -   → 380 fixtures found
[2026-04-09T21:30:23.922+0000] {logging_mixin.py:188} INFO - Extracting fixtures: la_liga...
[2026-04-09T21:30:24.610+0000] {logging_mixin.py:188} INFO -   → 380 fixtures found
[2026-04-09T21:30:24.611+0000] {logging_mixin.py:188} INFO - Extracting fixtures: champions_league...
[2026-04-09T21:30:25.953+0000] {logging_mixin.py:188} INFO -   → 189 fixtures found
[2026-04-09T21:30:25.955+0000] {logging_mixin.py:188} INFO - Extracting fixtures: liga_portugal...
[2026-04-09T21:30:28.012+0000] {logging_mixin.py:188} INFO -   → 306 fixtures found
[2026-04-09T21:30:28.013+0000] {logging_mixin.py:188} INFO - 
Total: 1255 extracted fixtures
[2026-04-09T21:30:28.013+0000] {logging_mixin.py:188} INFO - Loading to BigQuery...
[2026-04-09T21:30:32.829+0000] {logging_mixin.py:188} INFO - Loaded 1255 rows into football-analytics-492122.raw.fixtures
[2026-04-09T21:30:32.830+0000] {python.py:201} INFO - Done. Returned value was: None
[2026-04-09T21:30:32.846+0000] {taskinstance.py:1138} INFO - Marking task as SUCCESS. dag_id=daily_football_ingestion, task_id=ingest_fixtures, execution_date=20260409T213018, start_date=20260409T213020, end_date=20260409T213032
[2026-04-09T21:30:32.908+0000] {local_task_job_runner.py:234} INFO - Task exited with return code 0
[2026-04-09T21:30:32.996+0000] {taskinstance.py:3280} INFO - 0 downstream tasks scheduled from follow-on schedule check
