[0m23:55:45.397548 [debug] [MainThread]: Sending event: {'category': 'dbt', 'action': 'invocation', 'label': 'start', 'context': [<snowplow_tracker.self_describing_json.SelfDescribingJson object at 0x0000022620848520>, <snowplow_tracker.self_describing_json.SelfDescribingJson object at 0x0000022621B04A00>, <snowplow_tracker.self_describing_json.SelfDescribingJson object at 0x0000022621B04820>]}


============================== 23:55:45.398304 | 948e4f0b-e0a5-4771-81d1-650f13d36060 ==============================
[0m23:55:45.398304 [info ] [MainThread]: Running with dbt=1.11.7
[0m23:55:45.398304 [debug] [MainThread]: running dbt with arguments {'version_check': 'True', 'no_print': 'None', 'static_parser': 'True', 'warn_error_options': 'WarnErrorOptionsV2(error=[], warn=[], silence=[])', 'target_path': 'None', 'printer_width': '80', 'write_json': 'True', 'empty': 'None', 'log_cache_events': 'False', 'introspect': 'True', 'cache_selected_only': 'False', 'fail_fast': 'False', 'debug': 'False', 'log_format': 'default', 'partial_parse': 'True', 'send_anonymous_usage_stats': 'True', 'quiet': 'False', 'warn_error': 'None', 'profiles_dir': 'C:\\Users\\João\\.dbt', 'use_colors': 'True', 'invocation_command': 'dbt init dbt', 'indirect_selection': 'eager', 'use_experimental_parser': 'False', 'log_path': 'logs'}
[0m23:56:12.073024 [debug] [MainThread]: Starter project path: C:\Users\João\Desktop\Data-Portfolio\football-analytics\.venv\lib\site-packages\dbt\include\starter_project
[0m23:56:12.167238 [info ] [MainThread]: 
Your new dbt project "football_analytics" was created!

For more information on how to configure the profiles.yml file,
please consult the dbt documentation here:

  https://docs.getdbt.com/docs/configure-your-profile

One more thing:

Need help? Don't hesitate to reach out to us via GitHub issues or on Slack:

  https://community.getdbt.com/

Happy modeling!

[0m23:56:12.167238 [info ] [MainThread]: Setting up your profile.
[0m23:59:49.982230 [info ] [MainThread]: Profile football_analytics written to C:\Users\João\.dbt\profiles.yml using target's profile_template.yml and your supplied values. Run 'dbt debug' to validate the connection.
[0m23:59:49.986159 [debug] [MainThread]: Command `dbt init` succeeded at 23:59:49.986159 after 244.69 seconds
[0m23:59:49.988284 [debug] [MainThread]: Sending event: {'category': 'dbt', 'action': 'invocation', 'label': 'end', 'context': [<snowplow_tracker.self_describing_json.SelfDescribingJson object at 0x0000022620848520>, <snowplow_tracker.self_describing_json.SelfDescribingJson object at 0x0000022621B04730>, <snowplow_tracker.self_describing_json.SelfDescribingJson object at 0x0000022621B09900>]}
[0m23:59:49.990287 [debug] [MainThread]: Flushing usage events
[0m23:59:50.535003 [debug] [MainThread]: An error was encountered while trying to flush usage events
[0m00:00:00.887124 [debug] [MainThread]: Sending event: {'category': 'dbt', 'action': 'invocation', 'label': 'start', 'context': [<snowplow_tracker.self_describing_json.SelfDescribingJson object at 0x0000024B10058580>, <snowplow_tracker.self_describing_json.SelfDescribingJson object at 0x0000024B11304A60>, <snowplow_tracker.self_describing_json.SelfDescribingJson object at 0x0000024B11304880>]}


============================== 00:00:00.891163 | a6d7903e-fefc-43a5-8fe1-fb6f16eb7729 ==============================
[0m00:00:00.891163 [info ] [MainThread]: Running with dbt=1.11.7
[0m00:00:00.893130 [debug] [MainThread]: running dbt with arguments {'version_check': 'True', 'no_print': 'None', 'static_parser': 'True', 'target_path': 'None', 'warn_error_options': 'WarnErrorOptionsV2(error=[], warn=[], silence=[])', 'printer_width': '80', 'write_json': 'True', 'empty': 'None', 'log_cache_events': 'False', 'introspect': 'True', 'cache_selected_only': 'False', 'log_format': 'default', 'debug': 'False', 'fail_fast': 'False', 'profiles_dir': 'C:\\Users\\João\\.dbt', 'send_anonymous_usage_stats': 'True', 'quiet': 'False', 'warn_error': 'None', 'partial_parse': 'True', 'indirect_selection': 'eager', 'use_colors': 'True', 'invocation_command': 'dbt debug', 'use_experimental_parser': 'False', 'log_path': 'logs'}
[0m00:00:00.917799 [info ] [MainThread]: dbt version: 1.11.7
[0m00:00:00.917799 [info ] [MainThread]: python version: 3.10.7
[0m00:00:00.917799 [info ] [MainThread]: python path: C:\Users\João\Desktop\Data-Portfolio\football-analytics\.venv\Scripts\python.exe
[0m00:00:00.917799 [info ] [MainThread]: os info: Windows-10-10.0.26200-SP0
[0m00:00:02.317070 [info ] [MainThread]: Error importing adapter: No module named 'dbt.adapters.snowflake'
[0m00:00:02.318084 [info ] [MainThread]: Using profiles dir at C:\Users\João\.dbt
[0m00:00:02.320085 [info ] [MainThread]: Using profiles.yml file at C:\Users\João\.dbt\profiles.yml
[0m00:00:02.321074 [info ] [MainThread]: Using dbt_project.yml file at C:\Users\João\Desktop\Data-Portfolio\football-analytics\dbt_project.yml
[0m00:00:02.321663 [info ] [MainThread]: Configuration:
[0m00:00:02.322971 [info ] [MainThread]:   profiles.yml file [[31mERROR invalid[0m]
[0m00:00:02.323984 [info ] [MainThread]:   dbt_project.yml file [[31mERROR not found[0m]
[0m00:00:02.324982 [info ] [MainThread]: Required dependencies:
[0m00:00:02.326015 [debug] [MainThread]: Executing "git --help"
[0m00:00:02.386719 [debug] [MainThread]: STDOUT: "b"usage: git [-v | --version] [-h | --help] [-C <path>] [-c <name>=<value>]\n           [--exec-path[=<path>]] [--html-path] [--man-path] [--info-path]\n           [-p | --paginate | -P | --no-pager] [--no-replace-objects] [--no-lazy-fetch]\n           [--no-optional-locks] [--no-advice] [--bare] [--git-dir=<path>]\n           [--work-tree=<path>] [--namespace=<name>] [--config-env=<name>=<envvar>]\n           <command> [<args>]\n\nThese are common Git commands used in various situations:\n\nstart a working area (see also: git help tutorial)\n   clone      Clone a repository into a new directory\n   init       Create an empty Git repository or reinitialize an existing one\n\nwork on the current change (see also: git help everyday)\n   add        Add file contents to the index\n   mv         Move or rename a file, a directory, or a symlink\n   restore    Restore working tree files\n   rm         Remove files from the working tree and from the index\n\nexamine the history and state (see also: git help revisions)\n   bisect     Use binary search to find the commit that introduced a bug\n   diff       Show changes between commits, commit and working tree, etc\n   grep       Print lines matching a pattern\n   log        Show commit logs\n   show       Show various types of objects\n   status     Show the working tree status\n\ngrow, mark and tweak your common history\n   backfill   Download missing objects in a partial clone\n   branch     List, create, or delete branches\n   commit     Record changes to the repository\n   merge      Join two or more development histories together\n   rebase     Reapply commits on top of another base tip\n   reset      Set `HEAD` or the index to a known state\n   switch     Switch branches\n   tag        Create, list, delete or verify tags\n\ncollaborate (see also: git help workflows)\n   fetch      Download objects and refs from another repository\n   pull       Fetch from and integrate with another repository or a local branch\n   push       Update remote refs along with associated objects\n\n'git help -a' and 'git help -g' list available subcommands and some\nconcept guides. See 'git help <command>' or 'git help <concept>'\nto read about a specific subcommand or concept.\nSee 'git help git' for an overview of the system.\n""
[0m00:00:02.387722 [debug] [MainThread]: STDERR: "b''"
[0m00:00:02.388725 [info ] [MainThread]:  - git [[32mOK found[0m]

[0m00:00:02.390722 [info ] [MainThread]: Connection test skipped since no profile was found
[0m00:00:02.391721 [info ] [MainThread]: [31m2 checks failed:[0m
[0m00:00:02.393725 [info ] [MainThread]: Could not load dbt_project.yml
Profile loading failed for the following reason:
Runtime Error
  Credentials in profile "gaming_dbt", target "dev" invalid: Runtime Error
    Could not find adapter type snowflake!


[0m00:00:02.394720 [info ] [MainThread]: Project loading failed for the following reason:
 project path <C:\Users\João\Desktop\Data-Portfolio\football-analytics\dbt_project.yml> not found

[0m00:00:02.397721 [debug] [MainThread]: Command `dbt debug` failed at 00:00:02.397721 after 1.62 seconds
[0m00:00:02.399726 [debug] [MainThread]: Sending event: {'category': 'dbt', 'action': 'invocation', 'label': 'end', 'context': [<snowplow_tracker.self_describing_json.SelfDescribingJson object at 0x0000024B10058580>, <snowplow_tracker.self_describing_json.SelfDescribingJson object at 0x0000024B226C7010>, <snowplow_tracker.self_describing_json.SelfDescribingJson object at 0x0000024B11304820>]}
[0m00:00:02.401249 [debug] [MainThread]: Flushing usage events
[0m00:00:02.923561 [debug] [MainThread]: An error was encountered while trying to flush usage events
[0m00:02:14.803371 [debug] [MainThread]: Sending event: {'category': 'dbt', 'action': 'invocation', 'label': 'start', 'context': [<snowplow_tracker.self_describing_json.SelfDescribingJson object at 0x0000020836E78580>, <snowplow_tracker.self_describing_json.SelfDescribingJson object at 0x0000020838124A60>, <snowplow_tracker.self_describing_json.SelfDescribingJson object at 0x0000020838124880>]}


============================== 00:02:14.813421 | 28ec2560-a98a-4092-9cb5-820087e8c244 ==============================
[0m00:02:14.813421 [info ] [MainThread]: Running with dbt=1.11.7
[0m00:02:14.813421 [debug] [MainThread]: running dbt with arguments {'static_parser': 'True', 'no_print': 'None', 'version_check': 'True', 'target_path': 'None', 'warn_error_options': 'WarnErrorOptionsV2(error=[], warn=[], silence=[])', 'printer_width': '80', 'write_json': 'True', 'introspect': 'True', 'log_cache_events': 'False', 'empty': 'None', 'cache_selected_only': 'False', 'fail_fast': 'False', 'debug': 'False', 'log_format': 'default', 'profiles_dir': 'C:\\Users\\João\\.dbt', 'send_anonymous_usage_stats': 'True', 'quiet': 'False', 'warn_error': 'None', 'partial_parse': 'True', 'use_colors': 'True', 'indirect_selection': 'eager', 'invocation_command': 'dbt debug', 'use_experimental_parser': 'False', 'log_path': 'logs'}
[0m00:02:14.846257 [info ] [MainThread]: dbt version: 1.11.7
[0m00:02:14.848702 [info ] [MainThread]: python version: 3.10.7
[0m00:02:14.848702 [info ] [MainThread]: python path: C:\Users\João\Desktop\Data-Portfolio\football-analytics\.venv\Scripts\python.exe
[0m00:02:14.848702 [info ] [MainThread]: os info: Windows-10-10.0.26200-SP0
[0m00:02:16.431303 [info ] [MainThread]: Error importing adapter: No module named 'dbt.adapters.snowflake'
[0m00:02:16.431303 [info ] [MainThread]: Using profiles dir at C:\Users\João\.dbt
[0m00:02:16.431303 [info ] [MainThread]: Using profiles.yml file at C:\Users\João\.dbt\profiles.yml
[0m00:02:16.431303 [info ] [MainThread]: Using dbt_project.yml file at C:\Users\João\Desktop\Data-Portfolio\football-analytics\dbt_project.yml
[0m00:02:16.431303 [info ] [MainThread]: Configuration:
[0m00:02:16.431303 [info ] [MainThread]:   profiles.yml file [[31mERROR invalid[0m]
[0m00:02:16.437820 [info ] [MainThread]:   dbt_project.yml file [[31mERROR not found[0m]
[0m00:02:16.438853 [info ] [MainThread]: Required dependencies:
[0m00:02:16.439829 [debug] [MainThread]: Executing "git --help"
[0m00:02:16.482590 [debug] [MainThread]: STDOUT: "b"usage: git [-v | --version] [-h | --help] [-C <path>] [-c <name>=<value>]\n           [--exec-path[=<path>]] [--html-path] [--man-path] [--info-path]\n           [-p | --paginate | -P | --no-pager] [--no-replace-objects] [--no-lazy-fetch]\n           [--no-optional-locks] [--no-advice] [--bare] [--git-dir=<path>]\n           [--work-tree=<path>] [--namespace=<name>] [--config-env=<name>=<envvar>]\n           <command> [<args>]\n\nThese are common Git commands used in various situations:\n\nstart a working area (see also: git help tutorial)\n   clone      Clone a repository into a new directory\n   init       Create an empty Git repository or reinitialize an existing one\n\nwork on the current change (see also: git help everyday)\n   add        Add file contents to the index\n   mv         Move or rename a file, a directory, or a symlink\n   restore    Restore working tree files\n   rm         Remove files from the working tree and from the index\n\nexamine the history and state (see also: git help revisions)\n   bisect     Use binary search to find the commit that introduced a bug\n   diff       Show changes between commits, commit and working tree, etc\n   grep       Print lines matching a pattern\n   log        Show commit logs\n   show       Show various types of objects\n   status     Show the working tree status\n\ngrow, mark and tweak your common history\n   backfill   Download missing objects in a partial clone\n   branch     List, create, or delete branches\n   commit     Record changes to the repository\n   merge      Join two or more development histories together\n   rebase     Reapply commits on top of another base tip\n   reset      Set `HEAD` or the index to a known state\n   switch     Switch branches\n   tag        Create, list, delete or verify tags\n\ncollaborate (see also: git help workflows)\n   fetch      Download objects and refs from another repository\n   pull       Fetch from and integrate with another repository or a local branch\n   push       Update remote refs along with associated objects\n\n'git help -a' and 'git help -g' list available subcommands and some\nconcept guides. See 'git help <command>' or 'git help <concept>'\nto read about a specific subcommand or concept.\nSee 'git help git' for an overview of the system.\n""
[0m00:02:16.482590 [debug] [MainThread]: STDERR: "b''"
[0m00:02:16.482590 [info ] [MainThread]:  - git [[32mOK found[0m]

[0m00:02:16.482590 [info ] [MainThread]: Connection test skipped since no profile was found
[0m00:02:16.482590 [info ] [MainThread]: [31m2 checks failed:[0m
[0m00:02:16.482590 [info ] [MainThread]: Could not load dbt_project.yml
Profile loading failed for the following reason:
Runtime Error
  Credentials in profile "gaming_dbt", target "dev" invalid: Runtime Error
    Could not find adapter type snowflake!


[0m00:02:16.497887 [info ] [MainThread]: Project loading failed for the following reason:
 project path <C:\Users\João\Desktop\Data-Portfolio\football-analytics\dbt_project.yml> not found

[0m00:02:16.500663 [debug] [MainThread]: Command `dbt debug` failed at 00:02:16.500663 after 1.81 seconds
[0m00:02:16.501701 [debug] [MainThread]: Sending event: {'category': 'dbt', 'action': 'invocation', 'label': 'end', 'context': [<snowplow_tracker.self_describing_json.SelfDescribingJson object at 0x0000020836E78580>, <snowplow_tracker.self_describing_json.SelfDescribingJson object at 0x00000208494E7010>, <snowplow_tracker.self_describing_json.SelfDescribingJson object at 0x0000020838124820>]}
[0m00:02:16.501701 [debug] [MainThread]: Flushing usage events
[0m00:02:17.079332 [debug] [MainThread]: An error was encountered while trying to flush usage events
[0m09:52:16.046684 [debug] [MainThread]: Sending event: {'category': 'dbt', 'action': 'invocation', 'label': 'start', 'context': [<snowplow_tracker.self_describing_json.SelfDescribingJson object at 0x0000025AB53985B0>, <snowplow_tracker.self_describing_json.SelfDescribingJson object at 0x0000025AB6660A90>, <snowplow_tracker.self_describing_json.SelfDescribingJson object at 0x0000025AB66608B0>]}


============================== 09:52:16.056686 | 0e9d58c3-bc52-4c90-b4cb-8abb7047cf32 ==============================
[0m09:52:16.056686 [info ] [MainThread]: Running with dbt=1.11.7
[0m09:52:16.058440 [debug] [MainThread]: running dbt with arguments {'static_parser': 'True', 'no_print': 'None', 'version_check': 'True', 'warn_error_options': 'WarnErrorOptionsV2(error=[], warn=[], silence=[])', 'target_path': 'None', 'printer_width': '80', 'write_json': 'True', 'empty': 'None', 'log_cache_events': 'False', 'introspect': 'True', 'cache_selected_only': 'False', 'fail_fast': 'False', 'debug': 'False', 'log_format': 'default', 'partial_parse': 'True', 'send_anonymous_usage_stats': 'True', 'quiet': 'False', 'warn_error': 'None', 'profiles_dir': 'C:\\Users\\João\\.dbt', 'invocation_command': 'dbt debug', 'use_colors': 'True', 'indirect_selection': 'eager', 'use_experimental_parser': 'False', 'log_path': 'C:\\Users\\João\\Desktop\\Data-Portfolio\\football-analytics\\logs'}
[0m09:52:16.103997 [info ] [MainThread]: dbt version: 1.11.7
[0m09:52:16.103997 [info ] [MainThread]: python version: 3.10.7
[0m09:52:16.103997 [info ] [MainThread]: python path: C:\Users\João\Desktop\Data-Portfolio\football-analytics\.venv\Scripts\python.exe
[0m09:52:16.108079 [info ] [MainThread]: os info: Windows-10-10.0.26200-SP0
[0m09:52:18.115106 [info ] [MainThread]: Using profiles dir at C:\Users\João\.dbt
[0m09:52:18.115106 [info ] [MainThread]: Using profiles.yml file at C:\Users\João\.dbt\profiles.yml
[0m09:52:18.115106 [info ] [MainThread]: Using dbt_project.yml file at C:\Users\João\Desktop\Data-Portfolio\football-analytics\dbt_project.yml
[0m09:52:18.118587 [info ] [MainThread]: adapter type: bigquery
[0m09:52:18.118587 [info ] [MainThread]: adapter version: 1.8.2
[0m09:52:18.286883 [info ] [MainThread]: Configuration:
[0m09:52:18.286883 [info ] [MainThread]:   profiles.yml file [[32mOK found and valid[0m]
[0m09:52:18.294216 [info ] [MainThread]:   dbt_project.yml file [[32mOK found and valid[0m]
[0m09:52:18.294216 [info ] [MainThread]: Required dependencies:
[0m09:52:18.295743 [debug] [MainThread]: Executing "git --help"
[0m09:52:18.352505 [debug] [MainThread]: STDOUT: "b"usage: git [-v | --version] [-h | --help] [-C <path>] [-c <name>=<value>]\n           [--exec-path[=<path>]] [--html-path] [--man-path] [--info-path]\n           [-p | --paginate | -P | --no-pager] [--no-replace-objects] [--no-lazy-fetch]\n           [--no-optional-locks] [--no-advice] [--bare] [--git-dir=<path>]\n           [--work-tree=<path>] [--namespace=<name>] [--config-env=<name>=<envvar>]\n           <command> [<args>]\n\nThese are common Git commands used in various situations:\n\nstart a working area (see also: git help tutorial)\n   clone      Clone a repository into a new directory\n   init       Create an empty Git repository or reinitialize an existing one\n\nwork on the current change (see also: git help everyday)\n   add        Add file contents to the index\n   mv         Move or rename a file, a directory, or a symlink\n   restore    Restore working tree files\n   rm         Remove files from the working tree and from the index\n\nexamine the history and state (see also: git help revisions)\n   bisect     Use binary search to find the commit that introduced a bug\n   diff       Show changes between commits, commit and working tree, etc\n   grep       Print lines matching a pattern\n   log        Show commit logs\n   show       Show various types of objects\n   status     Show the working tree status\n\ngrow, mark and tweak your common history\n   backfill   Download missing objects in a partial clone\n   branch     List, create, or delete branches\n   commit     Record changes to the repository\n   merge      Join two or more development histories together\n   rebase     Reapply commits on top of another base tip\n   reset      Set `HEAD` or the index to a known state\n   switch     Switch branches\n   tag        Create, list, delete or verify tags\n\ncollaborate (see also: git help workflows)\n   fetch      Download objects and refs from another repository\n   pull       Fetch from and integrate with another repository or a local branch\n   push       Update remote refs along with associated objects\n\n'git help -a' and 'git help -g' list available subcommands and some\nconcept guides. See 'git help <command>' or 'git help <concept>'\nto read about a specific subcommand or concept.\nSee 'git help git' for an overview of the system.\n""
[0m09:52:18.352505 [debug] [MainThread]: STDERR: "b''"
[0m09:52:18.356273 [info ] [MainThread]:  - git [[32mOK found[0m]

[0m09:52:18.356273 [info ] [MainThread]: Connection:
[0m09:52:18.358757 [info ] [MainThread]:   method: service-account
[0m09:52:18.358757 [info ] [MainThread]:   database: football-analytics-492122
[0m09:52:18.360521 [info ] [MainThread]:   execution_project: football-analytics-492122
[0m09:52:18.360521 [info ] [MainThread]:   schema: raw
[0m09:52:18.360521 [info ] [MainThread]:   location: EU
[0m09:52:18.360521 [info ] [MainThread]:   priority: interactive
[0m09:52:18.360521 [info ] [MainThread]:   maximum_bytes_billed: None
[0m09:52:18.360521 [info ] [MainThread]:   impersonate_service_account: None
[0m09:52:18.366836 [info ] [MainThread]:   job_retry_deadline_seconds: None
[0m09:52:18.366836 [info ] [MainThread]:   job_retries: 1
[0m09:52:18.368591 [info ] [MainThread]:   job_creation_timeout_seconds: None
[0m09:52:18.368591 [info ] [MainThread]:   job_execution_timeout_seconds: 300
[0m09:52:18.368591 [info ] [MainThread]:   timeout_seconds: 300
[0m09:52:18.372131 [info ] [MainThread]:   client_id: None
[0m09:52:18.372131 [info ] [MainThread]:   token_uri: None
[0m09:52:18.374448 [info ] [MainThread]:   dataproc_region: None
[0m09:52:18.374448 [info ] [MainThread]:   dataproc_cluster_name: None
[0m09:52:18.376757 [info ] [MainThread]:   gcs_bucket: None
[0m09:52:18.377266 [info ] [MainThread]:   dataproc_batch: None
[0m09:52:18.379620 [info ] [MainThread]: Registered adapter: bigquery=1.8.2
[0m09:52:19.080514 [debug] [MainThread]: Acquiring new bigquery connection 'debug'
[0m09:52:19.080514 [debug] [MainThread]: Opening a new connection, currently in state init
[0m09:52:19.134527 [debug] [MainThread]: On debug: select 1 as id
[0m09:52:23.215644 [debug] [MainThread]: BigQuery adapter: https://console.cloud.google.com/bigquery?project=football-analytics-492122&j=bq:EU:50882133-2a38-4eed-bcd0-c880def06cb3&page=queryresults
[0m09:52:23.774149 [info ] [MainThread]:   Connection test: [[32mOK connection ok[0m]

[0m09:52:23.774149 [info ] [MainThread]: [32mAll checks passed![0m
[0m09:52:23.788070 [debug] [MainThread]: Command `dbt debug` succeeded at 09:52:23.788070 after 7.94 seconds
[0m09:52:23.790090 [debug] [MainThread]: Connection 'debug' was properly closed.
[0m09:52:23.792109 [debug] [MainThread]: Sending event: {'category': 'dbt', 'action': 'invocation', 'label': 'end', 'context': [<snowplow_tracker.self_describing_json.SelfDescribingJson object at 0x0000025AB53985B0>, <snowplow_tracker.self_describing_json.SelfDescribingJson object at 0x0000025AB6615FF0>, <snowplow_tracker.self_describing_json.SelfDescribingJson object at 0x0000025AB5634DF0>]}
[0m09:52:23.794126 [debug] [MainThread]: Flushing usage events
[0m09:52:25.036405 [debug] [MainThread]: An error was encountered while trying to flush usage events
[0m00:27:40.796840 [debug] [MainThread]: Sending event: {'category': 'dbt', 'action': 'invocation', 'label': 'start', 'context': [<snowplow_tracker.self_describing_json.SelfDescribingJson object at 0x0000013573A1C4F0>, <snowplow_tracker.self_describing_json.SelfDescribingJson object at 0x0000013574CD4970>, <snowplow_tracker.self_describing_json.SelfDescribingJson object at 0x0000013574CD4790>]}


============================== 00:27:40.806748 | abc95f9c-8985-40cc-8398-40a1bc5f06ac ==============================
[0m00:27:40.806748 [info ] [MainThread]: Running with dbt=1.11.7
[0m00:27:40.808009 [debug] [MainThread]: running dbt with arguments {'static_parser': 'True', 'no_print': 'None', 'version_check': 'True', 'warn_error_options': 'WarnErrorOptionsV2(error=[], warn=[], silence=[])', 'target_path': 'None', 'printer_width': '80', 'write_json': 'True', 'introspect': 'True', 'log_cache_events': 'False', 'empty': 'None', 'cache_selected_only': 'False', 'log_format': 'default', 'debug': 'False', 'fail_fast': 'False', 'profiles_dir': 'C:\\Users\\João\\.dbt', 'send_anonymous_usage_stats': 'True', 'quiet': 'False', 'warn_error': 'None', 'partial_parse': 'True', 'invocation_command': 'dbt debug', 'use_colors': 'True', 'indirect_selection': 'eager', 'use_experimental_parser': 'False', 'log_path': 'C:\\Users\\João\\Desktop\\Data-Portfolio\\football-analytics\\logs'}
[0m00:27:40.857538 [info ] [MainThread]: dbt version: 1.11.7
[0m00:27:40.859059 [info ] [MainThread]: python version: 3.10.7
[0m00:27:40.860086 [info ] [MainThread]: python path: C:\Users\João\Desktop\Data-Portfolio\football-analytics\.venv\Scripts\python.exe
[0m00:27:40.862097 [info ] [MainThread]: os info: Windows-10-10.0.26200-SP0
[0m00:27:56.192300 [info ] [MainThread]: Using profiles dir at C:\Users\João\.dbt
[0m00:27:56.192300 [info ] [MainThread]: Using profiles.yml file at C:\Users\João\.dbt\profiles.yml
[0m00:27:56.200777 [info ] [MainThread]: Using dbt_project.yml file at C:\Users\João\Desktop\Data-Portfolio\football-analytics\dbt_project.yml
[0m00:27:56.200777 [info ] [MainThread]: adapter type: bigquery
[0m00:27:56.203647 [info ] [MainThread]: adapter version: 1.8.2
[0m00:27:56.212010 [warn ] [MainThread]: [[33mWARNING[0m]: Deprecated functionality
The `target-path` config in `dbt_project.yml` has been deprecated, and will no
longer be supported in a future version of dbt-core. If you wish to write dbt
artifacts to a custom directory, please use the --target-path CLI flag or
DBT_TARGET_PATH env var instead.
[0m00:27:56.212010 [debug] [MainThread]: Sending event: {'category': 'dbt', 'action': 'deprecation', 'label': 'abc95f9c-8985-40cc-8398-40a1bc5f06ac', 'property_': 'warn', 'context': [<snowplow_tracker.self_describing_json.SelfDescribingJson object at 0x0000013506BCBA30>]}
[0m00:27:56.400950 [info ] [MainThread]: Configuration:
[0m00:27:56.400950 [info ] [MainThread]:   profiles.yml file [[32mOK found and valid[0m]
[0m00:27:56.400950 [info ] [MainThread]:   dbt_project.yml file [[32mOK found and valid[0m]
[0m00:27:56.404343 [info ] [MainThread]: Required dependencies:
[0m00:27:56.404343 [debug] [MainThread]: Executing "git --help"
[0m00:27:56.476880 [debug] [MainThread]: STDOUT: "b"usage: git [-v | --version] [-h | --help] [-C <path>] [-c <name>=<value>]\n           [--exec-path[=<path>]] [--html-path] [--man-path] [--info-path]\n           [-p | --paginate | -P | --no-pager] [--no-replace-objects] [--no-lazy-fetch]\n           [--no-optional-locks] [--no-advice] [--bare] [--git-dir=<path>]\n           [--work-tree=<path>] [--namespace=<name>] [--config-env=<name>=<envvar>]\n           <command> [<args>]\n\nThese are common Git commands used in various situations:\n\nstart a working area (see also: git help tutorial)\n   clone      Clone a repository into a new directory\n   init       Create an empty Git repository or reinitialize an existing one\n\nwork on the current change (see also: git help everyday)\n   add        Add file contents to the index\n   mv         Move or rename a file, a directory, or a symlink\n   restore    Restore working tree files\n   rm         Remove files from the working tree and from the index\n\nexamine the history and state (see also: git help revisions)\n   bisect     Use binary search to find the commit that introduced a bug\n   diff       Show changes between commits, commit and working tree, etc\n   grep       Print lines matching a pattern\n   log        Show commit logs\n   show       Show various types of objects\n   status     Show the working tree status\n\ngrow, mark and tweak your common history\n   backfill   Download missing objects in a partial clone\n   branch     List, create, or delete branches\n   commit     Record changes to the repository\n   merge      Join two or more development histories together\n   rebase     Reapply commits on top of another base tip\n   reset      Set `HEAD` or the index to a known state\n   switch     Switch branches\n   tag        Create, list, delete or verify tags\n\ncollaborate (see also: git help workflows)\n   fetch      Download objects and refs from another repository\n   pull       Fetch from and integrate with another repository or a local branch\n   push       Update remote refs along with associated objects\n\n'git help -a' and 'git help -g' list available subcommands and some\nconcept guides. See 'git help <command>' or 'git help <concept>'\nto read about a specific subcommand or concept.\nSee 'git help git' for an overview of the system.\n""
[0m00:27:56.478036 [debug] [MainThread]: STDERR: "b''"
[0m00:27:56.478036 [info ] [MainThread]:  - git [[32mOK found[0m]

[0m00:27:56.478036 [info ] [MainThread]: Connection:
[0m00:27:56.478036 [info ] [MainThread]:   method: service-account
[0m00:27:56.478036 [info ] [MainThread]:   database: football-analytics-492122
[0m00:27:56.478036 [info ] [MainThread]:   execution_project: football-analytics-492122
[0m00:27:56.478036 [info ] [MainThread]:   schema: raw
[0m00:27:56.484197 [info ] [MainThread]:   location: EU
[0m00:27:56.485330 [info ] [MainThread]:   priority: interactive
[0m00:27:56.486592 [info ] [MainThread]:   maximum_bytes_billed: None
[0m00:27:56.487548 [info ] [MainThread]:   impersonate_service_account: None
[0m00:27:56.488394 [info ] [MainThread]:   job_retry_deadline_seconds: None
[0m00:27:56.488394 [info ] [MainThread]:   job_retries: 1
[0m00:27:56.488394 [info ] [MainThread]:   job_creation_timeout_seconds: None
[0m00:27:56.491540 [info ] [MainThread]:   job_execution_timeout_seconds: 300
[0m00:27:56.494173 [info ] [MainThread]:   timeout_seconds: 300
[0m00:27:56.494173 [info ] [MainThread]:   client_id: None
[0m00:27:56.496380 [info ] [MainThread]:   token_uri: None
[0m00:27:56.497670 [info ] [MainThread]:   dataproc_region: None
[0m00:27:56.497670 [info ] [MainThread]:   dataproc_cluster_name: None
[0m00:27:56.499404 [info ] [MainThread]:   gcs_bucket: None
[0m00:27:56.500569 [info ] [MainThread]:   dataproc_batch: None
[0m00:27:56.501145 [info ] [MainThread]: Registered adapter: bigquery=1.8.2
[0m00:27:57.503813 [debug] [MainThread]: Acquiring new bigquery connection 'debug'
[0m00:27:57.509113 [debug] [MainThread]: Opening a new connection, currently in state init
[0m00:27:57.604994 [debug] [MainThread]: On debug: select 1 as id
[0m00:27:58.777246 [debug] [MainThread]: BigQuery adapter: https://console.cloud.google.com/bigquery?project=football-analytics-492122&j=bq:EU:aea4093c-c825-4520-8cac-7e575b59b3a4&page=queryresults
[0m00:27:59.271724 [info ] [MainThread]:   Connection test: [[32mOK connection ok[0m]

[0m00:27:59.274152 [info ] [MainThread]: [32mAll checks passed![0m
[0m00:27:59.276147 [warn ] [MainThread]: [[33mWARNING[0m][DeprecationsSummary]: Deprecated functionality
Summary of encountered deprecations:
- ConfigTargetPathDeprecation: 1 occurrence
To see all deprecation instances instead of just the first occurrence of each,
run command again with the `--show-all-deprecations` flag. You may also need to
run with `--no-partial-parse` as some deprecations are only encountered during
parsing.
[0m00:27:59.276147 [debug] [MainThread]: Command `dbt debug` succeeded at 00:27:59.276147 after 18.68 seconds
[0m00:27:59.276147 [debug] [MainThread]: Connection 'debug' was properly closed.
[0m00:27:59.281606 [debug] [MainThread]: Sending event: {'category': 'dbt', 'action': 'invocation', 'label': 'end', 'context': [<snowplow_tracker.self_describing_json.SelfDescribingJson object at 0x0000013573A1C4F0>, <snowplow_tracker.self_describing_json.SelfDescribingJson object at 0x0000013573CDBDC0>, <snowplow_tracker.self_describing_json.SelfDescribingJson object at 0x0000013574D80940>]}
[0m00:27:59.282618 [debug] [MainThread]: Flushing usage events
[0m00:28:00.492674 [debug] [MainThread]: An error was encountered while trying to flush usage events
[0m00:28:51.780215 [debug] [MainThread]: Sending event: {'category': 'dbt', 'action': 'invocation', 'label': 'start', 'context': [<snowplow_tracker.self_describing_json.SelfDescribingJson object at 0x000001FED7DCC4F0>, <snowplow_tracker.self_describing_json.SelfDescribingJson object at 0x000001FED9080B20>, <snowplow_tracker.self_describing_json.SelfDescribingJson object at 0x000001FED9080940>]}


============================== 00:28:51.795625 | 60110f2e-ac9d-4e39-a795-d555afacde70 ==============================
[0m00:28:51.795625 [info ] [MainThread]: Running with dbt=1.11.7
[0m00:28:51.795625 [debug] [MainThread]: running dbt with arguments {'version_check': 'True', 'no_print': 'None', 'static_parser': 'True', 'warn_error_options': 'WarnErrorOptionsV2(error=[], warn=[], silence=[])', 'target_path': 'None', 'printer_width': '80', 'write_json': 'True', 'empty': 'False', 'log_cache_events': 'False', 'introspect': 'True', 'cache_selected_only': 'False', 'log_format': 'default', 'debug': 'False', 'fail_fast': 'False', 'partial_parse': 'True', 'send_anonymous_usage_stats': 'True', 'quiet': 'False', 'warn_error': 'None', 'profiles_dir': 'C:\\Users\\João\\.dbt', 'invocation_command': 'dbt run --select stg_fixtures', 'indirect_selection': 'eager', 'use_colors': 'True', 'use_experimental_parser': 'False', 'log_path': 'C:\\Users\\João\\Desktop\\Data-Portfolio\\football-analytics\\logs'}
[0m00:28:52.967757 [warn ] [MainThread]: [[33mWARNING[0m]: Deprecated functionality
The `target-path` config in `dbt_project.yml` has been deprecated, and will no
longer be supported in a future version of dbt-core. If you wish to write dbt
artifacts to a custom directory, please use the --target-path CLI flag or
DBT_TARGET_PATH env var instead.
[0m00:28:52.967757 [debug] [MainThread]: Sending event: {'category': 'dbt', 'action': 'deprecation', 'label': '60110f2e-ac9d-4e39-a795-d555afacde70', 'property_': 'warn', 'context': [<snowplow_tracker.self_describing_json.SelfDescribingJson object at 0x000001FEEA5334C0>]}
[0m00:28:53.237863 [debug] [MainThread]: Sending event: {'category': 'dbt', 'action': 'project_id', 'label': '60110f2e-ac9d-4e39-a795-d555afacde70', 'context': [<snowplow_tracker.self_describing_json.SelfDescribingJson object at 0x000001FEEA48B220>]}
[0m00:28:53.299568 [debug] [MainThread]: Sending event: {'category': 'dbt', 'action': 'adapter_info', 'label': '60110f2e-ac9d-4e39-a795-d555afacde70', 'context': [<snowplow_tracker.self_describing_json.SelfDescribingJson object at 0x000001FEEA48AF20>]}
[0m00:28:53.299568 [info ] [MainThread]: Registered adapter: bigquery=1.8.2
[0m00:28:53.940535 [debug] [MainThread]: checksum: b80718358155fc17c3559352095564dd56ada1cc1a1c0ef2e62c857e71583775, vars: {}, profile: , target: , version: 1.11.7
[0m00:28:54.143026 [debug] [MainThread]: Partial parsing enabled: 0 files deleted, 0 files added, 0 files changed.
[0m00:28:54.145779 [debug] [MainThread]: Nothing changed, skipping partial parsing.
[0m00:28:54.147127 [debug] [MainThread]: Partial parsing enabled, no changes found, skipping parsing
[0m00:28:54.177832 [warn ] [MainThread]: [[33mWARNING[0m]: Configuration paths exist in your dbt_project.yml file which do not apply to any resources.
There are 2 unused configuration paths:
- models.football_analytics.marts
- models.football_analytics.intermediate
[0m00:28:54.299100 [debug] [MainThread]: Sending event: {'category': 'dbt', 'action': 'load_project', 'label': '60110f2e-ac9d-4e39-a795-d555afacde70', 'context': [<snowplow_tracker.self_describing_json.SelfDescribingJson object at 0x000001FEEBBD0130>]}
[0m00:28:54.424408 [debug] [MainThread]: Wrote artifact WritableManifest to C:\Users\João\Desktop\Data-Portfolio\football-analytics\dbt/target\manifest.json
[0m00:28:54.457018 [debug] [MainThread]: Wrote artifact SemanticManifest to C:\Users\João\Desktop\Data-Portfolio\football-analytics\dbt/target\semantic_manifest.json
[0m00:28:54.489677 [debug] [MainThread]: Sending event: {'category': 'dbt', 'action': 'resource_counts', 'label': '60110f2e-ac9d-4e39-a795-d555afacde70', 'context': [<snowplow_tracker.self_describing_json.SelfDescribingJson object at 0x000001FEEBBD1B40>]}
[0m00:28:54.489677 [info ] [MainThread]: Found 1 model, 3 sources, 519 macros
[0m00:28:54.489677 [debug] [MainThread]: Sending event: {'category': 'dbt', 'action': 'runnable_timing', 'label': '60110f2e-ac9d-4e39-a795-d555afacde70', 'context': [<snowplow_tracker.self_describing_json.SelfDescribingJson object at 0x000001FEEBBD1A80>]}
[0m00:28:54.489677 [info ] [MainThread]: 
[0m00:28:54.489677 [info ] [MainThread]: Concurrency: 1 threads (target='dev')
[0m00:28:54.489677 [info ] [MainThread]: 
[0m00:28:54.489677 [debug] [MainThread]: Acquiring new bigquery connection 'master'
[0m00:28:54.500592 [debug] [ThreadPool]: Acquiring new bigquery connection 'list_football-analytics-492122'
[0m00:28:54.501599 [debug] [ThreadPool]: Opening a new connection, currently in state init
[0m00:28:55.101929 [debug] [ThreadPool]: Re-using an available connection from the pool (formerly list_football-analytics-492122, now create_football-analytics-492122_raw_staging)
[0m00:28:55.108873 [debug] [ThreadPool]: Creating schema "database: "football-analytics-492122"
schema: "raw_staging"
"
[0m00:28:55.123386 [debug] [ThreadPool]: Opening a new connection, currently in state closed
[0m00:28:55.149556 [debug] [ThreadPool]: On create_football-analytics-492122_raw_staging: /* {"app": "dbt", "dbt_version": "1.11.7", "profile_name": "football_analytics", "target_name": "dev", "connection_name": "create_football-analytics-492122_raw_staging"} */
create schema if not exists `football-analytics-492122`.`raw_staging`
  
[0m00:28:55.798944 [debug] [ThreadPool]: BigQuery adapter: https://console.cloud.google.com/bigquery?project=football-analytics-492122&j=bq:EU:759e202d-a9ac-4109-949e-fe16e202cc37&page=queryresults
[0m00:28:57.331813 [debug] [ThreadPool]: Acquiring new bigquery connection 'list_football-analytics-492122_raw_staging'
[0m00:28:57.338427 [debug] [ThreadPool]: Opening a new connection, currently in state init
[0m00:28:57.840436 [debug] [MainThread]: Sending event: {'category': 'dbt', 'action': 'runnable_timing', 'label': '60110f2e-ac9d-4e39-a795-d555afacde70', 'context': [<snowplow_tracker.self_describing_json.SelfDescribingJson object at 0x000001FEEBBD1A20>]}
[0m00:28:57.848320 [debug] [Thread-1 (]: Began running node model.football_analytics.stg_fixtures
[0m00:28:57.848320 [info ] [Thread-1 (]: 1 of 1 START sql view model raw_staging.stg_fixtures ........................... [RUN]
[0m00:28:57.848320 [debug] [Thread-1 (]: Acquiring new bigquery connection 'model.football_analytics.stg_fixtures'
[0m00:28:57.848320 [debug] [Thread-1 (]: Began compiling node model.football_analytics.stg_fixtures
[0m00:28:57.870402 [debug] [Thread-1 (]: Writing injected SQL for node "model.football_analytics.stg_fixtures"
[0m00:28:57.871103 [debug] [Thread-1 (]: Began executing node model.football_analytics.stg_fixtures
[0m00:28:57.902670 [debug] [Thread-1 (]: Writing runtime sql for node "model.football_analytics.stg_fixtures"
[0m00:28:57.906754 [debug] [Thread-1 (]: Opening a new connection, currently in state init
[0m00:28:57.934654 [debug] [Thread-1 (]: On model.football_analytics.stg_fixtures: /* {"app": "dbt", "dbt_version": "1.11.7", "profile_name": "football_analytics", "target_name": "dev", "node_id": "model.football_analytics.stg_fixtures"} */


  create or replace view `football-analytics-492122`.`raw_staging`.`stg_fixtures`
  OPTIONS()
  as select fixture_id
, league_code
, league_name
, season
, matchday
, cast(datetime(timestamp(date)) as date) as fixture_date
, status as fixture_status
, home_team_id
, home_team_name
, away_team_id
, away_team_name
, home_goals as home_goals_fulltime
, away_goals as away_goals_fulltime
from `football-analytics-492122`.`raw`.`fixtures`;


[0m00:28:58.649876 [debug] [Thread-1 (]: BigQuery adapter: https://console.cloud.google.com/bigquery?project=football-analytics-492122&j=bq:EU:01e81852-c1f7-4220-b626-15e909f132d6&page=queryresults
[0m00:28:58.997697 [debug] [Thread-1 (]: Sending event: {'category': 'dbt', 'action': 'run_model', 'label': '60110f2e-ac9d-4e39-a795-d555afacde70', 'context': [<snowplow_tracker.self_describing_json.SelfDescribingJson object at 0x000001FEEBC25900>]}
[0m00:28:58.997697 [info ] [Thread-1 (]: 1 of 1 OK created sql view model raw_staging.stg_fixtures ...................... [[32mCREATE VIEW (0 processed)[0m in 1.14s]
[0m00:28:58.997697 [debug] [Thread-1 (]: Finished running node model.football_analytics.stg_fixtures
[0m00:28:59.006596 [debug] [MainThread]: Connection 'master' was properly closed.
[0m00:28:59.006596 [debug] [MainThread]: Connection 'create_football-analytics-492122_raw_staging' was properly closed.
[0m00:28:59.006596 [debug] [MainThread]: Connection 'list_football-analytics-492122_raw_staging' was properly closed.
[0m00:28:59.006596 [debug] [MainThread]: Connection 'model.football_analytics.stg_fixtures' was properly closed.
[0m00:28:59.006596 [info ] [MainThread]: 
[0m00:28:59.012755 [info ] [MainThread]: Finished running 1 view model in 0 hours 0 minutes and 4.52 seconds (4.52s).
[0m00:28:59.014658 [debug] [MainThread]: Command end result
[0m00:28:59.053915 [debug] [MainThread]: Wrote artifact WritableManifest to C:\Users\João\Desktop\Data-Portfolio\football-analytics\dbt/target\manifest.json
[0m00:28:59.071842 [debug] [MainThread]: Wrote artifact SemanticManifest to C:\Users\João\Desktop\Data-Portfolio\football-analytics\dbt/target\semantic_manifest.json
[0m00:28:59.082836 [debug] [MainThread]: Wrote artifact RunExecutionResult to C:\Users\João\Desktop\Data-Portfolio\football-analytics\dbt/target\run_results.json
[0m00:28:59.082836 [info ] [MainThread]: 
[0m00:28:59.085823 [info ] [MainThread]: [32mCompleted successfully[0m
[0m00:28:59.086934 [info ] [MainThread]: 
[0m00:28:59.087933 [info ] [MainThread]: Done. PASS=1 WARN=0 ERROR=0 SKIP=0 NO-OP=0 TOTAL=1
[0m00:28:59.089931 [warn ] [MainThread]: [[33mWARNING[0m][DeprecationsSummary]: Deprecated functionality
Summary of encountered deprecations:
- ConfigTargetPathDeprecation: 1 occurrence
To see all deprecation instances instead of just the first occurrence of each,
run command again with the `--show-all-deprecations` flag. You may also need to
run with `--no-partial-parse` as some deprecations are only encountered during
parsing.
[0m00:28:59.092361 [debug] [MainThread]: Command `dbt run` succeeded at 00:28:59.092361 after 7.41 seconds
[0m00:28:59.093364 [debug] [MainThread]: Sending event: {'category': 'dbt', 'action': 'invocation', 'label': 'end', 'context': [<snowplow_tracker.self_describing_json.SelfDescribingJson object at 0x000001FED7DCC4F0>, <snowplow_tracker.self_describing_json.SelfDescribingJson object at 0x000001FED808EC20>, <snowplow_tracker.self_describing_json.SelfDescribingJson object at 0x000001FEEA48B4F0>]}
[0m00:28:59.094365 [debug] [MainThread]: Flushing usage events
[0m00:28:59.762049 [debug] [MainThread]: An error was encountered while trying to flush usage events
[0m00:35:33.290196 [debug] [MainThread]: Sending event: {'category': 'dbt', 'action': 'invocation', 'label': 'start', 'context': [<snowplow_tracker.self_describing_json.SelfDescribingJson object at 0x0000026CD7E204F0>, <snowplow_tracker.self_describing_json.SelfDescribingJson object at 0x0000026CD90D0B20>, <snowplow_tracker.self_describing_json.SelfDescribingJson object at 0x0000026CD90D0940>]}


============================== 00:35:33.300618 | aae1c7c1-7609-48bf-90f9-700ac489ac3f ==============================
[0m00:35:33.300618 [info ] [MainThread]: Running with dbt=1.11.7
[0m00:35:33.300618 [debug] [MainThread]: running dbt with arguments {'version_check': 'True', 'no_print': 'None', 'static_parser': 'True', 'warn_error_options': 'WarnErrorOptionsV2(error=[], warn=[], silence=[])', 'target_path': 'None', 'printer_width': '80', 'write_json': 'True', 'introspect': 'True', 'log_cache_events': 'False', 'empty': 'False', 'cache_selected_only': 'False', 'fail_fast': 'False', 'debug': 'False', 'log_format': 'default', 'partial_parse': 'True', 'send_anonymous_usage_stats': 'True', 'quiet': 'False', 'warn_error': 'None', 'profiles_dir': 'C:\\Users\\João\\.dbt', 'indirect_selection': 'eager', 'use_colors': 'True', 'invocation_command': 'dbt run --select stg_fixtures', 'use_experimental_parser': 'False', 'log_path': 'C:\\Users\\João\\Desktop\\Data-Portfolio\\football-analytics\\logs'}
[0m00:35:34.488112 [warn ] [MainThread]: [[33mWARNING[0m]: Deprecated functionality
The `target-path` config in `dbt_project.yml` has been deprecated, and will no
longer be supported in a future version of dbt-core. If you wish to write dbt
artifacts to a custom directory, please use the --target-path CLI flag or
DBT_TARGET_PATH env var instead.
[0m00:35:34.489074 [debug] [MainThread]: Sending event: {'category': 'dbt', 'action': 'deprecation', 'label': 'aae1c7c1-7609-48bf-90f9-700ac489ac3f', 'property_': 'warn', 'context': [<snowplow_tracker.self_describing_json.SelfDescribingJson object at 0x0000026CEB5534C0>]}
[0m00:35:34.755562 [debug] [MainThread]: Sending event: {'category': 'dbt', 'action': 'project_id', 'label': 'aae1c7c1-7609-48bf-90f9-700ac489ac3f', 'context': [<snowplow_tracker.self_describing_json.SelfDescribingJson object at 0x0000026CD90D0BE0>]}
[0m00:35:34.840218 [debug] [MainThread]: Sending event: {'category': 'dbt', 'action': 'adapter_info', 'label': 'aae1c7c1-7609-48bf-90f9-700ac489ac3f', 'context': [<snowplow_tracker.self_describing_json.SelfDescribingJson object at 0x0000026CEA4DAF20>]}
[0m00:35:34.863303 [info ] [MainThread]: Registered adapter: bigquery=1.8.2
[0m00:35:35.453991 [debug] [MainThread]: checksum: b80718358155fc17c3559352095564dd56ada1cc1a1c0ef2e62c857e71583775, vars: {}, profile: , target: , version: 1.11.7
[0m00:35:35.637772 [debug] [MainThread]: Partial parsing enabled: 0 files deleted, 0 files added, 0 files changed.
[0m00:35:35.638781 [debug] [MainThread]: Nothing changed, skipping partial parsing.
[0m00:35:35.638781 [debug] [MainThread]: Partial parsing enabled, no changes found, skipping parsing
[0m00:35:35.646772 [warn ] [MainThread]: [[33mWARNING[0m]: Configuration paths exist in your dbt_project.yml file which do not apply to any resources.
There are 2 unused configuration paths:
- models.football_analytics.marts
- models.football_analytics.intermediate
[0m00:35:35.703455 [debug] [MainThread]: Sending event: {'category': 'dbt', 'action': 'load_project', 'label': 'aae1c7c1-7609-48bf-90f9-700ac489ac3f', 'context': [<snowplow_tracker.self_describing_json.SelfDescribingJson object at 0x0000026CEBBB4130>]}
[0m00:35:35.795568 [debug] [MainThread]: Wrote artifact WritableManifest to C:\Users\João\Desktop\Data-Portfolio\football-analytics\dbt/target\manifest.json
[0m00:35:35.811687 [debug] [MainThread]: Wrote artifact SemanticManifest to C:\Users\João\Desktop\Data-Portfolio\football-analytics\dbt/target\semantic_manifest.json
[0m00:35:35.836868 [debug] [MainThread]: Sending event: {'category': 'dbt', 'action': 'resource_counts', 'label': 'aae1c7c1-7609-48bf-90f9-700ac489ac3f', 'context': [<snowplow_tracker.self_describing_json.SelfDescribingJson object at 0x0000026CEB54FB80>]}
[0m00:35:35.840344 [info ] [MainThread]: Found 1 model, 3 sources, 520 macros
[0m00:35:35.840344 [debug] [MainThread]: Sending event: {'category': 'dbt', 'action': 'runnable_timing', 'label': 'aae1c7c1-7609-48bf-90f9-700ac489ac3f', 'context': [<snowplow_tracker.self_describing_json.SelfDescribingJson object at 0x0000026CEBB30BE0>]}
[0m00:35:35.842792 [info ] [MainThread]: 
[0m00:35:35.842792 [info ] [MainThread]: Concurrency: 1 threads (target='dev')
[0m00:35:35.842792 [info ] [MainThread]: 
[0m00:35:35.848238 [debug] [MainThread]: Acquiring new bigquery connection 'master'
[0m00:35:35.851231 [debug] [ThreadPool]: Acquiring new bigquery connection 'list_football-analytics-492122'
[0m00:35:35.852234 [debug] [ThreadPool]: Opening a new connection, currently in state init
[0m00:35:36.420640 [debug] [ThreadPool]: Acquiring new bigquery connection 'list_football-analytics-492122_staging'
[0m00:35:36.424782 [debug] [ThreadPool]: Opening a new connection, currently in state init
[0m00:35:36.941370 [debug] [MainThread]: Sending event: {'category': 'dbt', 'action': 'runnable_timing', 'label': 'aae1c7c1-7609-48bf-90f9-700ac489ac3f', 'context': [<snowplow_tracker.self_describing_json.SelfDescribingJson object at 0x0000026CEBBB7DC0>]}
[0m00:35:36.951848 [debug] [Thread-1 (]: Began running node model.football_analytics.stg_fixtures
[0m00:35:36.951848 [info ] [Thread-1 (]: 1 of 1 START sql view model staging.stg_fixtures ............................... [RUN]
[0m00:35:36.951848 [debug] [Thread-1 (]: Acquiring new bigquery connection 'model.football_analytics.stg_fixtures'
[0m00:35:36.957414 [debug] [Thread-1 (]: Began compiling node model.football_analytics.stg_fixtures
[0m00:35:36.962207 [debug] [Thread-1 (]: Writing injected SQL for node "model.football_analytics.stg_fixtures"
[0m00:35:36.973286 [debug] [Thread-1 (]: Began executing node model.football_analytics.stg_fixtures
[0m00:35:37.011163 [debug] [Thread-1 (]: Writing runtime sql for node "model.football_analytics.stg_fixtures"
[0m00:35:37.013122 [debug] [Thread-1 (]: Opening a new connection, currently in state init
[0m00:35:37.032255 [debug] [Thread-1 (]: On model.football_analytics.stg_fixtures: /* {"app": "dbt", "dbt_version": "1.11.7", "profile_name": "football_analytics", "target_name": "dev", "node_id": "model.football_analytics.stg_fixtures"} */


  create or replace view `football-analytics-492122`.`staging`.`stg_fixtures`
  OPTIONS()
  as select fixture_id
, league_code
, league_name
, season
, matchday
, cast(datetime(timestamp(date)) as date) as fixture_date
, status as fixture_status
, home_team_id
, home_team_name
, away_team_id
, away_team_name
, home_goals as home_goals_fulltime
, away_goals as away_goals_fulltime
from `football-analytics-492122`.`raw`.`fixtures`;


[0m00:35:37.759160 [debug] [Thread-1 (]: BigQuery adapter: https://console.cloud.google.com/bigquery?project=football-analytics-492122&j=bq:EU:fe671076-901a-449d-a634-f92baf00a395&page=queryresults
[0m00:35:38.121218 [debug] [Thread-1 (]: Sending event: {'category': 'dbt', 'action': 'run_model', 'label': 'aae1c7c1-7609-48bf-90f9-700ac489ac3f', 'context': [<snowplow_tracker.self_describing_json.SelfDescribingJson object at 0x0000026CEBBA5450>]}
[0m00:35:38.131593 [info ] [Thread-1 (]: 1 of 1 OK created sql view model staging.stg_fixtures .......................... [[32mCREATE VIEW (0 processed)[0m in 1.17s]
[0m00:35:38.133153 [debug] [Thread-1 (]: Finished running node model.football_analytics.stg_fixtures
[0m00:35:38.133153 [debug] [MainThread]: Connection 'master' was properly closed.
[0m00:35:38.133153 [debug] [MainThread]: Connection 'list_football-analytics-492122' was properly closed.
[0m00:35:38.137110 [debug] [MainThread]: Connection 'list_football-analytics-492122_staging' was properly closed.
[0m00:35:38.137110 [debug] [MainThread]: Connection 'model.football_analytics.stg_fixtures' was properly closed.
[0m00:35:38.137110 [info ] [MainThread]: 
[0m00:35:38.137110 [info ] [MainThread]: Finished running 1 view model in 0 hours 0 minutes and 2.29 seconds (2.29s).
[0m00:35:38.140916 [debug] [MainThread]: Command end result
[0m00:35:38.177529 [debug] [MainThread]: Wrote artifact WritableManifest to C:\Users\João\Desktop\Data-Portfolio\football-analytics\dbt/target\manifest.json
[0m00:35:38.177529 [debug] [MainThread]: Wrote artifact SemanticManifest to C:\Users\João\Desktop\Data-Portfolio\football-analytics\dbt/target\semantic_manifest.json
[0m00:35:38.182662 [debug] [MainThread]: Wrote artifact RunExecutionResult to C:\Users\João\Desktop\Data-Portfolio\football-analytics\dbt/target\run_results.json
[0m00:35:38.182662 [info ] [MainThread]: 
[0m00:35:38.182662 [info ] [MainThread]: [32mCompleted successfully[0m
[0m00:35:38.182662 [info ] [MainThread]: 
[0m00:35:38.182662 [info ] [MainThread]: Done. PASS=1 WARN=0 ERROR=0 SKIP=0 NO-OP=0 TOTAL=1
[0m00:35:38.198302 [warn ] [MainThread]: [[33mWARNING[0m][DeprecationsSummary]: Deprecated functionality
Summary of encountered deprecations:
- ConfigTargetPathDeprecation: 1 occurrence
To see all deprecation instances instead of just the first occurrence of each,
run command again with the `--show-all-deprecations` flag. You may also need to
run with `--no-partial-parse` as some deprecations are only encountered during
parsing.
[0m00:35:38.200423 [debug] [MainThread]: Command `dbt run` succeeded at 00:35:38.200423 after 5.00 seconds
[0m00:35:38.201413 [debug] [MainThread]: Sending event: {'category': 'dbt', 'action': 'invocation', 'label': 'end', 'context': [<snowplow_tracker.self_describing_json.SelfDescribingJson object at 0x0000026CD7E204F0>, <snowplow_tracker.self_describing_json.SelfDescribingJson object at 0x0000026CEBBDDE10>, <snowplow_tracker.self_describing_json.SelfDescribingJson object at 0x0000026CD511EBF0>]}
[0m00:35:38.202419 [debug] [MainThread]: Flushing usage events
[0m00:35:38.783160 [debug] [MainThread]: An error was encountered while trying to flush usage events
[0m22:26:18.045501 [debug] [MainThread]: Sending event: {'category': 'dbt', 'action': 'invocation', 'label': 'start', 'context': [<snowplow_tracker.self_describing_json.SelfDescribingJson object at 0x000001CB18BA8580>, <snowplow_tracker.self_describing_json.SelfDescribingJson object at 0x000001CB19E74B80>, <snowplow_tracker.self_describing_json.SelfDescribingJson object at 0x000001CB19E749A0>]}


============================== 22:26:18.045501 | 0f092588-536a-455a-ae79-af7ec79581a6 ==============================
[0m22:26:18.045501 [info ] [MainThread]: Running with dbt=1.11.7
[0m22:26:18.045501 [debug] [MainThread]: running dbt with arguments {'static_parser': 'True', 'no_print': 'None', 'version_check': 'True', 'warn_error_options': 'WarnErrorOptionsV2(error=[], warn=[], silence=[])', 'target_path': 'None', 'printer_width': '80', 'write_json': 'True', 'introspect': 'True', 'log_cache_events': 'False', 'empty': 'False', 'cache_selected_only': 'False', 'fail_fast': 'False', 'debug': 'False', 'log_format': 'default', 'profiles_dir': 'C:\\Users\\João\\.dbt', 'send_anonymous_usage_stats': 'True', 'quiet': 'False', 'warn_error': 'None', 'partial_parse': 'True', 'use_colors': 'True', 'invocation_command': 'dbt run --select stg_standings', 'indirect_selection': 'eager', 'use_experimental_parser': 'False', 'log_path': 'C:\\Users\\João\\Desktop\\Data-Portfolio\\football-analytics\\logs'}
[0m22:26:26.070137 [warn ] [MainThread]: [[33mWARNING[0m]: Deprecated functionality
The `target-path` config in `dbt_project.yml` has been deprecated, and will no
longer be supported in a future version of dbt-core. If you wish to write dbt
artifacts to a custom directory, please use the --target-path CLI flag or
DBT_TARGET_PATH env var instead.
[0m22:26:26.070137 [debug] [MainThread]: Sending event: {'category': 'dbt', 'action': 'deprecation', 'label': '0f092588-536a-455a-ae79-af7ec79581a6', 'property_': 'warn', 'context': [<snowplow_tracker.self_describing_json.SelfDescribingJson object at 0x000001CB2C2FF580>]}
[0m22:26:26.246570 [debug] [MainThread]: Sending event: {'category': 'dbt', 'action': 'project_id', 'label': '0f092588-536a-455a-ae79-af7ec79581a6', 'context': [<snowplow_tracker.self_describing_json.SelfDescribingJson object at 0x000001CB15E8AC80>]}
[0m22:26:26.327288 [debug] [MainThread]: Sending event: {'category': 'dbt', 'action': 'adapter_info', 'label': '0f092588-536a-455a-ae79-af7ec79581a6', 'context': [<snowplow_tracker.self_describing_json.SelfDescribingJson object at 0x000001CB2AC54CA0>]}
[0m22:26:26.327288 [info ] [MainThread]: Registered adapter: bigquery=1.8.2
[0m22:26:26.998942 [debug] [MainThread]: checksum: b80718358155fc17c3559352095564dd56ada1cc1a1c0ef2e62c857e71583775, vars: {}, profile: , target: , version: 1.11.7
[0m22:26:27.188898 [debug] [MainThread]: Partial parsing enabled: 0 files deleted, 0 files added, 0 files changed.
[0m22:26:27.188898 [debug] [MainThread]: Nothing changed, skipping partial parsing.
[0m22:26:27.188898 [debug] [MainThread]: Partial parsing enabled, no changes found, skipping parsing
[0m22:26:27.188898 [warn ] [MainThread]: [[33mWARNING[0m]: Configuration paths exist in your dbt_project.yml file which do not apply to any resources.
There are 2 unused configuration paths:
- models.football_analytics.marts
- models.football_analytics.intermediate
[0m22:26:27.251898 [debug] [MainThread]: Sending event: {'category': 'dbt', 'action': 'load_project', 'label': '0f092588-536a-455a-ae79-af7ec79581a6', 'context': [<snowplow_tracker.self_describing_json.SelfDescribingJson object at 0x000001CB2C954400>]}
[0m22:26:27.345737 [debug] [MainThread]: Wrote artifact WritableManifest to C:\Users\João\Desktop\Data-Portfolio\football-analytics\dbt/target\manifest.json
[0m22:26:27.364348 [debug] [MainThread]: Wrote artifact SemanticManifest to C:\Users\João\Desktop\Data-Portfolio\football-analytics\dbt/target\semantic_manifest.json
[0m22:26:27.426646 [debug] [MainThread]: Sending event: {'category': 'dbt', 'action': 'resource_counts', 'label': '0f092588-536a-455a-ae79-af7ec79581a6', 'context': [<snowplow_tracker.self_describing_json.SelfDescribingJson object at 0x000001CB2C904F10>]}
[0m22:26:27.426646 [info ] [MainThread]: Found 2 models, 3 sources, 520 macros
[0m22:26:27.426646 [debug] [MainThread]: Sending event: {'category': 'dbt', 'action': 'runnable_timing', 'label': '0f092588-536a-455a-ae79-af7ec79581a6', 'context': [<snowplow_tracker.self_describing_json.SelfDescribingJson object at 0x000001CB2C9056C0>]}
[0m22:26:27.426646 [info ] [MainThread]: 
[0m22:26:27.433554 [info ] [MainThread]: Concurrency: 1 threads (target='dev')
[0m22:26:27.433554 [info ] [MainThread]: 
[0m22:26:27.433554 [debug] [MainThread]: Acquiring new bigquery connection 'master'
[0m22:26:27.440255 [debug] [ThreadPool]: Acquiring new bigquery connection 'list_football-analytics-492122'
[0m22:26:27.441338 [debug] [ThreadPool]: Opening a new connection, currently in state init
[0m22:26:28.184139 [debug] [ThreadPool]: Acquiring new bigquery connection 'list_football-analytics-492122_staging'
[0m22:26:28.184139 [debug] [ThreadPool]: Opening a new connection, currently in state init
[0m22:26:28.664215 [debug] [MainThread]: Sending event: {'category': 'dbt', 'action': 'runnable_timing', 'label': '0f092588-536a-455a-ae79-af7ec79581a6', 'context': [<snowplow_tracker.self_describing_json.SelfDescribingJson object at 0x000001CB15F4FE80>]}
[0m22:26:28.680339 [debug] [Thread-1 (]: Began running node model.football_analytics.stg_standings
[0m22:26:28.680339 [info ] [Thread-1 (]: 1 of 1 START sql view model staging.stg_standings .............................. [RUN]
[0m22:26:28.680339 [debug] [Thread-1 (]: Acquiring new bigquery connection 'model.football_analytics.stg_standings'
[0m22:26:28.680339 [debug] [Thread-1 (]: Began compiling node model.football_analytics.stg_standings
[0m22:26:28.704548 [debug] [Thread-1 (]: Writing injected SQL for node "model.football_analytics.stg_standings"
[0m22:26:28.705516 [debug] [Thread-1 (]: Began executing node model.football_analytics.stg_standings
[0m22:26:28.732702 [debug] [Thread-1 (]: Writing runtime sql for node "model.football_analytics.stg_standings"
[0m22:26:28.732702 [debug] [Thread-1 (]: Opening a new connection, currently in state init
[0m22:26:28.778296 [debug] [Thread-1 (]: On model.football_analytics.stg_standings: /* {"app": "dbt", "dbt_version": "1.11.7", "profile_name": "football_analytics", "target_name": "dev", "node_id": "model.football_analytics.stg_standings"} */


  create or replace view `football-analytics-492122`.`staging`.`stg_standings`
  OPTIONS()
  as select league_code
, league_name
, cast(season as int) as season
, position
, team_id
, team_name
, played_games as matches_played
, won as matches_won
, draw as matches_draw
, lost as matches_lost
, points 
, goals_for
, goals_against
, goal_difference
from `football-analytics-492122`.`raw`.`standings`;


[0m22:26:29.457971 [debug] [Thread-1 (]: BigQuery adapter: https://console.cloud.google.com/bigquery?project=football-analytics-492122&j=bq:EU:39787e82-7e99-4a9f-93c2-5b3abd93f947&page=queryresults
[0m22:26:29.861891 [debug] [Thread-1 (]: Sending event: {'category': 'dbt', 'action': 'run_model', 'label': '0f092588-536a-455a-ae79-af7ec79581a6', 'context': [<snowplow_tracker.self_describing_json.SelfDescribingJson object at 0x000001CB2C956770>]}
[0m22:26:29.861891 [info ] [Thread-1 (]: 1 of 1 OK created sql view model staging.stg_standings ......................... [[32mCREATE VIEW (0 processed)[0m in 1.18s]
[0m22:26:29.861891 [debug] [Thread-1 (]: Finished running node model.football_analytics.stg_standings
[0m22:26:29.861891 [debug] [MainThread]: Connection 'master' was properly closed.
[0m22:26:29.861891 [debug] [MainThread]: Connection 'list_football-analytics-492122' was properly closed.
[0m22:26:29.869277 [debug] [MainThread]: Connection 'list_football-analytics-492122_staging' was properly closed.
[0m22:26:29.869277 [debug] [MainThread]: Connection 'model.football_analytics.stg_standings' was properly closed.
[0m22:26:29.869277 [info ] [MainThread]: 
[0m22:26:29.869277 [info ] [MainThread]: Finished running 1 view model in 0 hours 0 minutes and 2.44 seconds (2.44s).
[0m22:26:29.873374 [debug] [MainThread]: Command end result
[0m22:26:29.935532 [debug] [MainThread]: Wrote artifact WritableManifest to C:\Users\João\Desktop\Data-Portfolio\football-analytics\dbt/target\manifest.json
[0m22:26:29.940529 [debug] [MainThread]: Wrote artifact SemanticManifest to C:\Users\João\Desktop\Data-Portfolio\football-analytics\dbt/target\semantic_manifest.json
[0m22:26:29.950208 [debug] [MainThread]: Wrote artifact RunExecutionResult to C:\Users\João\Desktop\Data-Portfolio\football-analytics\dbt/target\run_results.json
[0m22:26:29.950208 [info ] [MainThread]: 
[0m22:26:29.956180 [info ] [MainThread]: [32mCompleted successfully[0m
[0m22:26:29.956180 [info ] [MainThread]: 
[0m22:26:29.956180 [info ] [MainThread]: Done. PASS=1 WARN=0 ERROR=0 SKIP=0 NO-OP=0 TOTAL=1
[0m22:26:29.956180 [warn ] [MainThread]: [[33mWARNING[0m][DeprecationsSummary]: Deprecated functionality
Summary of encountered deprecations:
- ConfigTargetPathDeprecation: 1 occurrence
To see all deprecation instances instead of just the first occurrence of each,
run command again with the `--show-all-deprecations` flag. You may also need to
run with `--no-partial-parse` as some deprecations are only encountered during
parsing.
[0m22:26:29.964932 [debug] [MainThread]: Command `dbt run` succeeded at 22:26:29.964408 after 12.04 seconds
[0m22:26:29.966854 [debug] [MainThread]: Sending event: {'category': 'dbt', 'action': 'invocation', 'label': 'end', 'context': [<snowplow_tracker.self_describing_json.SelfDescribingJson object at 0x000001CB18BA8580>, <snowplow_tracker.self_describing_json.SelfDescribingJson object at 0x000001CB2C93D570>, <snowplow_tracker.self_describing_json.SelfDescribingJson object at 0x000001CB18E487C0>]}
[0m22:26:29.966854 [debug] [MainThread]: Flushing usage events
[0m22:26:30.579625 [debug] [MainThread]: An error was encountered while trying to flush usage events
[0m22:35:14.217515 [debug] [MainThread]: Sending event: {'category': 'dbt', 'action': 'invocation', 'label': 'start', 'context': [<snowplow_tracker.self_describing_json.SelfDescribingJson object at 0x0000027DA46685E0>, <snowplow_tracker.self_describing_json.SelfDescribingJson object at 0x0000027DA5924BE0>, <snowplow_tracker.self_describing_json.SelfDescribingJson object at 0x0000027DA5924A00>]}


============================== 22:35:14.217515 | c9a26228-cbcf-4ec4-ba64-63c0d854e322 ==============================
[0m22:35:14.217515 [info ] [MainThread]: Running with dbt=1.11.7
[0m22:35:14.217515 [debug] [MainThread]: running dbt with arguments {'version_check': 'True', 'no_print': 'None', 'static_parser': 'True', 'warn_error_options': 'WarnErrorOptionsV2(error=[], warn=[], silence=[])', 'target_path': 'None', 'printer_width': '80', 'write_json': 'True', 'introspect': 'True', 'log_cache_events': 'False', 'empty': 'False', 'cache_selected_only': 'False', 'log_format': 'default', 'debug': 'False', 'fail_fast': 'False', 'profiles_dir': 'C:\\Users\\João\\.dbt', 'send_anonymous_usage_stats': 'True', 'quiet': 'False', 'warn_error': 'None', 'partial_parse': 'True', 'invocation_command': 'dbt run --select stg_top_scorers', 'indirect_selection': 'eager', 'use_colors': 'True', 'use_experimental_parser': 'False', 'log_path': 'C:\\Users\\João\\Desktop\\Data-Portfolio\\football-analytics\\logs'}
[0m22:35:19.360180 [warn ] [MainThread]: [[33mWARNING[0m]: Deprecated functionality
The `target-path` config in `dbt_project.yml` has been deprecated, and will no
longer be supported in a future version of dbt-core. If you wish to write dbt
artifacts to a custom directory, please use the --target-path CLI flag or
DBT_TARGET_PATH env var instead.
[0m22:35:19.360180 [debug] [MainThread]: Sending event: {'category': 'dbt', 'action': 'deprecation', 'label': 'c9a26228-cbcf-4ec4-ba64-63c0d854e322', 'property_': 'warn', 'context': [<snowplow_tracker.self_describing_json.SelfDescribingJson object at 0x0000027DB7DA3610>]}
[0m22:35:19.515243 [debug] [MainThread]: Sending event: {'category': 'dbt', 'action': 'project_id', 'label': 'c9a26228-cbcf-4ec4-ba64-63c0d854e322', 'context': [<snowplow_tracker.self_describing_json.SelfDescribingJson object at 0x0000027DA194ACE0>]}
[0m22:35:19.588414 [debug] [MainThread]: Sending event: {'category': 'dbt', 'action': 'adapter_info', 'label': 'c9a26228-cbcf-4ec4-ba64-63c0d854e322', 'context': [<snowplow_tracker.self_describing_json.SelfDescribingJson object at 0x0000027DA4FF19F0>]}
[0m22:35:19.588414 [info ] [MainThread]: Registered adapter: bigquery=1.8.2
[0m22:35:20.208941 [debug] [MainThread]: checksum: b80718358155fc17c3559352095564dd56ada1cc1a1c0ef2e62c857e71583775, vars: {}, profile: , target: , version: 1.11.7
[0m22:35:20.769904 [debug] [MainThread]: Partial parsing enabled: 0 files deleted, 0 files added, 0 files changed.
[0m22:35:20.769904 [debug] [MainThread]: Nothing changed, skipping partial parsing.
[0m22:35:20.769904 [debug] [MainThread]: Partial parsing enabled, no changes found, skipping parsing
[0m22:35:20.769904 [warn ] [MainThread]: [[33mWARNING[0m]: Configuration paths exist in your dbt_project.yml file which do not apply to any resources.
There are 2 unused configuration paths:
- models.football_analytics.intermediate
- models.football_analytics.marts
[0m22:35:20.832170 [debug] [MainThread]: Sending event: {'category': 'dbt', 'action': 'load_project', 'label': 'c9a26228-cbcf-4ec4-ba64-63c0d854e322', 'context': [<snowplow_tracker.self_describing_json.SelfDescribingJson object at 0x0000027DB840FFD0>]}
[0m22:35:20.925877 [debug] [MainThread]: Wrote artifact WritableManifest to C:\Users\João\Desktop\Data-Portfolio\football-analytics\dbt/target\manifest.json
[0m22:35:20.943393 [debug] [MainThread]: Wrote artifact SemanticManifest to C:\Users\João\Desktop\Data-Portfolio\football-analytics\dbt/target\semantic_manifest.json
[0m22:35:20.972703 [debug] [MainThread]: Sending event: {'category': 'dbt', 'action': 'resource_counts', 'label': 'c9a26228-cbcf-4ec4-ba64-63c0d854e322', 'context': [<snowplow_tracker.self_describing_json.SelfDescribingJson object at 0x0000027DB8388DC0>]}
[0m22:35:20.972703 [info ] [MainThread]: Found 3 models, 3 sources, 520 macros
[0m22:35:20.972703 [debug] [MainThread]: Sending event: {'category': 'dbt', 'action': 'runnable_timing', 'label': 'c9a26228-cbcf-4ec4-ba64-63c0d854e322', 'context': [<snowplow_tracker.self_describing_json.SelfDescribingJson object at 0x0000027DB83B4B80>]}
[0m22:35:20.986824 [info ] [MainThread]: 
[0m22:35:20.988564 [info ] [MainThread]: Concurrency: 1 threads (target='dev')
[0m22:35:20.988564 [info ] [MainThread]: 
[0m22:35:20.990766 [debug] [MainThread]: Acquiring new bigquery connection 'master'
[0m22:35:20.994649 [debug] [ThreadPool]: Acquiring new bigquery connection 'list_football-analytics-492122'
[0m22:35:20.996024 [debug] [ThreadPool]: Opening a new connection, currently in state init
[0m22:35:21.639688 [debug] [ThreadPool]: Acquiring new bigquery connection 'list_football-analytics-492122_staging'
[0m22:35:21.639688 [debug] [ThreadPool]: Opening a new connection, currently in state init
[0m22:35:22.147064 [debug] [MainThread]: Sending event: {'category': 'dbt', 'action': 'runnable_timing', 'label': 'c9a26228-cbcf-4ec4-ba64-63c0d854e322', 'context': [<snowplow_tracker.self_describing_json.SelfDescribingJson object at 0x0000027DA2F89360>]}
[0m22:35:22.154965 [debug] [Thread-1 (]: Began running node model.football_analytics.stg_top_scorers
[0m22:35:22.170708 [info ] [Thread-1 (]: 1 of 1 START sql view model staging.stg_top_scorers ............................ [RUN]
[0m22:35:22.170708 [debug] [Thread-1 (]: Acquiring new bigquery connection 'model.football_analytics.stg_top_scorers'
[0m22:35:22.170708 [debug] [Thread-1 (]: Began compiling node model.football_analytics.stg_top_scorers
[0m22:35:22.189601 [debug] [Thread-1 (]: Writing injected SQL for node "model.football_analytics.stg_top_scorers"
[0m22:35:22.196414 [debug] [Thread-1 (]: Began executing node model.football_analytics.stg_top_scorers
[0m22:35:22.229454 [debug] [Thread-1 (]: Writing runtime sql for node "model.football_analytics.stg_top_scorers"
[0m22:35:22.231457 [debug] [Thread-1 (]: Opening a new connection, currently in state init
[0m22:35:22.260320 [debug] [Thread-1 (]: On model.football_analytics.stg_top_scorers: /* {"app": "dbt", "dbt_version": "1.11.7", "profile_name": "football_analytics", "target_name": "dev", "node_id": "model.football_analytics.stg_top_scorers"} */


  create or replace view `football-analytics-492122`.`staging`.`stg_top_scorers`
  OPTIONS()
  as select league_code
, league_name
, cast(season as int) as season
, player_id
, player_name
, team_id
, team_name
, goals 
, assists
, penalties
from `football-analytics-492122`.`raw`.`top_scorers`;


[0m22:35:23.061589 [debug] [Thread-1 (]: BigQuery adapter: https://console.cloud.google.com/bigquery?project=football-analytics-492122&j=bq:EU:8c95418f-c3b5-4054-8a73-87b45a13f434&page=queryresults
[0m22:35:23.474054 [debug] [Thread-1 (]: Sending event: {'category': 'dbt', 'action': 'run_model', 'label': 'c9a26228-cbcf-4ec4-ba64-63c0d854e322', 'context': [<snowplow_tracker.self_describing_json.SelfDescribingJson object at 0x0000027DB840DFF0>]}
[0m22:35:23.474054 [info ] [Thread-1 (]: 1 of 1 OK created sql view model staging.stg_top_scorers ....................... [[32mCREATE VIEW (0 processed)[0m in 1.30s]
[0m22:35:23.474054 [debug] [Thread-1 (]: Finished running node model.football_analytics.stg_top_scorers
[0m22:35:23.481680 [debug] [MainThread]: Connection 'master' was properly closed.
[0m22:35:23.483691 [debug] [MainThread]: Connection 'list_football-analytics-492122' was properly closed.
[0m22:35:23.483691 [debug] [MainThread]: Connection 'list_football-analytics-492122_staging' was properly closed.
[0m22:35:23.483691 [debug] [MainThread]: Connection 'model.football_analytics.stg_top_scorers' was properly closed.
[0m22:35:23.486492 [info ] [MainThread]: 
[0m22:35:23.488677 [info ] [MainThread]: Finished running 1 view model in 0 hours 0 minutes and 2.50 seconds (2.50s).
[0m22:35:23.491947 [debug] [MainThread]: Command end result
[0m22:35:23.551712 [debug] [MainThread]: Wrote artifact WritableManifest to C:\Users\João\Desktop\Data-Portfolio\football-analytics\dbt/target\manifest.json
[0m22:35:23.557720 [debug] [MainThread]: Wrote artifact SemanticManifest to C:\Users\João\Desktop\Data-Portfolio\football-analytics\dbt/target\semantic_manifest.json
[0m22:35:23.569585 [debug] [MainThread]: Wrote artifact RunExecutionResult to C:\Users\João\Desktop\Data-Portfolio\football-analytics\dbt/target\run_results.json
[0m22:35:23.570557 [info ] [MainThread]: 
[0m22:35:23.571552 [info ] [MainThread]: [32mCompleted successfully[0m
[0m22:35:23.572588 [info ] [MainThread]: 
[0m22:35:23.573551 [info ] [MainThread]: Done. PASS=1 WARN=0 ERROR=0 SKIP=0 NO-OP=0 TOTAL=1
[0m22:35:23.575550 [warn ] [MainThread]: [[33mWARNING[0m][DeprecationsSummary]: Deprecated functionality
Summary of encountered deprecations:
- ConfigTargetPathDeprecation: 1 occurrence
To see all deprecation instances instead of just the first occurrence of each,
run command again with the `--show-all-deprecations` flag. You may also need to
run with `--no-partial-parse` as some deprecations are only encountered during
parsing.
[0m22:35:23.578200 [debug] [MainThread]: Command `dbt run` succeeded at 22:35:23.578200 after 9.47 seconds
[0m22:35:23.579381 [debug] [MainThread]: Sending event: {'category': 'dbt', 'action': 'invocation', 'label': 'end', 'context': [<snowplow_tracker.self_describing_json.SelfDescribingJson object at 0x0000027DA46685E0>, <snowplow_tracker.self_describing_json.SelfDescribingJson object at 0x0000027DA492E0E0>, <snowplow_tracker.self_describing_json.SelfDescribingJson object at 0x0000027DA4FF19F0>]}
[0m22:35:23.580530 [debug] [MainThread]: Flushing usage events
[0m22:35:24.176312 [debug] [MainThread]: An error was encountered while trying to flush usage events
[0m22:37:42.716839 [debug] [MainThread]: Sending event: {'category': 'dbt', 'action': 'invocation', 'label': 'start', 'context': [<snowplow_tracker.self_describing_json.SelfDescribingJson object at 0x000001432EA504F0>, <snowplow_tracker.self_describing_json.SelfDescribingJson object at 0x000001432FD10B20>, <snowplow_tracker.self_describing_json.SelfDescribingJson object at 0x000001432FD10940>]}


============================== 22:37:42.727514 | 28c2ad42-55d3-45c8-9266-1cc2b5695093 ==============================
[0m22:37:42.727514 [info ] [MainThread]: Running with dbt=1.11.7
[0m22:37:42.727514 [debug] [MainThread]: running dbt with arguments {'version_check': 'True', 'no_print': 'None', 'static_parser': 'True', 'target_path': 'None', 'warn_error_options': 'WarnErrorOptionsV2(error=[], warn=[], silence=[])', 'printer_width': '80', 'write_json': 'True', 'introspect': 'True', 'log_cache_events': 'False', 'empty': 'False', 'cache_selected_only': 'False', 'log_format': 'default', 'debug': 'False', 'fail_fast': 'False', 'profiles_dir': 'C:\\Users\\João\\.dbt', 'send_anonymous_usage_stats': 'True', 'quiet': 'False', 'warn_error': 'None', 'partial_parse': 'True', 'indirect_selection': 'eager', 'use_colors': 'True', 'invocation_command': 'dbt run --select stg_top_scorers', 'use_experimental_parser': 'False', 'log_path': 'C:\\Users\\João\\Desktop\\Data-Portfolio\\football-analytics\\logs'}
[0m22:37:44.325599 [warn ] [MainThread]: [[33mWARNING[0m]: Deprecated functionality
The `target-path` config in `dbt_project.yml` has been deprecated, and will no
longer be supported in a future version of dbt-core. If you wish to write dbt
artifacts to a custom directory, please use the --target-path CLI flag or
DBT_TARGET_PATH env var instead.
[0m22:37:44.325599 [debug] [MainThread]: Sending event: {'category': 'dbt', 'action': 'deprecation', 'label': '28c2ad42-55d3-45c8-9266-1cc2b5695093', 'property_': 'warn', 'context': [<snowplow_tracker.self_describing_json.SelfDescribingJson object at 0x000001434219F4C0>]}
[0m22:37:44.489699 [debug] [MainThread]: Sending event: {'category': 'dbt', 'action': 'project_id', 'label': '28c2ad42-55d3-45c8-9266-1cc2b5695093', 'context': [<snowplow_tracker.self_describing_json.SelfDescribingJson object at 0x000001432FD10BE0>]}
[0m22:37:44.579338 [debug] [MainThread]: Sending event: {'category': 'dbt', 'action': 'adapter_info', 'label': '28c2ad42-55d3-45c8-9266-1cc2b5695093', 'context': [<snowplow_tracker.self_describing_json.SelfDescribingJson object at 0x000001434111AF20>]}
[0m22:37:44.579338 [info ] [MainThread]: Registered adapter: bigquery=1.8.2
[0m22:37:45.089249 [debug] [MainThread]: checksum: b80718358155fc17c3559352095564dd56ada1cc1a1c0ef2e62c857e71583775, vars: {}, profile: , target: , version: 1.11.7
[0m22:37:45.272521 [debug] [MainThread]: Partial parsing enabled: 0 files deleted, 0 files added, 0 files changed.
[0m22:37:45.272521 [debug] [MainThread]: Nothing changed, skipping partial parsing.
[0m22:37:45.272521 [debug] [MainThread]: Partial parsing enabled, no changes found, skipping parsing
[0m22:37:45.287729 [warn ] [MainThread]: [[33mWARNING[0m]: Configuration paths exist in your dbt_project.yml file which do not apply to any resources.
There are 2 unused configuration paths:
- models.football_analytics.marts
- models.football_analytics.intermediate
[0m22:37:45.334126 [debug] [MainThread]: Sending event: {'category': 'dbt', 'action': 'load_project', 'label': '28c2ad42-55d3-45c8-9266-1cc2b5695093', 'context': [<snowplow_tracker.self_describing_json.SelfDescribingJson object at 0x0000014342803EE0>]}
[0m22:37:45.437872 [debug] [MainThread]: Wrote artifact WritableManifest to C:\Users\João\Desktop\Data-Portfolio\football-analytics\dbt/target\manifest.json
[0m22:37:45.437872 [debug] [MainThread]: Wrote artifact SemanticManifest to C:\Users\João\Desktop\Data-Portfolio\football-analytics\dbt/target\semantic_manifest.json
[0m22:37:45.485230 [debug] [MainThread]: Sending event: {'category': 'dbt', 'action': 'resource_counts', 'label': '28c2ad42-55d3-45c8-9266-1cc2b5695093', 'context': [<snowplow_tracker.self_describing_json.SelfDescribingJson object at 0x000001434277AD70>]}
[0m22:37:45.485230 [info ] [MainThread]: Found 3 models, 3 sources, 520 macros
[0m22:37:45.485230 [debug] [MainThread]: Sending event: {'category': 'dbt', 'action': 'runnable_timing', 'label': '28c2ad42-55d3-45c8-9266-1cc2b5695093', 'context': [<snowplow_tracker.self_describing_json.SelfDescribingJson object at 0x00000143427A53C0>]}
[0m22:37:45.485230 [info ] [MainThread]: 
[0m22:37:45.485230 [info ] [MainThread]: Concurrency: 1 threads (target='dev')
[0m22:37:45.485230 [info ] [MainThread]: 
[0m22:37:45.485230 [debug] [MainThread]: Acquiring new bigquery connection 'master'
[0m22:37:45.497964 [debug] [ThreadPool]: Acquiring new bigquery connection 'list_football-analytics-492122'
[0m22:37:45.499088 [debug] [ThreadPool]: Opening a new connection, currently in state init
[0m22:37:46.021723 [debug] [ThreadPool]: Acquiring new bigquery connection 'list_football-analytics-492122_staging'
[0m22:37:46.021723 [debug] [ThreadPool]: Opening a new connection, currently in state init
[0m22:37:46.518227 [debug] [MainThread]: Sending event: {'category': 'dbt', 'action': 'runnable_timing', 'label': '28c2ad42-55d3-45c8-9266-1cc2b5695093', 'context': [<snowplow_tracker.self_describing_json.SelfDescribingJson object at 0x000001432BB265C0>]}
[0m22:37:46.518227 [debug] [Thread-1 (]: Began running node model.football_analytics.stg_top_scorers
[0m22:37:46.518227 [info ] [Thread-1 (]: 1 of 1 START sql view model staging.stg_top_scorers ............................ [RUN]
[0m22:37:46.518227 [debug] [Thread-1 (]: Acquiring new bigquery connection 'model.football_analytics.stg_top_scorers'
[0m22:37:46.534062 [debug] [Thread-1 (]: Began compiling node model.football_analytics.stg_top_scorers
[0m22:37:46.534062 [debug] [Thread-1 (]: Writing injected SQL for node "model.football_analytics.stg_top_scorers"
[0m22:37:46.534062 [debug] [Thread-1 (]: Began executing node model.football_analytics.stg_top_scorers
[0m22:37:46.585329 [debug] [Thread-1 (]: Writing runtime sql for node "model.football_analytics.stg_top_scorers"
[0m22:37:46.587289 [debug] [Thread-1 (]: Opening a new connection, currently in state init
[0m22:37:46.618451 [debug] [Thread-1 (]: On model.football_analytics.stg_top_scorers: /* {"app": "dbt", "dbt_version": "1.11.7", "profile_name": "football_analytics", "target_name": "dev", "node_id": "model.football_analytics.stg_top_scorers"} */


  create or replace view `football-analytics-492122`.`staging`.`stg_top_scorers`
  OPTIONS()
  as select league_code
, league_name
, cast(season as int) as season
, player_id
, player_name
, team_id
, team_name
, goals as total_goals
, assists as total_assists
, penalties as total_penalties
from `football-analytics-492122`.`raw`.`top_scorers`;


[0m22:37:47.294609 [debug] [Thread-1 (]: BigQuery adapter: https://console.cloud.google.com/bigquery?project=football-analytics-492122&j=bq:EU:9ececa80-a383-4e03-abc9-ef4a27be306f&page=queryresults
[0m22:37:47.639042 [debug] [Thread-1 (]: Sending event: {'category': 'dbt', 'action': 'run_model', 'label': '28c2ad42-55d3-45c8-9266-1cc2b5695093', 'context': [<snowplow_tracker.self_describing_json.SelfDescribingJson object at 0x0000014342803760>]}
[0m22:37:47.640050 [info ] [Thread-1 (]: 1 of 1 OK created sql view model staging.stg_top_scorers ....................... [[32mCREATE VIEW (0 processed)[0m in 1.12s]
[0m22:37:47.642538 [debug] [Thread-1 (]: Finished running node model.football_analytics.stg_top_scorers
[0m22:37:47.644860 [debug] [MainThread]: Connection 'master' was properly closed.
[0m22:37:47.645905 [debug] [MainThread]: Connection 'list_football-analytics-492122' was properly closed.
[0m22:37:47.646904 [debug] [MainThread]: Connection 'list_football-analytics-492122_staging' was properly closed.
[0m22:37:47.646904 [debug] [MainThread]: Connection 'model.football_analytics.stg_top_scorers' was properly closed.
[0m22:37:47.647904 [info ] [MainThread]: 
[0m22:37:47.650378 [info ] [MainThread]: Finished running 1 view model in 0 hours 0 minutes and 2.16 seconds (2.16s).
[0m22:37:47.651539 [debug] [MainThread]: Command end result
[0m22:37:47.693418 [debug] [MainThread]: Wrote artifact WritableManifest to C:\Users\João\Desktop\Data-Portfolio\football-analytics\dbt/target\manifest.json
[0m22:37:47.695390 [debug] [MainThread]: Wrote artifact SemanticManifest to C:\Users\João\Desktop\Data-Portfolio\football-analytics\dbt/target\semantic_manifest.json
[0m22:37:47.708198 [debug] [MainThread]: Wrote artifact RunExecutionResult to C:\Users\João\Desktop\Data-Portfolio\football-analytics\dbt/target\run_results.json
[0m22:37:47.708982 [info ] [MainThread]: 
[0m22:37:47.710994 [info ] [MainThread]: [32mCompleted successfully[0m
[0m22:37:47.714750 [info ] [MainThread]: 
[0m22:37:47.715991 [info ] [MainThread]: Done. PASS=1 WARN=0 ERROR=0 SKIP=0 NO-OP=0 TOTAL=1
[0m22:37:47.717992 [warn ] [MainThread]: [[33mWARNING[0m][DeprecationsSummary]: Deprecated functionality
Summary of encountered deprecations:
- ConfigTargetPathDeprecation: 1 occurrence
To see all deprecation instances instead of just the first occurrence of each,
run command again with the `--show-all-deprecations` flag. You may also need to
run with `--no-partial-parse` as some deprecations are only encountered during
parsing.
[0m22:37:47.720993 [debug] [MainThread]: Command `dbt run` succeeded at 22:37:47.720993 after 5.11 seconds
[0m22:37:47.722029 [debug] [MainThread]: Sending event: {'category': 'dbt', 'action': 'invocation', 'label': 'end', 'context': [<snowplow_tracker.self_describing_json.SelfDescribingJson object at 0x000001432EA504F0>, <snowplow_tracker.self_describing_json.SelfDescribingJson object at 0x00000143427EAEC0>, <snowplow_tracker.self_describing_json.SelfDescribingJson object at 0x000001432BD2EBF0>]}
[0m22:37:47.723030 [debug] [MainThread]: Flushing usage events
[0m22:37:48.329375 [debug] [MainThread]: An error was encountered while trying to flush usage events
