[2026-04-09T21:45:24.835+0000] {taskinstance.py:1956} INFO - Dependencies all met for dep_context=non-requeueable deps ti=<TaskInstance: daily_football_ingestion.dbt_run manual__2026-04-09T21:45:05.027172+00:00 [queued]>
[2026-04-09T21:45:24.848+0000] {taskinstance.py:1956} INFO - Dependencies all met for dep_context=requeueable deps ti=<TaskInstance: daily_football_ingestion.dbt_run manual__2026-04-09T21:45:05.027172+00:00 [queued]>
[2026-04-09T21:45:24.849+0000] {taskinstance.py:2170} INFO - Starting attempt 1 of 2
[2026-04-09T21:45:24.867+0000] {taskinstance.py:2191} INFO - Executing <Task(BashOperator): dbt_run> on 2026-04-09 21:45:05.027172+00:00
[2026-04-09T21:45:24.874+0000] {standard_task_runner.py:60} INFO - Started process 295 to run task
[2026-04-09T21:45:24.880+0000] {standard_task_runner.py:87} INFO - Running: ['***', 'tasks', 'run', 'daily_football_ingestion', 'dbt_run', 'manual__2026-04-09T21:45:05.027172+00:00', '--job-id', '9', '--raw', '--subdir', 'DAGS_FOLDER/daily_ingestion.py', '--cfg-path', '/tmp/tmp8g4_1f5l']
[2026-04-09T21:45:24.883+0000] {standard_task_runner.py:88} INFO - Job 9: Subtask dbt_run
[2026-04-09T21:45:25.045+0000] {task_command.py:423} INFO - Running <TaskInstance: daily_football_ingestion.dbt_run manual__2026-04-09T21:45:05.027172+00:00 [running]> on host dfe90bf0f232
[2026-04-09T21:45:25.176+0000] {taskinstance.py:2480} INFO - Exporting env vars: AIRFLOW_CTX_DAG_OWNER='***' AIRFLOW_CTX_DAG_ID='daily_football_ingestion' AIRFLOW_CTX_TASK_ID='dbt_run' AIRFLOW_CTX_EXECUTION_DATE='2026-04-09T21:45:05.027172+00:00' AIRFLOW_CTX_TRY_NUMBER='1' AIRFLOW_CTX_DAG_RUN_ID='manual__2026-04-09T21:45:05.027172+00:00'
[2026-04-09T21:45:25.179+0000] {subprocess.py:63} INFO - Tmp dir root location: /tmp
[2026-04-09T21:45:25.181+0000] {subprocess.py:75} INFO - Running command: ['/usr/bin/bash', '-c', 'cd /opt/*** && dbt run --profiles-dir /opt/***/dbt']
[2026-04-09T21:45:25.199+0000] {subprocess.py:86} INFO - Output:
[2026-04-09T21:45:27.277+0000] {subprocess.py:93} INFO - [0m21:45:27  Running with dbt=1.8.7
[2026-04-09T21:45:28.479+0000] {subprocess.py:93} INFO - [0m21:45:28  [[33mWARNING[0m]: Deprecated functionality
[2026-04-09T21:45:28.480+0000] {subprocess.py:93} INFO - The `target-path` config in `dbt_project.yml` has been deprecated, and will no
[2026-04-09T21:45:28.481+0000] {subprocess.py:93} INFO - longer be supported in a future version of dbt-core. If you wish to write dbt
[2026-04-09T21:45:28.482+0000] {subprocess.py:93} INFO - artifacts to a custom directory, please use the --target-path CLI flag or
[2026-04-09T21:45:28.483+0000] {subprocess.py:93} INFO - DBT_TARGET_PATH env var instead.
[2026-04-09T21:45:28.743+0000] {subprocess.py:93} INFO - [0m21:45:28  Registered adapter: bigquery=1.8.2
[2026-04-09T21:45:30.247+0000] {subprocess.py:93} INFO - [0m21:45:30  Found 9 models, 122 data tests, 3 sources, 480 macros
[2026-04-09T21:45:30.253+0000] {subprocess.py:93} INFO - [0m21:45:30
[2026-04-09T21:45:34.451+0000] {subprocess.py:93} INFO - [0m21:45:34  Concurrency: 1 threads (target='dev')
[2026-04-09T21:45:34.452+0000] {subprocess.py:93} INFO - [0m21:45:34
[2026-04-09T21:45:34.465+0000] {subprocess.py:93} INFO - [0m21:45:34  1 of 9 START sql view model staging.stg_fixtures ............................... [RUN]
[2026-04-09T21:45:35.872+0000] {subprocess.py:93} INFO - [0m21:45:35  1 of 9 OK created sql view model staging.stg_fixtures .......................... [[32mCREATE VIEW (0 processed)[0m in 1.40s]
[2026-04-09T21:45:35.876+0000] {subprocess.py:93} INFO - [0m21:45:35  2 of 9 START sql view model staging.stg_standings .............................. [RUN]
[2026-04-09T21:45:37.189+0000] {subprocess.py:93} INFO - [0m21:45:37  2 of 9 OK created sql view model staging.stg_standings ......................... [[32mCREATE VIEW (0 processed)[0m in 1.31s]
[2026-04-09T21:45:37.207+0000] {subprocess.py:93} INFO - [0m21:45:37  3 of 9 START sql view model staging.stg_top_scorers ............................ [RUN]
[2026-04-09T21:45:38.603+0000] {subprocess.py:93} INFO - [0m21:45:38  3 of 9 OK created sql view model staging.stg_top_scorers ....................... [[32mCREATE VIEW (0 processed)[0m in 1.40s]
[2026-04-09T21:45:38.609+0000] {subprocess.py:93} INFO - [0m21:45:38  4 of 9 START sql view model intermediate.int_team_away_stats ................... [RUN]
[2026-04-09T21:45:40.099+0000] {subprocess.py:93} INFO - [0m21:45:40  4 of 9 OK created sql view model intermediate.int_team_away_stats .............. [[32mCREATE VIEW (0 processed)[0m in 1.49s]
[2026-04-09T21:45:40.103+0000] {subprocess.py:93} INFO - [0m21:45:40  5 of 9 START sql view model intermediate.int_team_home_stats ................... [RUN]
[2026-04-09T21:45:42.000+0000] {subprocess.py:93} INFO - [0m21:45:42  5 of 9 OK created sql view model intermediate.int_team_home_stats .............. [[32mCREATE VIEW (0 processed)[0m in 1.89s]
[2026-04-09T21:45:42.011+0000] {subprocess.py:93} INFO - [0m21:45:42  6 of 9 START sql view model intermediate.int_team_last_5_matches ............... [RUN]
[2026-04-09T21:45:43.575+0000] {subprocess.py:93} INFO - [0m21:45:43  6 of 9 OK created sql view model intermediate.int_team_last_5_matches .......... [[32mCREATE VIEW (0 processed)[0m in 1.55s]
[2026-04-09T21:45:43.598+0000] {subprocess.py:93} INFO - [0m21:45:43  7 of 9 START sql table model marts.mart_player_performance ..................... [RUN]
[2026-04-09T21:45:47.487+0000] {subprocess.py:93} INFO - [0m21:45:47  7 of 9 OK created sql table model marts.mart_player_performance ................ [[32mCREATE TABLE (30.0 rows, 7.9 KiB processed)[0m in 3.88s]
[2026-04-09T21:45:47.507+0000] {subprocess.py:93} INFO - [0m21:45:47  8 of 9 START sql table model marts.mart_team_performance ....................... [RUN]
[2026-04-09T21:45:51.505+0000] {subprocess.py:93} INFO - [0m21:45:51  8 of 9 OK created sql table model marts.mart_team_performance .................. [[32mCREATE TABLE (58.0 rows, 158.7 KiB processed)[0m in 3.98s]
[2026-04-09T21:45:51.531+0000] {subprocess.py:93} INFO - [0m21:45:51  9 of 9 START sql table model marts.mart_fixtures ............................... [RUN]
[2026-04-09T21:45:55.498+0000] {subprocess.py:93} INFO - [0m21:45:55  9 of 9 OK created sql table model marts.mart_fixtures .......................... [[32mCREATE TABLE (207.0 rows, 112.3 KiB processed)[0m in 3.96s]
[2026-04-09T21:45:55.505+0000] {subprocess.py:93} INFO - [0m21:45:55
[2026-04-09T21:45:55.506+0000] {subprocess.py:93} INFO - [0m21:45:55  Finished running 6 view models, 3 table models in 0 hours 0 minutes and 25.25 seconds (25.25s).
[2026-04-09T21:45:55.783+0000] {subprocess.py:93} INFO - [0m21:45:55
[2026-04-09T21:45:55.789+0000] {subprocess.py:93} INFO - [0m21:45:55  [32mCompleted successfully[0m
[2026-04-09T21:45:55.797+0000] {subprocess.py:93} INFO - [0m21:45:55
[2026-04-09T21:45:55.804+0000] {subprocess.py:93} INFO - [0m21:45:55  Done. PASS=9 WARN=0 ERROR=0 SKIP=0 TOTAL=9
[2026-04-09T21:45:57.072+0000] {subprocess.py:97} INFO - Command exited with return code 0
[2026-04-09T21:45:57.109+0000] {taskinstance.py:1138} INFO - Marking task as SUCCESS. dag_id=daily_football_ingestion, task_id=dbt_run, execution_date=20260409T214505, start_date=20260409T214524, end_date=20260409T214557
[2026-04-09T21:45:57.178+0000] {local_task_job_runner.py:234} INFO - Task exited with return code 0
[2026-04-09T21:45:57.205+0000] {taskinstance.py:3280} INFO - 1 downstream tasks scheduled from follow-on schedule check
