[2026-04-09T21:30:45.235+0000] {taskinstance.py:1956} INFO - Dependencies all met for dep_context=non-requeueable deps ti=<TaskInstance: daily_football_ingestion.dbt_run manual__2026-04-09T21:30:18.352670+00:00 [queued]>
[2026-04-09T21:30:45.246+0000] {taskinstance.py:1956} INFO - Dependencies all met for dep_context=requeueable deps ti=<TaskInstance: daily_football_ingestion.dbt_run manual__2026-04-09T21:30:18.352670+00:00 [queued]>
[2026-04-09T21:30:45.247+0000] {taskinstance.py:2170} INFO - Starting attempt 1 of 2
[2026-04-09T21:30:45.266+0000] {taskinstance.py:2191} INFO - Executing <Task(BashOperator): dbt_run> on 2026-04-09 21:30:18.352670+00:00
[2026-04-09T21:30:45.274+0000] {standard_task_runner.py:60} INFO - Started process 278 to run task
[2026-04-09T21:30:45.278+0000] {standard_task_runner.py:87} INFO - Running: ['***', 'tasks', 'run', 'daily_football_ingestion', 'dbt_run', 'manual__2026-04-09T21:30:18.352670+00:00', '--job-id', '9', '--raw', '--subdir', 'DAGS_FOLDER/daily_ingestion.py', '--cfg-path', '/tmp/tmpwn2iyqu7']
[2026-04-09T21:30:45.281+0000] {standard_task_runner.py:88} INFO - Job 9: Subtask dbt_run
[2026-04-09T21:30:45.372+0000] {task_command.py:423} INFO - Running <TaskInstance: daily_football_ingestion.dbt_run manual__2026-04-09T21:30:18.352670+00:00 [running]> on host a2250537e0c4
[2026-04-09T21:30:45.483+0000] {taskinstance.py:2480} INFO - Exporting env vars: AIRFLOW_CTX_DAG_OWNER='***' AIRFLOW_CTX_DAG_ID='daily_football_ingestion' AIRFLOW_CTX_TASK_ID='dbt_run' AIRFLOW_CTX_EXECUTION_DATE='2026-04-09T21:30:18.352670+00:00' AIRFLOW_CTX_TRY_NUMBER='1' AIRFLOW_CTX_DAG_RUN_ID='manual__2026-04-09T21:30:18.352670+00:00'
[2026-04-09T21:30:45.488+0000] {subprocess.py:63} INFO - Tmp dir root location: /tmp
[2026-04-09T21:30:45.490+0000] {subprocess.py:75} INFO - Running command: ['/usr/bin/bash', '-c', 'cd /opt/*** && dbt run --profiles-dir /opt/***/dbt']
[2026-04-09T21:30:45.508+0000] {subprocess.py:86} INFO - Output:
[2026-04-09T21:30:47.914+0000] {subprocess.py:93} INFO - [0m21:30:47  Running with dbt=1.8.7
[2026-04-09T21:30:47.918+0000] {subprocess.py:93} INFO - [0m21:30:47  Encountered an error:
[2026-04-09T21:30:47.919+0000] {subprocess.py:93} INFO - Runtime Error
[2026-04-09T21:30:47.919+0000] {subprocess.py:93} INFO -   No dbt_project.yml found at expected path /opt/***/dbt_project.yml
[2026-04-09T21:30:47.920+0000] {subprocess.py:93} INFO -   Verify that each entry within packages.yml (and their transitive dependencies) contains a file named dbt_project.yml
[2026-04-09T21:30:47.921+0000] {subprocess.py:93} INFO - 
[2026-04-09T21:30:48.741+0000] {subprocess.py:97} INFO - Command exited with return code 2
[2026-04-09T21:30:48.756+0000] {taskinstance.py:2698} ERROR - Task failed with exception
Traceback (most recent call last):
  File "/home/airflow/.local/lib/python3.8/site-packages/airflow/models/taskinstance.py", line 433, in _execute_task
    result = execute_callable(context=context, **execute_callable_kwargs)
  File "/home/airflow/.local/lib/python3.8/site-packages/airflow/operators/bash.py", line 212, in execute
    raise AirflowException(
airflow.exceptions.AirflowException: Bash command failed. The command returned a non-zero exit code 2.
[2026-04-09T21:30:48.760+0000] {taskinstance.py:1138} INFO - Marking task as UP_FOR_RETRY. dag_id=daily_football_ingestion, task_id=dbt_run, execution_date=20260409T213018, start_date=20260409T213045, end_date=20260409T213048
[2026-04-09T21:30:48.779+0000] {standard_task_runner.py:107} ERROR - Failed to execute job 9 for task dbt_run (Bash command failed. The command returned a non-zero exit code 2.; 278)
[2026-04-09T21:30:48.795+0000] {local_task_job_runner.py:234} INFO - Task exited with return code 1
[2026-04-09T21:30:48.823+0000] {taskinstance.py:3280} INFO - 0 downstream tasks scheduled from follow-on schedule check
