[2026-04-09T21:23:35.814+0000] {taskinstance.py:1956} INFO - Dependencies all met for dep_context=non-requeueable deps ti=<TaskInstance: daily_football_ingestion.ingest_standings manual__2026-04-09T21:23:33.661359+00:00 [queued]>
[2026-04-09T21:23:35.831+0000] {taskinstance.py:1956} INFO - Dependencies all met for dep_context=requeueable deps ti=<TaskInstance: daily_football_ingestion.ingest_standings manual__2026-04-09T21:23:33.661359+00:00 [queued]>
[2026-04-09T21:23:35.832+0000] {taskinstance.py:2170} INFO - Starting attempt 1 of 2
[2026-04-09T21:23:35.855+0000] {taskinstance.py:2191} INFO - Executing <Task(PythonOperator): ingest_standings> on 2026-04-09 21:23:33.661359+00:00
[2026-04-09T21:23:35.870+0000] {standard_task_runner.py:60} INFO - Started process 504 to run task
[2026-04-09T21:23:35.879+0000] {standard_task_runner.py:87} INFO - Running: ['***', 'tasks', 'run', 'daily_football_ingestion', 'ingest_standings', 'manual__2026-04-09T21:23:33.661359+00:00', '--job-id', '15', '--raw', '--subdir', 'DAGS_FOLDER/daily_ingestion.py', '--cfg-path', '/tmp/tmpj8kmgzn1']
[2026-04-09T21:23:35.884+0000] {standard_task_runner.py:88} INFO - Job 15: Subtask ingest_standings
[2026-04-09T21:23:35.986+0000] {task_command.py:423} INFO - Running <TaskInstance: daily_football_ingestion.ingest_standings manual__2026-04-09T21:23:33.661359+00:00 [running]> on host f9c54a541299
[2026-04-09T21:23:36.109+0000] {taskinstance.py:2480} INFO - Exporting env vars: AIRFLOW_CTX_DAG_OWNER='***' AIRFLOW_CTX_DAG_ID='daily_football_ingestion' AIRFLOW_CTX_TASK_ID='ingest_standings' AIRFLOW_CTX_EXECUTION_DATE='2026-04-09T21:23:33.661359+00:00' AIRFLOW_CTX_TRY_NUMBER='1' AIRFLOW_CTX_DAG_RUN_ID='manual__2026-04-09T21:23:33.661359+00:00'
[2026-04-09T21:23:36.112+0000] {logging_mixin.py:188} INFO - Extracting standings: premier_league...
[2026-04-09T21:23:36.263+0000] {logging_mixin.py:188} INFO -   → 20 teams found
[2026-04-09T21:23:36.264+0000] {logging_mixin.py:188} INFO - Extracting standings: la_liga...
[2026-04-09T21:23:36.407+0000] {logging_mixin.py:188} INFO -   → 20 teams found
[2026-04-09T21:23:36.411+0000] {logging_mixin.py:188} INFO - Extracting standings: liga_portugal...
[2026-04-09T21:23:36.569+0000] {logging_mixin.py:188} INFO -   → 18 teams found
[2026-04-09T21:23:36.570+0000] {logging_mixin.py:188} INFO - 
Total: 58 extracted rows
[2026-04-09T21:23:36.571+0000] {logging_mixin.py:188} INFO - Loading to BigQuery...
[2026-04-09T21:23:40.474+0000] {logging_mixin.py:188} INFO - Loaded 58 rows into football-analytics-492122.raw.standings
[2026-04-09T21:23:40.476+0000] {python.py:201} INFO - Done. Returned value was: None
[2026-04-09T21:23:40.496+0000] {taskinstance.py:1138} INFO - Marking task as SUCCESS. dag_id=daily_football_ingestion, task_id=ingest_standings, execution_date=20260409T212333, start_date=20260409T212335, end_date=20260409T212340
[2026-04-09T21:23:40.572+0000] {local_task_job_runner.py:234} INFO - Task exited with return code 0
[2026-04-09T21:23:40.604+0000] {taskinstance.py:3280} INFO - 0 downstream tasks scheduled from follow-on schedule check
