[2026-04-09T21:04:12.921+0000] {taskinstance.py:1956} INFO - Dependencies all met for dep_context=non-requeueable deps ti=<TaskInstance: daily_football_ingestion.ingest_fixtures scheduled__2026-04-08T07:00:00+00:00 [queued]>
[2026-04-09T21:04:12.934+0000] {taskinstance.py:1956} INFO - Dependencies all met for dep_context=requeueable deps ti=<TaskInstance: daily_football_ingestion.ingest_fixtures scheduled__2026-04-08T07:00:00+00:00 [queued]>
[2026-04-09T21:04:12.934+0000] {taskinstance.py:2170} INFO - Starting attempt 1 of 2
[2026-04-09T21:04:12.966+0000] {taskinstance.py:2191} INFO - Executing <Task(PythonOperator): ingest_fixtures> on 2026-04-08 07:00:00+00:00
[2026-04-09T21:04:12.978+0000] {standard_task_runner.py:60} INFO - Started process 246 to run task
[2026-04-09T21:04:12.986+0000] {standard_task_runner.py:87} INFO - Running: ['***', 'tasks', 'run', 'daily_football_ingestion', 'ingest_fixtures', 'scheduled__2026-04-08T07:00:00+00:00', '--job-id', '2', '--raw', '--subdir', 'DAGS_FOLDER/daily_ingestion.py', '--cfg-path', '/tmp/tmp_4kk1x4w']
[2026-04-09T21:04:12.990+0000] {standard_task_runner.py:88} INFO - Job 2: Subtask ingest_fixtures
[2026-04-09T21:04:13.100+0000] {task_command.py:423} INFO - Running <TaskInstance: daily_football_ingestion.ingest_fixtures scheduled__2026-04-08T07:00:00+00:00 [running]> on host f9c54a541299
[2026-04-09T21:04:13.228+0000] {taskinstance.py:2480} INFO - Exporting env vars: AIRFLOW_CTX_DAG_OWNER='***' AIRFLOW_CTX_DAG_ID='daily_football_ingestion' AIRFLOW_CTX_TASK_ID='ingest_fixtures' AIRFLOW_CTX_EXECUTION_DATE='2026-04-08T07:00:00+00:00' AIRFLOW_CTX_TRY_NUMBER='1' AIRFLOW_CTX_DAG_RUN_ID='scheduled__2026-04-08T07:00:00+00:00'
[2026-04-09T21:04:13.231+0000] {logging_mixin.py:188} INFO - Extracting fixtures: premier_league...
[2026-04-09T21:04:14.242+0000] {logging_mixin.py:188} INFO -   → 380 fixtures found
[2026-04-09T21:04:14.243+0000] {logging_mixin.py:188} INFO - Extracting fixtures: la_liga...
[2026-04-09T21:04:15.044+0000] {logging_mixin.py:188} INFO -   → 380 fixtures found
[2026-04-09T21:04:15.046+0000] {logging_mixin.py:188} INFO - Extracting fixtures: champions_league...
[2026-04-09T21:04:15.592+0000] {logging_mixin.py:188} INFO -   → 189 fixtures found
[2026-04-09T21:04:15.594+0000] {logging_mixin.py:188} INFO - Extracting fixtures: liga_portugal...
[2026-04-09T21:04:16.226+0000] {logging_mixin.py:188} INFO -   → 306 fixtures found
[2026-04-09T21:04:16.228+0000] {logging_mixin.py:188} INFO - 
Total: 1255 extracted fixtures
[2026-04-09T21:04:16.229+0000] {logging_mixin.py:188} INFO - Loading to BigQuery...
[2026-04-09T21:04:16.231+0000] {taskinstance.py:2698} ERROR - Task failed with exception
Traceback (most recent call last):
  File "/home/airflow/.local/lib/python3.8/site-packages/airflow/models/taskinstance.py", line 433, in _execute_task
    result = execute_callable(context=context, **execute_callable_kwargs)
  File "/home/airflow/.local/lib/python3.8/site-packages/airflow/operators/python.py", line 199, in execute
    return_value = self.execute_callable()
  File "/home/airflow/.local/lib/python3.8/site-packages/airflow/operators/python.py", line 216, in execute_callable
    return self.python_callable(*self.op_args, **self.op_kwargs)
  File "/opt/airflow/ingestion/football_data_org_api/fixtures.py", line 78, in main
    load_json_to_bigquery(all_fixtures, "raw", "fixtures", SCHEMA)
  File "/opt/airflow/ingestion/utils/bigquery_client.py", line 13, in load_json_to_bigquery
    client = get_client()
  File "/opt/airflow/ingestion/utils/bigquery_client.py", line 10, in get_client
    return bigquery.Client(project="football-analytics-492122")
  File "/home/airflow/.local/lib/python3.8/site-packages/google/cloud/bigquery/client.py", line 237, in __init__
    super(Client, self).__init__(
  File "/home/airflow/.local/lib/python3.8/site-packages/google/cloud/client/__init__.py", line 321, in __init__
    Client.__init__(
  File "/home/airflow/.local/lib/python3.8/site-packages/google/cloud/client/__init__.py", line 178, in __init__
    credentials, _ = google.auth.default(scopes=scopes)
  File "/home/airflow/.local/lib/python3.8/site-packages/google/auth/_default.py", line 657, in default
    credentials, project_id = checker()
  File "/home/airflow/.local/lib/python3.8/site-packages/google/auth/_default.py", line 650, in <lambda>
    lambda: _get_explicit_environ_credentials(quota_project_id=quota_project_id),
  File "/home/airflow/.local/lib/python3.8/site-packages/google/auth/_default.py", line 270, in _get_explicit_environ_credentials
    credentials, project_id = load_credentials_from_file(
  File "/home/airflow/.local/lib/python3.8/site-packages/google/auth/_default.py", line 114, in load_credentials_from_file
    raise exceptions.DefaultCredentialsError(
google.auth.exceptions.DefaultCredentialsError: File C:\Users\João\Desktop\Data-Portfolio\football-analytics\credentials.json was not found.
[2026-04-09T21:04:16.266+0000] {taskinstance.py:1138} INFO - Marking task as UP_FOR_RETRY. dag_id=daily_football_ingestion, task_id=ingest_fixtures, execution_date=20260408T070000, start_date=20260409T210412, end_date=20260409T210416
[2026-04-09T21:04:16.290+0000] {standard_task_runner.py:107} ERROR - Failed to execute job 2 for task ingest_fixtures (File C:\Users\João\Desktop\Data-Portfolio\football-analytics\credentials.json was not found.; 246)
[2026-04-09T21:04:16.316+0000] {local_task_job_runner.py:234} INFO - Task exited with return code 1
[2026-04-09T21:04:16.366+0000] {taskinstance.py:3280} INFO - 0 downstream tasks scheduled from follow-on schedule check
[2026-04-09T21:28:05.234+0000] {taskinstance.py:1956} INFO - Dependencies all met for dep_context=non-requeueable deps ti=<TaskInstance: daily_football_ingestion.ingest_fixtures scheduled__2026-04-08T07:00:00+00:00 [queued]>
[2026-04-09T21:28:05.247+0000] {taskinstance.py:1956} INFO - Dependencies all met for dep_context=requeueable deps ti=<TaskInstance: daily_football_ingestion.ingest_fixtures scheduled__2026-04-08T07:00:00+00:00 [queued]>
[2026-04-09T21:28:05.248+0000] {taskinstance.py:2170} INFO - Starting attempt 1 of 2
[2026-04-09T21:28:05.268+0000] {taskinstance.py:2191} INFO - Executing <Task(PythonOperator): ingest_fixtures> on 2026-04-08 07:00:00+00:00
[2026-04-09T21:28:05.278+0000] {standard_task_runner.py:60} INFO - Started process 223 to run task
[2026-04-09T21:28:05.286+0000] {standard_task_runner.py:87} INFO - Running: ['***', 'tasks', 'run', 'daily_football_ingestion', 'ingest_fixtures', 'scheduled__2026-04-08T07:00:00+00:00', '--job-id', '3', '--raw', '--subdir', 'DAGS_FOLDER/daily_ingestion.py', '--cfg-path', '/tmp/tmpf137n3jw']
[2026-04-09T21:28:05.292+0000] {standard_task_runner.py:88} INFO - Job 3: Subtask ingest_fixtures
[2026-04-09T21:28:05.420+0000] {task_command.py:423} INFO - Running <TaskInstance: daily_football_ingestion.ingest_fixtures scheduled__2026-04-08T07:00:00+00:00 [running]> on host a2250537e0c4
[2026-04-09T21:28:05.556+0000] {taskinstance.py:2480} INFO - Exporting env vars: AIRFLOW_CTX_DAG_OWNER='***' AIRFLOW_CTX_DAG_ID='daily_football_ingestion' AIRFLOW_CTX_TASK_ID='ingest_fixtures' AIRFLOW_CTX_EXECUTION_DATE='2026-04-08T07:00:00+00:00' AIRFLOW_CTX_TRY_NUMBER='1' AIRFLOW_CTX_DAG_RUN_ID='scheduled__2026-04-08T07:00:00+00:00'
[2026-04-09T21:28:05.559+0000] {logging_mixin.py:188} INFO - Extracting fixtures: premier_league...
[2026-04-09T21:28:06.354+0000] {logging_mixin.py:188} INFO -   → 380 fixtures found
[2026-04-09T21:28:06.356+0000] {logging_mixin.py:188} INFO - Extracting fixtures: la_liga...
[2026-04-09T21:28:06.992+0000] {logging_mixin.py:188} INFO -   → 380 fixtures found
[2026-04-09T21:28:06.993+0000] {logging_mixin.py:188} INFO - Extracting fixtures: champions_league...
[2026-04-09T21:28:07.362+0000] {logging_mixin.py:188} INFO -   → 189 fixtures found
[2026-04-09T21:28:07.363+0000] {logging_mixin.py:188} INFO - Extracting fixtures: liga_portugal...
[2026-04-09T21:28:08.232+0000] {logging_mixin.py:188} INFO -   → 306 fixtures found
[2026-04-09T21:28:08.233+0000] {logging_mixin.py:188} INFO - 
Total: 1255 extracted fixtures
[2026-04-09T21:28:08.234+0000] {logging_mixin.py:188} INFO - Loading to BigQuery...
[2026-04-09T21:28:12.298+0000] {logging_mixin.py:188} INFO - Loaded 1255 rows into football-analytics-492122.raw.fixtures
[2026-04-09T21:28:12.299+0000] {python.py:201} INFO - Done. Returned value was: None
[2026-04-09T21:28:12.314+0000] {taskinstance.py:1138} INFO - Marking task as SUCCESS. dag_id=daily_football_ingestion, task_id=ingest_fixtures, execution_date=20260408T070000, start_date=20260409T212805, end_date=20260409T212812
[2026-04-09T21:28:12.362+0000] {local_task_job_runner.py:234} INFO - Task exited with return code 0
[2026-04-09T21:28:12.390+0000] {taskinstance.py:3280} INFO - 0 downstream tasks scheduled from follow-on schedule check
[2026-04-09T21:34:29.440+0000] {taskinstance.py:1956} INFO - Dependencies all met for dep_context=non-requeueable deps ti=<TaskInstance: daily_football_ingestion.ingest_fixtures scheduled__2026-04-08T07:00:00+00:00 [queued]>
[2026-04-09T21:34:29.468+0000] {taskinstance.py:1956} INFO - Dependencies all met for dep_context=requeueable deps ti=<TaskInstance: daily_football_ingestion.ingest_fixtures scheduled__2026-04-08T07:00:00+00:00 [queued]>
[2026-04-09T21:34:29.471+0000] {taskinstance.py:2170} INFO - Starting attempt 1 of 2
[2026-04-09T21:34:29.509+0000] {taskinstance.py:2191} INFO - Executing <Task(PythonOperator): ingest_fixtures> on 2026-04-08 07:00:00+00:00
[2026-04-09T21:34:29.529+0000] {standard_task_runner.py:60} INFO - Started process 235 to run task
[2026-04-09T21:34:29.539+0000] {standard_task_runner.py:87} INFO - Running: ['***', 'tasks', 'run', 'daily_football_ingestion', 'ingest_fixtures', 'scheduled__2026-04-08T07:00:00+00:00', '--job-id', '3', '--raw', '--subdir', 'DAGS_FOLDER/daily_ingestion.py', '--cfg-path', '/tmp/tmp72h6j5px']
[2026-04-09T21:34:29.559+0000] {standard_task_runner.py:88} INFO - Job 3: Subtask ingest_fixtures
[2026-04-09T21:34:29.823+0000] {task_command.py:423} INFO - Running <TaskInstance: daily_football_ingestion.ingest_fixtures scheduled__2026-04-08T07:00:00+00:00 [running]> on host 65c8b2919894
[2026-04-09T21:34:30.047+0000] {taskinstance.py:2480} INFO - Exporting env vars: AIRFLOW_CTX_DAG_OWNER='***' AIRFLOW_CTX_DAG_ID='daily_football_ingestion' AIRFLOW_CTX_TASK_ID='ingest_fixtures' AIRFLOW_CTX_EXECUTION_DATE='2026-04-08T07:00:00+00:00' AIRFLOW_CTX_TRY_NUMBER='1' AIRFLOW_CTX_DAG_RUN_ID='scheduled__2026-04-08T07:00:00+00:00'
[2026-04-09T21:34:30.051+0000] {logging_mixin.py:188} INFO - Extracting fixtures: premier_league...
[2026-04-09T21:34:31.285+0000] {logging_mixin.py:188} INFO -   → 380 fixtures found
[2026-04-09T21:34:31.287+0000] {logging_mixin.py:188} INFO - Extracting fixtures: la_liga...
[2026-04-09T21:34:31.937+0000] {logging_mixin.py:188} INFO -   → 380 fixtures found
[2026-04-09T21:34:31.939+0000] {logging_mixin.py:188} INFO - Extracting fixtures: champions_league...
[2026-04-09T21:34:32.320+0000] {logging_mixin.py:188} INFO -   → 189 fixtures found
[2026-04-09T21:34:32.323+0000] {logging_mixin.py:188} INFO - Extracting fixtures: liga_portugal...
[2026-04-09T21:34:32.968+0000] {logging_mixin.py:188} INFO -   → 306 fixtures found
[2026-04-09T21:34:32.969+0000] {logging_mixin.py:188} INFO - 
Total: 1255 extracted fixtures
[2026-04-09T21:34:32.970+0000] {logging_mixin.py:188} INFO - Loading to BigQuery...
[2026-04-09T21:34:36.795+0000] {logging_mixin.py:188} INFO - Loaded 1255 rows into football-analytics-492122.raw.fixtures
[2026-04-09T21:34:36.798+0000] {python.py:201} INFO - Done. Returned value was: None
[2026-04-09T21:34:36.841+0000] {taskinstance.py:1138} INFO - Marking task as SUCCESS. dag_id=daily_football_ingestion, task_id=ingest_fixtures, execution_date=20260408T070000, start_date=20260409T213429, end_date=20260409T213436
[2026-04-09T21:34:36.879+0000] {local_task_job_runner.py:234} INFO - Task exited with return code 0
[2026-04-09T21:34:36.905+0000] {taskinstance.py:3280} INFO - 0 downstream tasks scheduled from follow-on schedule check
[2026-04-09T21:42:12.091+0000] {taskinstance.py:1956} INFO - Dependencies all met for dep_context=non-requeueable deps ti=<TaskInstance: daily_football_ingestion.ingest_fixtures scheduled__2026-04-08T07:00:00+00:00 [queued]>
[2026-04-09T21:42:12.104+0000] {taskinstance.py:1956} INFO - Dependencies all met for dep_context=requeueable deps ti=<TaskInstance: daily_football_ingestion.ingest_fixtures scheduled__2026-04-08T07:00:00+00:00 [queued]>
[2026-04-09T21:42:12.105+0000] {taskinstance.py:2170} INFO - Starting attempt 1 of 2
[2026-04-09T21:42:12.136+0000] {taskinstance.py:2191} INFO - Executing <Task(PythonOperator): ingest_fixtures> on 2026-04-08 07:00:00+00:00
[2026-04-09T21:42:12.146+0000] {standard_task_runner.py:60} INFO - Started process 232 to run task
[2026-04-09T21:42:12.155+0000] {standard_task_runner.py:87} INFO - Running: ['***', 'tasks', 'run', 'daily_football_ingestion', 'ingest_fixtures', 'scheduled__2026-04-08T07:00:00+00:00', '--job-id', '4', '--raw', '--subdir', 'DAGS_FOLDER/daily_ingestion.py', '--cfg-path', '/tmp/tmp9ggmys11']
[2026-04-09T21:42:12.163+0000] {standard_task_runner.py:88} INFO - Job 4: Subtask ingest_fixtures
[2026-04-09T21:42:12.290+0000] {task_command.py:423} INFO - Running <TaskInstance: daily_football_ingestion.ingest_fixtures scheduled__2026-04-08T07:00:00+00:00 [running]> on host dfe90bf0f232
[2026-04-09T21:42:12.457+0000] {taskinstance.py:2480} INFO - Exporting env vars: AIRFLOW_CTX_DAG_OWNER='***' AIRFLOW_CTX_DAG_ID='daily_football_ingestion' AIRFLOW_CTX_TASK_ID='ingest_fixtures' AIRFLOW_CTX_EXECUTION_DATE='2026-04-08T07:00:00+00:00' AIRFLOW_CTX_TRY_NUMBER='1' AIRFLOW_CTX_DAG_RUN_ID='scheduled__2026-04-08T07:00:00+00:00'
[2026-04-09T21:42:12.462+0000] {logging_mixin.py:188} INFO - Extracting fixtures: premier_league...
[2026-04-09T21:42:13.209+0000] {logging_mixin.py:188} INFO -   → 380 fixtures found
[2026-04-09T21:42:13.210+0000] {logging_mixin.py:188} INFO - Extracting fixtures: la_liga...
[2026-04-09T21:42:13.855+0000] {logging_mixin.py:188} INFO -   → 380 fixtures found
[2026-04-09T21:42:13.857+0000] {logging_mixin.py:188} INFO - Extracting fixtures: champions_league...
[2026-04-09T21:42:14.222+0000] {logging_mixin.py:188} INFO -   → 189 fixtures found
[2026-04-09T21:42:14.223+0000] {logging_mixin.py:188} INFO - Extracting fixtures: liga_portugal...
[2026-04-09T21:42:14.833+0000] {logging_mixin.py:188} INFO -   → 306 fixtures found
[2026-04-09T21:42:14.834+0000] {logging_mixin.py:188} INFO - 
Total: 1255 extracted fixtures
[2026-04-09T21:42:14.835+0000] {logging_mixin.py:188} INFO - Loading to BigQuery...
[2026-04-09T21:42:17.895+0000] {logging_mixin.py:188} INFO - Loaded 1255 rows into football-analytics-492122.raw.fixtures
[2026-04-09T21:42:17.896+0000] {python.py:201} INFO - Done. Returned value was: None
[2026-04-09T21:42:17.910+0000] {taskinstance.py:1138} INFO - Marking task as SUCCESS. dag_id=daily_football_ingestion, task_id=ingest_fixtures, execution_date=20260408T070000, start_date=20260409T214212, end_date=20260409T214217
[2026-04-09T21:42:17.967+0000] {local_task_job_runner.py:234} INFO - Task exited with return code 0
[2026-04-09T21:42:17.996+0000] {taskinstance.py:3280} INFO - 0 downstream tasks scheduled from follow-on schedule check
